TN:
SF:/Users/nekqy/WebstormProjects/rb-nekqy/rb/tests/complexTests.spec.js
FN:,(anonymous_0)
FN:,initEach
FN:,(anonymous_2)
FN:,init
FN:,(anonymous_4)
FN:,checkComplex
FN:,(anonymous_6)
FN:,(anonymous_7)
FN:,(anonymous_8)
FN:,(anonymous_9)
FN:,(anonymous_10)
FN:,(anonymous_11)
FN:,(anonymous_12)
FN:,(anonymous_13)
FN:,(anonymous_14)
FN:,(anonymous_15)
FN:,(anonymous_16)
FN:,(anonymous_17)
FN:,(anonymous_18)
FN:,(anonymous_19)
FN:,(anonymous_20)
FN:,(anonymous_21)
FN:,(anonymous_22)
FN:,(anonymous_23)
FN:,(anonymous_24)
FN:,(anonymous_25)
FN:,(anonymous_26)
FN:,(anonymous_27)
FN:,(anonymous_28)
FN:,(anonymous_29)
FN:,(anonymous_30)
FN:,(anonymous_31)
FN:,(anonymous_32)
FN:,(anonymous_33)
FN:,(anonymous_34)
FN:,(anonymous_35)
FN:,(anonymous_36)
FN:,(anonymous_37)
FN:,(anonymous_38)
FN:,(anonymous_39)
FN:,(anonymous_40)
FN:,(anonymous_41)
FN:,(anonymous_42)
FN:,(anonymous_43)
FN:,(anonymous_44)
FN:,(anonymous_45)
FN:,(anonymous_46)
FN:,(anonymous_47)
FN:,(anonymous_48)
FN:,(anonymous_49)
FN:,(anonymous_50)
FN:,(anonymous_51)
FN:,(anonymous_52)
FN:,(anonymous_53)
FN:,(anonymous_54)
FN:,(anonymous_55)
FN:,(anonymous_56)
FN:,(anonymous_57)
FN:,(anonymous_58)
FN:,(anonymous_59)
FN:,(anonymous_60)
FN:,(anonymous_61)
FN:,(anonymous_62)
FN:,(anonymous_63)
FN:,(anonymous_64)
FN:,(anonymous_65)
FNF:66
FNH:66
FNDA:1,(anonymous_0)
FNDA:8,initEach
FNDA:8,(anonymous_2)
FNDA:8,init
FNDA:8,(anonymous_4)
FNDA:51,checkComplex
FNDA:51,(anonymous_6)
FNDA:1,(anonymous_7)
FNDA:1,(anonymous_8)
FNDA:1,(anonymous_9)
FNDA:1,(anonymous_10)
FNDA:1,(anonymous_11)
FNDA:1,(anonymous_12)
FNDA:1,(anonymous_13)
FNDA:1,(anonymous_14)
FNDA:1,(anonymous_15)
FNDA:1,(anonymous_16)
FNDA:1,(anonymous_17)
FNDA:1,(anonymous_18)
FNDA:1,(anonymous_19)
FNDA:1,(anonymous_20)
FNDA:1,(anonymous_21)
FNDA:1,(anonymous_22)
FNDA:1,(anonymous_23)
FNDA:1,(anonymous_24)
FNDA:1,(anonymous_25)
FNDA:1,(anonymous_26)
FNDA:1,(anonymous_27)
FNDA:1,(anonymous_28)
FNDA:1,(anonymous_29)
FNDA:1,(anonymous_30)
FNDA:1,(anonymous_31)
FNDA:1,(anonymous_32)
FNDA:1,(anonymous_33)
FNDA:1,(anonymous_34)
FNDA:1,(anonymous_35)
FNDA:1,(anonymous_36)
FNDA:1,(anonymous_37)
FNDA:1,(anonymous_38)
FNDA:1,(anonymous_39)
FNDA:1,(anonymous_40)
FNDA:1,(anonymous_41)
FNDA:1,(anonymous_42)
FNDA:1,(anonymous_43)
FNDA:1,(anonymous_44)
FNDA:1,(anonymous_45)
FNDA:1,(anonymous_46)
FNDA:1,(anonymous_47)
FNDA:1,(anonymous_48)
FNDA:1,(anonymous_49)
FNDA:1,(anonymous_50)
FNDA:1,(anonymous_51)
FNDA:1,(anonymous_52)
FNDA:1,(anonymous_53)
FNDA:1,(anonymous_54)
FNDA:1,(anonymous_55)
FNDA:1,(anonymous_56)
FNDA:1,(anonymous_57)
FNDA:1,(anonymous_58)
FNDA:1,(anonymous_59)
FNDA:1,(anonymous_60)
FNDA:1,(anonymous_61)
FNDA:1,(anonymous_62)
FNDA:1,(anonymous_63)
FNDA:1,(anonymous_64)
FNDA:1,(anonymous_65)
DA:1,1
DA:4,1
DA:5,1
DA:8,8
DA:9,8
DA:10,8
DA:12,8
DA:13,8
DA:14,40
DA:17,40
DA:18,10
DA:19,10
DA:20,10
DA:25,40
DA:27,8
DA:28,8
DA:29,8
DA:33,8
DA:34,8
DA:36,8
DA:41,8
DA:42,2
DA:43,3
DA:44,3
DA:49,8
DA:50,8
DA:54,51
DA:55,51
DA:56,51
DA:57,51
DA:58,51
DA:59,51
DA:60,51
DA:61,51
DA:63,51
DA:64,51
DA:65,51
DA:66,51
DA:67,51
DA:68,51
DA:69,51
DA:73,1
DA:74,1
DA:75,1
DA:79,1
DA:105,1
DA:138,1
DA:177,1
DA:222,1
DA:272,1
DA:274,1
DA:275,1
DA:276,1
DA:280,1
DA:303,1
DA:327,1
DA:351,1
DA:382,1
DA:417,1
DA:419,1
DA:420,1
DA:423,1
DA:449,1
DA:482,1
DA:521,1
DA:566,1
DA:616,1
DA:617,1
DA:620,1
DA:621,1
DA:624,1
DA:647,1
DA:671,1
DA:695,1
DA:726,1
DA:761,1
DA:762,1
DA:765,1
DA:766,1
DA:767,1
DA:771,1
DA:797,1
DA:829,1
DA:866,1
DA:909,1
DA:957,1
DA:961,1
DA:962,1
DA:963,1
DA:969,1
DA:992,1
DA:1016,1
DA:1040,1
DA:1070,1
DA:1099,1
DA:1103,1
DA:1104,1
DA:1105,1
DA:1106,1
DA:1107,1
DA:1108,1
DA:1109,1
DA:1116,1
DA:1142,1
DA:1174,1
DA:1211,1
DA:1250,1
DA:1292,1
DA:1330,1
DA:1368,1
DA:1406,1
DA:1443,1
DA:1445,1
DA:1446,1
DA:1447,1
DA:1448,1
DA:1452,1
DA:1477,1
DA:1506,1
DA:1535,1
DA:1569,1
DA:1603,1
DA:1642,1
DA:1687,1
DA:1739,1
DA:1796,1
DA:1859,1
DA:1927,1
DA:2000,1
LF:129
LH:129
BRDA:,0,0,8
BRDA:,0,1,0
BRDA:,1,0,10
BRDA:,1,1,30
BRDA:,2,0,10
BRDA:,2,1,0
BRDA:,3,0,8
BRDA:,3,1,8
BRDA:,4,0,8
BRDA:,4,1,6
BRDA:,5,0,2
BRDA:,5,1,6
BRDA:,6,0,3
BRDA:,6,1,0
BRDA:,7,0,51
BRDA:,7,1,51
BRDA:,8,0,51
BRDA:,8,1,51
BRDA:,9,0,51
BRDA:,9,1,51
BRDA:,10,0,51
BRDA:,10,1,51
BRDA:,11,0,51
BRDA:,11,1,51
BRF:24
BRH:21
end_of_record
TN:
SF:/Users/nekqy/WebstormProjects/rb-nekqy/rb/tests/core-test.js
FN:,(anonymous_0)
FN:,count
FN:,checkScreen
FN:,(anonymous_3)
FN:,nop
FN:,nopDone
FN:,checkMarkup
FN:,(anonymous_7)
FN:,checkElementsPool
FN:,(anonymous_9)
FN:,(anonymous_10)
FN:,(anonymous_11)
FN:,checkScreenManager
FN:,(anonymous_13)
FN:,checkRelativeScreens
FN:,(anonymous_15)
FN:,checkHistory
FN:,(anonymous_17)
FN:,(anonymous_18)
FN:,move
FN:,(anonymous_20)
FN:,moveBack
FN:,(anonymous_22)
FN:,configure
FN:,(anonymous_24)
FN:,setScreen
FN:,(anonymous_26)
FN:,reload
FN:,(anonymous_28)
FN:,goToScreen
FN:,(anonymous_30)
FN:,(anonymous_31)
FN:,checkError
FN:,(anonymous_33)
FNF:34
FNH:27
FNDA:4,(anonymous_0)
FNDA:0,count
FNDA:167,checkScreen
FNDA:167,(anonymous_3)
FNDA:6,nop
FNDA:9,nopDone
FNDA:13,checkMarkup
FNDA:13,(anonymous_7)
FNDA:51,checkElementsPool
FNDA:51,(anonymous_9)
FNDA:74,(anonymous_10)
FNDA:74,(anonymous_11)
FNDA:51,checkScreenManager
FNDA:51,(anonymous_13)
FNDA:51,checkRelativeScreens
FNDA:51,(anonymous_15)
FNDA:51,checkHistory
FNDA:51,(anonymous_17)
FNDA:101,(anonymous_18)
FNDA:129,move
FNDA:129,(anonymous_20)
FNDA:22,moveBack
FNDA:22,(anonymous_22)
FNDA:4,configure
FNDA:4,(anonymous_24)
FNDA:0,setScreen
FNDA:0,(anonymous_26)
FNDA:0,reload
FNDA:0,(anonymous_28)
FNDA:16,goToScreen
FNDA:16,(anonymous_30)
FNDA:2,(anonymous_31)
FNDA:0,checkError
FNDA:0,(anonymous_33)
DA:1,4
DA:5,0
DA:6,0
DA:9,167
DA:10,167
DA:11,167
DA:12,167
DA:13,0
DA:15,167
DA:21,9
DA:24,13
DA:25,13
DA:26,13
DA:27,13
DA:28,4
DA:30,13
DA:35,51
DA:36,51
DA:37,51
DA:38,51
DA:39,51
DA:40,51
DA:42,51
DA:43,51
DA:44,51
DA:45,51
DA:46,51
DA:47,74
DA:48,74
DA:51,51
DA:52,51
DA:53,51
DA:54,51
DA:55,51
DA:56,51
DA:57,51
DA:58,51
DA:59,74
DA:60,74
DA:61,74
DA:62,74
DA:63,74
DA:66,51
DA:67,51
DA:68,51
DA:69,51
DA:70,51
DA:71,51
DA:72,51
DA:73,51
DA:74,51
DA:75,51
DA:76,51
DA:80,51
DA:81,51
DA:82,51
DA:83,51
DA:84,51
DA:86,51
DA:87,51
DA:88,51
DA:89,51
DA:90,51
DA:91,51
DA:92,51
DA:93,51
DA:94,51
DA:95,51
DA:96,51
DA:97,51
DA:98,51
DA:99,51
DA:101,51
DA:105,51
DA:106,51
DA:107,51
DA:108,51
DA:110,51
DA:111,51
DA:112,51
DA:113,51
DA:114,52
DA:115,52
DA:116,52
DA:117,52
DA:118,52
DA:119,52
DA:120,52
DA:121,52
DA:122,52
DA:123,52
DA:124,52
DA:125,52
DA:128,51
DA:132,51
DA:133,51
DA:134,51
DA:135,51
DA:136,51
DA:138,51
DA:139,51
DA:140,51
DA:141,101
DA:142,101
DA:143,101
DA:144,101
DA:145,101
DA:146,101
DA:147,101
DA:148,101
DA:150,51
DA:155,129
DA:156,129
DA:157,129
DA:161,22
DA:162,22
DA:163,22
DA:164,22
DA:165,14
DA:167,8
DA:172,4
DA:173,4
DA:174,4
DA:175,4
DA:177,0
DA:178,0
DA:180,4
DA:184,0
DA:185,0
DA:186,0
DA:190,0
DA:191,0
DA:192,0
DA:193,0
DA:195,0
DA:196,0
DA:198,0
DA:202,16
DA:203,16
DA:204,16
DA:205,2
DA:206,2
DA:207,2
DA:209,2
DA:215,0
DA:216,0
DA:217,0
DA:218,0
DA:219,0
DA:221,0
DA:225,4
LF:151
LH:130
BRDA:,0,0,0
BRDA:,0,1,167
BRDA:,1,0,4
BRDA:,1,1,9
BRDA:,2,0,51
BRDA:,2,1,51
BRDA:,3,0,51
BRDA:,3,1,0
BRDA:,4,0,51
BRDA:,4,1,51
BRDA:,5,0,51
BRDA:,5,1,0
BRDA:,6,0,74
BRDA:,6,1,74
BRDA:,7,0,74
BRDA:,7,1,0
BRDA:,8,0,0
BRDA:,8,1,0
BRDA:,9,0,51
BRDA:,9,1,51
BRDA:,10,0,51
BRDA:,10,1,0
BRDA:,11,0,0
BRDA:,11,1,0
BRDA:,12,0,51
BRDA:,12,1,51
BRDA:,13,0,51
BRDA:,13,1,0
BRDA:,14,0,0
BRDA:,14,1,0
BRDA:,14,2,0
BRDA:,15,0,0
BRDA:,15,1,0
BRDA:,16,0,51
BRDA:,16,1,51
BRDA:,17,0,51
BRDA:,17,1,0
BRDA:,18,0,0
BRDA:,18,1,0
BRDA:,19,0,74
BRDA:,19,1,74
BRDA:,20,0,74
BRDA:,20,1,0
BRDA:,21,0,0
BRDA:,21,1,0
BRDA:,22,0,74
BRDA:,22,1,74
BRDA:,23,0,74
BRDA:,23,1,0
BRDA:,24,0,0
BRDA:,24,1,0
BRDA:,24,2,0
BRDA:,25,0,0
BRDA:,25,1,0
BRDA:,26,0,51
BRDA:,26,1,51
BRDA:,27,0,51
BRDA:,27,1,0
BRDA:,28,0,51
BRDA:,28,1,51
BRDA:,29,0,51
BRDA:,29,1,0
BRDA:,30,0,51
BRDA:,30,1,51
BRDA:,31,0,51
BRDA:,31,1,0
BRDA:,32,0,51
BRDA:,32,1,51
BRDA:,33,0,51
BRDA:,33,1,0
BRDA:,34,0,51
BRDA:,34,1,51
BRDA:,35,0,51
BRDA:,35,1,0
BRDA:,36,0,51
BRDA:,36,1,51
BRDA:,36,2,51
BRDA:,37,0,51
BRDA:,37,1,0
BRDA:,38,0,0
BRDA:,38,1,0
BRDA:,39,0,0
BRDA:,39,1,0
BRDA:,40,0,51
BRDA:,40,1,51
BRDA:,41,0,51
BRDA:,41,1,0
BRDA:,42,0,0
BRDA:,42,1,0
BRDA:,43,0,0
BRDA:,43,1,0
BRDA:,44,0,51
BRDA:,44,1,51
BRDA:,45,0,51
BRDA:,45,1,0
BRDA:,46,0,0
BRDA:,46,1,0
BRDA:,47,0,0
BRDA:,47,1,0
BRDA:,48,0,51
BRDA:,48,1,51
BRDA:,49,0,51
BRDA:,49,1,0
BRDA:,50,0,0
BRDA:,50,1,0
BRDA:,51,0,0
BRDA:,51,1,0
BRDA:,52,0,51
BRDA:,52,1,51
BRDA:,53,0,51
BRDA:,53,1,0
BRDA:,54,0,0
BRDA:,54,1,0
BRDA:,55,0,0
BRDA:,55,1,0
BRDA:,56,0,51
BRDA:,56,1,51
BRDA:,57,0,51
BRDA:,57,1,0
BRDA:,58,0,0
BRDA:,58,1,0
BRDA:,59,0,0
BRDA:,59,1,0
BRDA:,60,0,51
BRDA:,60,1,51
BRDA:,61,0,51
BRDA:,61,1,0
BRDA:,62,0,0
BRDA:,62,1,0
BRDA:,63,0,0
BRDA:,63,1,0
BRDA:,64,0,51
BRDA:,64,1,51
BRDA:,65,0,51
BRDA:,65,1,0
BRDA:,66,0,52
BRDA:,66,1,0
BRDA:,67,0,52
BRDA:,67,1,52
BRDA:,68,0,52
BRDA:,68,1,0
BRDA:,69,0,0
BRDA:,69,1,0
BRDA:,70,0,52
BRDA:,70,1,52
BRDA:,71,0,52
BRDA:,71,1,0
BRDA:,72,0,0
BRDA:,72,1,0
BRDA:,73,0,0
BRDA:,73,1,0
BRDA:,74,0,52
BRDA:,74,1,52
BRDA:,75,0,52
BRDA:,75,1,0
BRDA:,76,0,0
BRDA:,76,1,0
BRDA:,77,0,0
BRDA:,77,1,0
BRDA:,78,0,52
BRDA:,78,1,52
BRDA:,79,0,52
BRDA:,79,1,0
BRDA:,80,0,0
BRDA:,80,1,0
BRDA:,81,0,0
BRDA:,81,1,0
BRDA:,82,0,52
BRDA:,82,1,52
BRDA:,83,0,52
BRDA:,83,1,0
BRDA:,84,0,0
BRDA:,84,1,0
BRDA:,85,0,0
BRDA:,85,1,0
BRDA:,86,0,51
BRDA:,86,1,51
BRDA:,87,0,51
BRDA:,87,1,0
BRDA:,88,0,101
BRDA:,88,1,101
BRDA:,89,0,101
BRDA:,89,1,0
BRDA:,90,0,0
BRDA:,90,1,0
BRDA:,91,0,0
BRDA:,91,1,0
BRDA:,92,0,101
BRDA:,92,1,101
BRDA:,93,0,101
BRDA:,93,1,0
BRDA:,94,0,0
BRDA:,94,1,0
BRDA:,95,0,0
BRDA:,95,1,0
BRDA:,96,0,101
BRDA:,96,1,101
BRDA:,97,0,101
BRDA:,97,1,0
BRDA:,98,0,0
BRDA:,98,1,0
BRDA:,99,0,0
BRDA:,99,1,0
BRDA:,100,0,101
BRDA:,100,1,101
BRDA:,101,0,101
BRDA:,101,1,0
BRDA:,102,0,0
BRDA:,102,1,0
BRDA:,103,0,0
BRDA:,103,1,0
BRDA:,104,0,14
BRDA:,104,1,8
BRDA:,105,0,2
BRDA:,105,1,0
BRDA:,106,0,0
BRDA:,106,1,0
BRDA:,107,0,0
BRDA:,107,1,0
BRF:219
BRH:101
end_of_record
TN:
SF:/Users/nekqy/WebstormProjects/rb-nekqy/rb/js/main.js
FN:,(anonymous_0)
FNF:1
FNH:1
FNDA:4,(anonymous_0)
DA:6,4
DA:12,4
LF:2
LH:2
BRF:0
BRH:0
end_of_record
TN:
SF:/Users/nekqy/WebstormProjects/rb-nekqy/rb/js/screenModel.js
FN:,(anonymous_0)
FN:,ScreenModel
FN:,(anonymous_2)
FN:,(anonymous_3)
FN:,(anonymous_4)
FN:,(anonymous_5)
FN:,(anonymous_6)
FN:,(anonymous_7)
FN:,(anonymous_8)
FN:,(anonymous_9)
FN:,(anonymous_10)
FN:,(anonymous_11)
FN:,(anonymous_12)
FN:,(anonymous_13)
FN:,(anonymous_14)
FN:,(anonymous_15)
FN:,(anonymous_16)
FN:,(anonymous_17)
FN:,(anonymous_18)
FN:,(anonymous_19)
FN:,(anonymous_20)
FN:,(anonymous_21)
FN:,(anonymous_22)
FN:,(anonymous_23)
FN:,(anonymous_24)
FN:,(anonymous_25)
FN:,(anonymous_26)
FN:,(anonymous_27)
FN:,(anonymous_28)
FN:,(anonymous_29)
FN:,(anonymous_30)
FN:,(anonymous_31)
FN:,(anonymous_32)
FN:,(anonymous_33)
FN:,(anonymous_34)
FN:,(anonymous_35)
FNF:36
FNH:29
FNDA:4,(anonymous_0)
FNDA:196,ScreenModel
FNDA:7789,(anonymous_2)
FNDA:193,(anonymous_3)
FNDA:0,(anonymous_4)
FNDA:96,(anonymous_5)
FNDA:0,(anonymous_6)
FNDA:829,(anonymous_7)
FNDA:809,(anonymous_8)
FNDA:185,(anonymous_9)
FNDA:6557,(anonymous_10)
FNDA:0,(anonymous_11)
FNDA:0,(anonymous_12)
FNDA:137,(anonymous_13)
FNDA:3607,(anonymous_14)
FNDA:2138,(anonymous_15)
FNDA:0,(anonymous_16)
FNDA:275,(anonymous_17)
FNDA:196,(anonymous_18)
FNDA:196,(anonymous_19)
FNDA:8,(anonymous_20)
FNDA:2950,(anonymous_21)
FNDA:2589,(anonymous_22)
FNDA:0,(anonymous_23)
FNDA:200,(anonymous_24)
FNDA:196,(anonymous_25)
FNDA:196,(anonymous_26)
FNDA:4,(anonymous_27)
FNDA:41,(anonymous_28)
FNDA:41,(anonymous_29)
FNDA:82,(anonymous_30)
FNDA:82,(anonymous_31)
FNDA:123,(anonymous_32)
FNDA:0,(anonymous_33)
FNDA:1052,(anonymous_34)
FNDA:532,(anonymous_35)
DA:1,4
DA:32,196
DA:33,23
DA:36,196
DA:37,196
DA:41,196
DA:42,104
DA:43,104
DA:44,104
DA:45,104
DA:46,104
DA:47,104
DA:48,104
DA:49,92
DA:50,0
DA:53,196
DA:54,196
DA:56,196
DA:57,127
DA:59,196
DA:60,191
DA:62,196
DA:63,196
DA:66,196
DA:67,196
DA:68,196
DA:69,196
DA:70,196
DA:71,196
DA:72,196
DA:73,196
DA:81,4
DA:82,7789
DA:90,4
DA:91,193
DA:99,4
DA:100,0
DA:108,4
DA:109,96
DA:116,4
DA:117,0
DA:124,4
DA:125,829
DA:132,4
DA:133,809
DA:136,4
DA:137,185
DA:138,177
DA:139,0
DA:141,177
DA:142,177
DA:145,8
DA:146,0
DA:148,8
DA:149,8
DA:152,185
DA:153,80
DA:154,40
DA:155,40
DA:156,40
DA:160,185
DA:161,185
DA:164,4
DA:165,6557
DA:166,6557
DA:167,4670
DA:168,1558
DA:170,4670
DA:171,1887
DA:172,0
DA:173,0
DA:174,0
DA:175,0
DA:178,1887
DA:179,1887
DA:181,0
DA:183,6557
DA:185,4
DA:186,0
DA:187,0
DA:189,0
DA:190,0
DA:192,0
DA:194,0
DA:195,0
DA:197,0
DA:199,0
DA:200,0
DA:203,0
DA:204,0
DA:213,4
DA:214,137
DA:223,4
DA:225,3607
DA:234,4
DA:235,2138
DA:236,2138
DA:245,4
DA:246,0
DA:254,4
DA:255,275
DA:256,79
DA:257,127
DA:260,275
DA:261,275
DA:269,4
DA:270,196
DA:277,4
DA:278,196
DA:279,0
DA:281,196
DA:282,196
DA:291,4
DA:292,8
DA:301,4
DA:302,2950
DA:311,4
DA:312,2589
DA:313,2589
DA:322,4
DA:323,0
DA:331,4
DA:332,200
DA:333,4
DA:334,8
DA:337,200
DA:338,200
DA:346,4
DA:347,196
DA:354,4
DA:355,196
DA:356,0
DA:358,196
DA:359,196
DA:371,4
DA:372,4
DA:373,4
DA:374,4
DA:375,4
DA:377,4
DA:383,4
DA:384,4
DA:393,4
DA:394,41
DA:395,41
DA:402,4
DA:403,41
DA:410,4
DA:411,82
DA:418,4
DA:419,82
DA:420,123
DA:427,4
DA:428,0
DA:430,4
DA:431,1052
DA:432,532
DA:436,4
LF:158
LH:131
BRDA:,0,0,23
BRDA:,0,1,173
BRDA:,1,0,104
BRDA:,1,1,92
BRDA:,2,0,0
BRDA:,2,1,92
BRDA:,3,0,196
BRDA:,3,1,0
BRDA:,4,0,127
BRDA:,4,1,69
BRDA:,5,0,191
BRDA:,5,1,5
BRDA:,6,0,196
BRDA:,6,1,0
BRDA:,7,0,177
BRDA:,7,1,8
BRDA:,8,0,0
BRDA:,8,1,177
BRDA:,9,0,0
BRDA:,9,1,8
BRDA:,10,0,80
BRDA:,10,1,105
BRDA:,11,0,40
BRDA:,11,1,40
BRDA:,12,0,4670
BRDA:,12,1,1887
BRDA:,13,0,1558
BRDA:,13,1,3112
BRDA:,14,0,0
BRDA:,14,1,1887
BRDA:,15,0,0
BRDA:,15,1,0
BRDA:,16,0,1887
BRDA:,16,1,0
BRDA:,17,0,0
BRDA:,17,1,0
BRDA:,18,0,0
BRDA:,18,1,0
BRDA:,19,0,0
BRDA:,19,1,0
BRDA:,20,0,0
BRDA:,20,1,0
BRDA:,21,0,79
BRDA:,21,1,196
BRDA:,22,0,275
BRDA:,22,1,79
BRDA:,23,0,4
BRDA:,23,1,196
BRDA:,24,0,200
BRDA:,24,1,4
BRF:50
BRH:33
end_of_record
TN:
SF:/Users/nekqy/WebstormProjects/rb-nekqy/rb/js/errors.js
FN:,(anonymous_0)
FN:,CustomError
FN:,ArgumentError
FN:,PathNotFoundError
FN:,FatalError
FNF:5
FNH:3
FNDA:4,(anonymous_0)
FNDA:2,CustomError
FNDA:0,ArgumentError
FNDA:2,PathNotFoundError
FNDA:0,FatalError
DA:5,4
DA:8,2
DA:10,2
DA:11,2
DA:13,2
DA:14,2
DA:16,0
DA:28,0
DA:29,0
DA:31,0
DA:33,0
DA:34,0
DA:35,0
DA:37,4
DA:38,4
DA:48,2
DA:49,2
DA:50,2
DA:52,4
DA:53,4
DA:62,0
DA:63,0
DA:65,4
DA:66,4
DA:68,4
LF:25
LH:16
BRDA:,0,0,2
BRDA:,0,1,0
BRDA:,1,0,2
BRDA:,1,1,0
BRDA:,2,0,0
BRDA:,2,1,0
BRF:6
BRH:2
end_of_record
TN:
SF:/Users/nekqy/WebstormProjects/rb-nekqy/rb/js/rbManager.js
FN:,(anonymous_0)
FN:,initLayout
FN:,waitJQuery
FN:,(anonymous_3)
FN:,(anonymous_4)
FN:,timeoutFunc
FN:,remove
FN:,batchAction
FN:,configure
FN:,move
FN:,moveBack
FN:,animateWrongSide
FN:,setScreen
FN:,reload
FN:,removeAll
FNF:15
FNH:8
FNDA:4,(anonymous_0)
FNDA:180,initLayout
FNDA:180,waitJQuery
FNDA:180,(anonymous_3)
FNDA:180,(anonymous_4)
FNDA:180,timeoutFunc
FNDA:41,remove
FNDA:0,batchAction
FNDA:0,configure
FNDA:0,move
FNDA:0,moveBack
FNDA:0,animateWrongSide
FNDA:0,setScreen
FNDA:0,reload
FNDA:41,removeAll
DA:1,4
DA:21,180
DA:22,180
DA:23,180
DA:27,180
DA:28,180
DA:29,180
DA:31,180
DA:32,180
DA:33,180
DA:35,180
DA:36,41
DA:38,41
DA:39,41
DA:40,41
DA:42,41
DA:50,180
DA:51,180
DA:57,180
DA:58,0
DA:60,180
DA:64,180
DA:74,41
DA:75,41
DA:76,41
DA:81,0
DA:82,0
DA:83,0
DA:84,0
DA:85,0
DA:88,0
DA:98,0
DA:109,0
DA:118,0
DA:130,0
DA:142,0
DA:153,0
DA:161,41
DA:162,41
DA:171,4
DA:185,4
LF:41
LH:28
BRDA:,0,0,180
BRDA:,0,1,0
BRDA:,1,0,180
BRDA:,1,1,180
BRDA:,1,2,0
BRDA:,2,0,41
BRDA:,2,1,139
BRDA:,3,0,41
BRDA:,3,1,0
BRDA:,4,0,180
BRDA:,4,1,180
BRDA:,5,0,0
BRDA:,5,1,180
BRDA:,6,0,41
BRDA:,6,1,0
BRDA:,7,0,0
BRDA:,7,1,0
BRF:17
BRH:10
end_of_record
TN:
SF:/Users/nekqy/WebstormProjects/rb-nekqy/rb/js/moving.js
FN:,(anonymous_0)
FN:,Moving
FN:,(anonymous_2)
FN:,(anonymous_3)
FN:,(anonymous_4)
FN:,(anonymous_5)
FN:,(anonymous_6)
FN:,(anonymous_7)
FN:,(anonymous_8)
FN:,(anonymous_9)
FN:,(anonymous_10)
FN:,(anonymous_11)
FN:,(anonymous_12)
FN:,(anonymous_13)
FN:,(anonymous_14)
FN:,(anonymous_15)
FN:,(anonymous_16)
FN:,(anonymous_17)
FN:,check
FN:,(anonymous_19)
FN:,(anonymous_20)
FN:,(anonymous_21)
FN:,(anonymous_22)
FN:,(anonymous_23)
FN:,(anonymous_24)
FN:,(anonymous_25)
FN:,afterRender
FN:,(anonymous_27)
FN:,(anonymous_28)
FN:,(anonymous_29)
FN:,(anonymous_30)
FN:,(anonymous_31)
FN:,firstStep
FN:,(anonymous_33)
FN:,nextStep
FN:,(anonymous_35)
FN:,(anonymous_36)
FN:,(anonymous_37)
FN:,(anonymous_38)
FN:,(anonymous_39)
FN:,(anonymous_40)
FNF:41
FNH:28
FNDA:4,(anonymous_0)
FNDA:41,Moving
FNDA:0,(anonymous_2)
FNDA:41,(anonymous_3)
FNDA:829,(anonymous_4)
FNDA:809,(anonymous_5)
FNDA:1090,(anonymous_6)
FNDA:1070,(anonymous_7)
FNDA:85,(anonymous_8)
FNDA:0,(anonymous_9)
FNDA:0,(anonymous_10)
FNDA:0,(anonymous_11)
FNDA:163,(anonymous_12)
FNDA:562,(anonymous_13)
FNDA:562,(anonymous_14)
FNDA:18,(anonymous_15)
FNDA:159,(anonymous_16)
FNDA:0,(anonymous_17)
FNDA:0,check
FNDA:0,(anonymous_19)
FNDA:22,(anonymous_20)
FNDA:0,(anonymous_21)
FNDA:385,(anonymous_22)
FNDA:310,(anonymous_23)
FNDA:0,(anonymous_24)
FNDA:559,(anonymous_25)
FNDA:559,afterRender
FNDA:559,(anonymous_27)
FNDA:0,(anonymous_28)
FNDA:559,(anonymous_29)
FNDA:559,(anonymous_30)
FNDA:16,(anonymous_31)
FNDA:16,firstStep
FNDA:16,(anonymous_33)
FNDA:50,nextStep
FNDA:34,(anonymous_35)
FNDA:34,(anonymous_36)
FNDA:0,(anonymous_37)
FNDA:0,(anonymous_38)
FNDA:41,(anonymous_39)
FNDA:0,(anonymous_40)
DA:1,4
DA:5,4
DA:15,41
DA:16,41
DA:18,0
DA:26,41
DA:32,41
DA:38,41
DA:39,41
DA:40,41
DA:41,41
DA:42,41
DA:43,41
DA:44,0
DA:47,41
DA:52,41
DA:54,41
DA:55,41
DA:56,41
DA:61,41
DA:63,41
DA:64,0
DA:65,0
DA:68,41
DA:70,41
DA:71,41
DA:78,4
DA:79,41
DA:107,829
DA:110,829
DA:113,809
DA:116,809
DA:120,1090
DA:121,193
DA:122,193
DA:124,897
DA:125,202
DA:126,202
DA:128,695
DA:129,695
DA:130,436
DA:131,436
DA:136,1070
DA:137,160
DA:138,160
DA:140,910
DA:141,218
DA:142,218
DA:144,692
DA:145,692
DA:146,436
DA:147,436
DA:233,4
DA:234,85
DA:236,85
DA:237,0
DA:240,85
DA:241,85
DA:242,85
DA:243,85
DA:245,85
DA:246,41
DA:247,44
DA:248,0
DA:251,85
DA:252,85
DA:253,85
DA:255,85
DA:256,85
DA:257,41
DA:262,85
DA:263,44
DA:273,4
DA:274,0
DA:281,4
DA:282,0
DA:292,4
DA:293,163
DA:294,163
DA:295,163
DA:296,163
DA:302,4
DA:303,562
DA:305,562
DA:306,0
DA:309,562
DA:311,562
DA:313,562
DA:314,18
DA:315,18
DA:316,18
DA:322,544
DA:323,385
DA:324,385
DA:325,385
DA:329,159
DA:330,159
DA:331,105
DA:332,105
DA:335,159
DA:336,159
DA:338,159
DA:339,159
DA:340,156
DA:347,0
DA:351,4
DA:354,0
DA:355,0
DA:356,0
DA:358,0
DA:360,0
DA:362,0
DA:366,0
DA:367,0
DA:368,0
DA:369,0
DA:370,0
DA:378,4
DA:379,22
DA:380,22
DA:382,14
DA:383,14
DA:384,14
DA:385,14
DA:386,14
DA:387,6
DA:388,8
DA:389,0
DA:390,8
DA:391,0
DA:392,8
DA:393,8
DA:395,0
DA:397,14
DA:398,14
DA:401,14
DA:402,14
DA:403,14
DA:409,8
DA:419,4
DA:420,0
DA:430,4
DA:431,385
DA:432,385
DA:438,4
DA:439,310
DA:449,4
DA:450,0
DA:451,0
DA:452,0
DA:453,0
DA:456,4
DA:457,559
DA:458,559
DA:461,559
DA:462,559
DA:463,559
DA:464,0
DA:465,0
DA:467,559
DA:470,559
DA:471,559
DA:473,559
DA:474,559
DA:475,559
DA:477,559
DA:478,559
DA:479,0
DA:480,0
DA:481,0
DA:485,559
DA:486,559
DA:487,559
DA:497,4
DA:498,559
DA:507,4
DA:509,16
DA:510,16
DA:514,50
DA:515,2
DA:516,2
DA:517,2
DA:519,48
DA:520,14
DA:521,14
DA:522,14
DA:524,34
DA:525,0
DA:526,0
DA:527,0
DA:530,34
DA:531,34
DA:534,34
DA:535,17
DA:536,17
DA:537,15
DA:538,2
DA:539,2
DA:540,0
DA:541,0
DA:543,0
DA:544,0
DA:547,34
DA:549,34
DA:550,34
DA:551,34
DA:553,34
DA:556,34
DA:558,16
DA:559,16
DA:560,16
DA:561,16
DA:563,16
DA:571,4
DA:572,0
DA:573,0
DA:575,0
DA:583,4
DA:584,0
DA:585,0
DA:586,0
DA:587,0
DA:595,4
DA:596,41
DA:598,41
DA:599,0
DA:602,41
DA:603,41
DA:604,41
DA:605,41
DA:606,41
DA:607,41
DA:608,41
DA:609,41
DA:610,41
DA:611,41
DA:612,41
DA:613,41
DA:614,41
DA:615,41
DA:617,41
DA:618,41
DA:621,4
LF:243
LH:194
BRDA:,0,0,41
BRDA:,0,1,0
BRDA:,1,0,0
BRDA:,1,1,41
BRDA:,2,0,41
BRDA:,2,1,41
BRDA:,3,0,0
BRDA:,3,1,0
BRDA:,4,0,0
BRDA:,4,1,0
BRDA:,5,0,193
BRDA:,5,1,897
BRDA:,6,0,202
BRDA:,6,1,695
BRDA:,7,0,436
BRDA:,7,1,259
BRDA:,8,0,160
BRDA:,8,1,910
BRDA:,9,0,218
BRDA:,9,1,692
BRDA:,10,0,436
BRDA:,10,1,256
BRDA:,11,0,0
BRDA:,11,1,85
BRDA:,12,0,41
BRDA:,12,1,44
BRDA:,13,0,0
BRDA:,13,1,44
BRDA:,14,0,85
BRDA:,14,1,0
BRDA:,15,0,41
BRDA:,15,1,44
BRDA:,16,0,44
BRDA:,16,1,41
BRDA:,17,0,163
BRDA:,17,1,0
BRDA:,18,0,0
BRDA:,18,1,562
BRDA:,19,0,562
BRDA:,19,1,0
BRDA:,20,0,18
BRDA:,20,1,544
BRDA:,21,0,18
BRDA:,21,1,0
BRDA:,22,0,385
BRDA:,22,1,159
BRDA:,23,0,159
BRDA:,23,1,0
BRDA:,24,0,105
BRDA:,24,1,54
BRDA:,25,0,159
BRDA:,25,1,111
BRDA:,26,0,156
BRDA:,26,1,3
BRDA:,27,0,0
BRDA:,27,1,0
BRDA:,28,0,0
BRDA:,28,1,0
BRDA:,29,0,0
BRDA:,29,1,0
BRDA:,30,0,0
BRDA:,30,1,0
BRDA:,31,0,0
BRDA:,31,1,0
BRDA:,32,0,14
BRDA:,32,1,8
BRDA:,33,0,6
BRDA:,33,1,8
BRDA:,34,0,14
BRDA:,34,1,6
BRDA:,35,0,0
BRDA:,35,1,8
BRDA:,36,0,8
BRDA:,36,1,0
BRDA:,37,0,0
BRDA:,37,1,8
BRDA:,38,0,8
BRDA:,38,1,0
BRDA:,39,0,8
BRDA:,39,1,0
BRDA:,40,0,8
BRDA:,40,1,8
BRDA:,41,0,14
BRDA:,41,1,0
BRDA:,42,0,14
BRDA:,42,1,0
BRDA:,43,0,0
BRDA:,43,1,0
BRDA:,44,0,0
BRDA:,44,1,559
BRDA:,45,0,0
BRDA:,45,1,0
BRDA:,46,0,559
BRDA:,46,1,0
BRDA:,47,0,2
BRDA:,47,1,48
BRDA:,48,0,14
BRDA:,48,1,34
BRDA:,49,0,0
BRDA:,49,1,34
BRDA:,50,0,17
BRDA:,50,1,17
BRDA:,51,0,15
BRDA:,51,1,2
BRDA:,52,0,2
BRDA:,52,1,0
BRDA:,53,0,0
BRDA:,53,1,0
BRDA:,54,0,0
BRDA:,54,1,0
BRDA:,55,0,0
BRDA:,55,1,0
BRF:112
BRH:67
end_of_record
TN:
SF:/Users/nekqy/WebstormProjects/rb-nekqy/rb/js/IPlugin.js
FN:,(anonymous_0)
FN:,IPlugin
FN:,(anonymous_2)
FN:,(anonymous_3)
FN:,(anonymous_4)
FNF:5
FNH:1
FNDA:4,(anonymous_0)
FNDA:0,IPlugin
FNDA:0,(anonymous_2)
FNDA:0,(anonymous_3)
FNDA:0,(anonymous_4)
DA:1,4
DA:19,4
DA:20,0
DA:27,4
DA:28,0
DA:36,4
DA:37,0
DA:40,4
LF:8
LH:5
BRF:0
BRH:0
end_of_record
TN:
SF:/Users/nekqy/WebstormProjects/rb-nekqy/rb/js/utils.js
FN:,(anonymous_0)
FN:,oppositeSide
FN:,getStartSide
FN:,capitalizeFirstLetter
FN:,setMixin
FN:,inherite
FN:,nop
FN:,mobileCheck
FN:,(anonymous_8)
FN:,(anonymous_9)
FNF:10
FNH:7
FNDA:4,(anonymous_0)
FNDA:481,oppositeSide
FNDA:399,getStartSide
FNDA:0,capitalizeFirstLetter
FNDA:0,setMixin
FNDA:32,inherite
FNDA:559,nop
FNDA:4,mobileCheck
FNDA:4,(anonymous_8)
FNDA:0,(anonymous_9)
DA:5,4
DA:15,481
DA:16,338
DA:17,162
DA:18,84
DA:19,0
DA:20,0
DA:29,399
DA:30,279
DA:31,141
DA:32,67
DA:33,0
DA:34,0
DA:43,0
DA:52,0
DA:53,0
DA:54,0
DA:65,32
DA:66,32
DA:81,4
DA:82,4
DA:83,4
DA:86,4
DA:87,0
DA:88,0
DA:89,0
DA:91,0
DA:92,0
DA:94,0
DA:95,0
DA:96,0
DA:99,0
DA:100,0
DA:101,0
DA:102,0
DA:105,0
DA:109,4
LF:37
LH:16
BRDA:,0,0,143
BRDA:,0,1,338
BRDA:,1,0,176
BRDA:,1,1,162
BRDA:,2,0,78
BRDA:,2,1,84
BRDA:,3,0,84
BRDA:,3,1,0
BRDA:,4,0,0
BRDA:,4,1,0
BRDA:,5,0,120
BRDA:,5,1,279
BRDA:,6,0,138
BRDA:,6,1,141
BRDA:,7,0,74
BRDA:,7,1,67
BRDA:,8,0,67
BRDA:,8,1,0
BRDA:,9,0,0
BRDA:,9,1,0
BRDA:,10,0,0
BRDA:,10,1,0
BRDA:,11,0,0
BRDA:,11,1,4
BRDA:,12,0,4
BRDA:,12,1,4
BRDA:,13,0,4
BRDA:,13,1,0
BRDA:,13,2,0
BRDA:,14,0,0
BRDA:,14,1,4
BRDA:,15,0,0
BRDA:,15,1,0
BRDA:,16,0,0
BRDA:,16,1,0
BRDA:,17,0,0
BRDA:,17,1,0
BRF:37
BRH:19
end_of_record
TN:
SF:/Users/nekqy/WebstormProjects/rb-nekqy/rb/js/animation.js
FN:,(anonymous_0)
FN:,Animation
FN:,(anonymous_2)
FN:,fixTime
FN:,(anonymous_4)
FN:,(anonymous_5)
FN:,(anonymous_6)
FN:,(anonymous_7)
FN:,wrongAnimate
FN:,(anonymous_9)
FN:,(anonymous_10)
FN:,(anonymous_11)
FN:,(anonymous_12)
FN:,(anonymous_13)
FN:,(anonymous_14)
FN:,(anonymous_15)
FN:,(anonymous_16)
FN:,(anonymous_17)
FN:,(anonymous_18)
FN:,correctAnimate
FN:,(anonymous_20)
FN:,(anonymous_21)
FN:,(anonymous_22)
FN:,(anonymous_23)
FN:,(anonymous_24)
FN:,(anonymous_25)
FN:,(anonymous_26)
FNF:27
FNH:26
FNDA:4,(anonymous_0)
FNDA:41,Animation
FNDA:85,(anonymous_2)
FNDA:243,fixTime
FNDA:399,(anonymous_4)
FNDA:177,(anonymous_5)
FNDA:18,(anonymous_6)
FNDA:18,(anonymous_7)
FNDA:54,wrongAnimate
FNDA:54,(anonymous_9)
FNDA:27,(anonymous_10)
FNDA:27,(anonymous_11)
FNDA:18,(anonymous_12)
FNDA:0,(anonymous_13)
FNDA:18,(anonymous_14)
FNDA:9,(anonymous_15)
FNDA:18,(anonymous_16)
FNDA:159,(anonymous_17)
FNDA:159,(anonymous_18)
FNDA:318,correctAnimate
FNDA:318,(anonymous_20)
FNDA:315,(anonymous_21)
FNDA:159,(anonymous_22)
FNDA:159,(anonymous_23)
FNDA:156,(anonymous_24)
FNDA:385,(anonymous_25)
FNDA:41,(anonymous_26)
DA:1,4
DA:13,41
DA:15,41
DA:16,41
DA:18,0
DA:21,4
DA:27,4
DA:29,243
DA:30,243
DA:32,0
DA:33,0
DA:35,0
DA:40,85
DA:41,85
DA:42,81
DA:44,85
DA:45,81
DA:47,85
DA:48,81
DA:50,85
DA:51,41
DA:53,85
DA:54,41
DA:56,85
DA:57,41
DA:59,85
DA:60,41
DA:65,4
DA:67,399
DA:69,399
DA:70,399
DA:71,399
DA:78,399
DA:81,4
DA:82,177
DA:83,3
DA:84,3
DA:85,3
DA:86,3
DA:87,3
DA:88,3
DA:89,3
DA:91,177
DA:92,177
DA:93,177
DA:94,177
DA:95,177
DA:96,177
DA:97,177
DA:105,4
DA:106,18
DA:107,18
DA:108,18
DA:109,18
DA:110,18
DA:111,18
DA:113,18
DA:115,54
DA:116,54
DA:117,54
DA:118,54
DA:119,54
DA:121,27
DA:122,27
DA:127,18
DA:133,18
DA:135,18
DA:136,5
DA:137,5
DA:139,13
DA:140,5
DA:141,5
DA:143,8
DA:144,5
DA:145,5
DA:147,3
DA:148,3
DA:149,3
DA:152,18
DA:153,18
DA:154,18
DA:156,0
DA:158,18
DA:159,18
DA:161,9
DA:164,18
DA:165,18
DA:166,18
DA:176,4
DA:177,159
DA:178,159
DA:179,159
DA:180,159
DA:181,159
DA:183,159
DA:185,318
DA:186,318
DA:187,318
DA:188,318
DA:189,318
DA:191,315
DA:195,159
DA:200,159
DA:202,159
DA:203,48
DA:204,48
DA:206,111
DA:207,57
DA:208,57
DA:210,54
DA:211,27
DA:212,27
DA:214,27
DA:215,27
DA:216,27
DA:219,159
DA:220,159
DA:221,159
DA:223,159
DA:226,159
DA:227,156
DA:228,156
DA:237,4
DA:238,385
DA:239,385
DA:246,4
DA:247,41
DA:248,41
DA:249,41
DA:250,41
DA:251,41
DA:252,41
DA:255,4
LF:133
LH:128
BRDA:,0,0,41
BRDA:,0,1,0
BRDA:,1,0,243
BRDA:,1,1,0
BRDA:,2,0,243
BRDA:,2,1,0
BRDA:,3,0,0
BRDA:,3,1,0
BRDA:,4,0,85
BRDA:,4,1,0
BRDA:,5,0,81
BRDA:,5,1,4
BRDA:,6,0,81
BRDA:,6,1,4
BRDA:,7,0,81
BRDA:,7,1,4
BRDA:,8,0,41
BRDA:,8,1,44
BRDA:,9,0,41
BRDA:,9,1,44
BRDA:,10,0,41
BRDA:,10,1,44
BRDA:,11,0,41
BRDA:,11,1,44
BRDA:,12,0,399
BRDA:,12,1,372
BRDA:,13,0,3
BRDA:,13,1,174
BRDA:,14,0,3
BRDA:,14,1,3
BRDA:,15,0,3
BRDA:,15,1,3
BRDA:,16,0,3
BRDA:,16,1,0
BRDA:,17,0,3
BRDA:,17,1,0
BRDA:,18,0,3
BRDA:,18,1,0
BRDA:,19,0,54
BRDA:,19,1,0
BRDA:,20,0,54
BRDA:,20,1,36
BRDA:,21,0,27
BRDA:,21,1,0
BRDA:,22,0,27
BRDA:,22,1,27
BRDA:,23,0,5
BRDA:,23,1,13
BRDA:,24,0,5
BRDA:,24,1,8
BRDA:,25,0,5
BRDA:,25,1,3
BRDA:,26,0,3
BRDA:,26,1,0
BRDA:,27,0,18
BRDA:,27,1,0
BRDA:,28,0,318
BRDA:,28,1,159
BRDA:,29,0,315
BRDA:,29,1,315
BRDA:,30,0,48
BRDA:,30,1,111
BRDA:,31,0,57
BRDA:,31,1,54
BRDA:,32,0,27
BRDA:,32,1,27
BRDA:,33,0,27
BRDA:,33,1,0
BRDA:,34,0,159
BRDA:,34,1,0
BRDA:,35,0,41
BRDA:,35,1,32
BRDA:,36,0,41
BRDA:,36,1,32
BRDA:,37,0,41
BRDA:,37,1,8
BRDA:,38,0,41
BRDA:,38,1,8
BRDA:,39,0,41
BRDA:,39,1,8
BRDA:,40,0,41
BRDA:,40,1,40
BRF:82
BRH:67
end_of_record
TN:
SF:/Users/nekqy/WebstormProjects/rb-nekqy/rb/vendor/jquery.easing.js
FN:,getXHR
FN:,(anonymous_1)
FN:,init
FN:,(anonymous_3)
FN:,(anonymous_4)
FN:,(anonymous_5)
FN:,(anonymous_6)
FN:,(anonymous_7)
FN:,(anonymous_8)
FN:,(anonymous_9)
FN:,(anonymous_10)
FN:,(anonymous_11)
FN:,(anonymous_12)
FN:,(anonymous_13)
FN:,(anonymous_14)
FN:,(anonymous_15)
FN:,(anonymous_16)
FN:,(anonymous_17)
FN:,(anonymous_18)
FN:,(anonymous_19)
FN:,(anonymous_20)
FN:,(anonymous_21)
FN:,(anonymous_22)
FN:,(anonymous_23)
FN:,(anonymous_24)
FN:,(anonymous_25)
FN:,(anonymous_26)
FN:,(anonymous_27)
FN:,(anonymous_28)
FN:,(anonymous_29)
FN:,(anonymous_30)
FN:,(anonymous_31)
FN:,(anonymous_32)
FN:,(anonymous_33)
FNF:34
FNH:4
FNDA:0,getXHR
FNDA:0,(anonymous_1)
FNDA:4,init
FNDA:0,(anonymous_3)
FNDA:0,(anonymous_4)
FNDA:0,(anonymous_5)
FNDA:0,(anonymous_6)
FNDA:0,(anonymous_7)
FNDA:0,(anonymous_8)
FNDA:0,(anonymous_9)
FNDA:0,(anonymous_10)
FNDA:0,(anonymous_11)
FNDA:0,(anonymous_12)
FNDA:0,(anonymous_13)
FNDA:0,(anonymous_14)
FNDA:0,(anonymous_15)
FNDA:0,(anonymous_16)
FNDA:0,(anonymous_17)
FNDA:0,(anonymous_18)
FNDA:66,(anonymous_19)
FNDA:1001,(anonymous_20)
FNDA:0,(anonymous_21)
FNDA:0,(anonymous_22)
FNDA:0,(anonymous_23)
FNDA:0,(anonymous_24)
FNDA:0,(anonymous_25)
FNDA:98,(anonymous_26)
FNDA:0,(anonymous_27)
FNDA:0,(anonymous_28)
FNDA:0,(anonymous_29)
FNDA:0,(anonymous_30)
FNDA:0,(anonymous_31)
FNDA:0,(anonymous_32)
FNDA:0,(anonymous_33)
DA:1,4
DA:2,4
DA:6,0
DA:7,0
DA:9,0
DA:10,0
DA:12,0
DA:16,0
DA:17,0
DA:20,0
DA:22,0
DA:23,0
DA:24,0
DA:25,0
DA:26,0
DA:27,0
DA:29,0
DA:30,0
DA:31,0
DA:35,0
DA:76,4
DA:79,4
DA:84,0
DA:87,0
DA:90,0
DA:93,0
DA:94,0
DA:97,0
DA:100,0
DA:103,0
DA:104,0
DA:107,0
DA:110,0
DA:113,0
DA:114,0
DA:117,0
DA:120,0
DA:123,0
DA:124,0
DA:127,0
DA:130,0
DA:133,0
DA:136,66
DA:139,1001
DA:142,0
DA:143,0
DA:144,0
DA:145,0
DA:148,0
DA:151,0
DA:154,0
DA:155,0
DA:158,0
DA:159,0
DA:160,0
DA:161,0
DA:162,0
DA:165,98
DA:166,98
DA:167,17
DA:168,17
DA:169,17
DA:172,0
DA:173,0
DA:174,0
DA:175,0
DA:176,0
DA:177,0
DA:180,0
DA:181,0
DA:184,0
DA:185,0
DA:188,0
DA:189,0
DA:190,0
DA:193,0
DA:196,0
DA:197,0
DA:198,0
DA:199,0
DA:200,0
DA:201,0
DA:203,0
DA:207,0
DA:208,0
LF:85
LH:11
BRDA:,0,0,4
BRDA:,0,1,0
BRDA:,1,0,0
BRDA:,1,1,0
BRDA:,2,0,0
BRDA:,2,1,0
BRDA:,3,0,0
BRDA:,3,1,0
BRDA:,4,0,0
BRDA:,4,1,0
BRDA:,5,0,4
BRDA:,5,1,4
BRDA:,6,0,0
BRDA:,6,1,0
BRDA:,7,0,0
BRDA:,7,1,0
BRDA:,8,0,0
BRDA:,8,1,0
BRDA:,9,0,0
BRDA:,9,1,0
BRDA:,10,0,27
BRDA:,10,1,39
BRDA:,11,0,315
BRDA:,11,1,686
BRDA:,12,0,0
BRDA:,12,1,0
BRDA:,13,0,0
BRDA:,13,1,0
BRDA:,14,0,0
BRDA:,14,1,0
BRDA:,15,0,0
BRDA:,15,1,0
BRDA:,16,0,0
BRDA:,16,1,0
BRDA:,17,0,0
BRDA:,17,1,0
BRDA:,18,0,0
BRDA:,18,1,0
BRDA:,19,0,0
BRDA:,19,1,0
BRDA:,20,0,54
BRDA:,20,1,44
BRDA:,21,0,27
BRDA:,21,1,17
BRDA:,22,0,17
BRDA:,22,1,0
BRDA:,23,0,0
BRDA:,23,1,17
BRDA:,24,0,0
BRDA:,24,1,0
BRDA:,25,0,0
BRDA:,25,1,0
BRDA:,26,0,0
BRDA:,26,1,0
BRDA:,27,0,0
BRDA:,27,1,0
BRDA:,28,0,0
BRDA:,28,1,0
BRDA:,29,0,0
BRDA:,29,1,0
BRDA:,30,0,0
BRDA:,30,1,0
BRDA:,31,0,0
BRDA:,31,1,0
BRDA:,32,0,0
BRDA:,32,1,0
BRDA:,33,0,0
BRDA:,33,1,0
BRDA:,34,0,0
BRDA:,34,1,0
BRDA:,35,0,0
BRDA:,35,1,0
BRDA:,36,0,0
BRDA:,36,1,0
BRF:74
BRH:13
end_of_record
TN:
SF:/Users/nekqy/WebstormProjects/rb-nekqy/rb/js/screenManager.js
FN:,(anonymous_0)
FN:,ScreenManager
FN:,(anonymous_2)
FN:,(anonymous_3)
FN:,(anonymous_4)
FN:,(anonymous_5)
FN:,(anonymous_6)
FN:,(anonymous_7)
FN:,(anonymous_8)
FN:,(anonymous_9)
FN:,(anonymous_10)
FN:,(anonymous_11)
FN:,(anonymous_12)
FN:,(anonymous_13)
FN:,findPaths
FN:,(anonymous_15)
FN:,(anonymous_16)
FN:,extractShortest
FN:,(anonymous_18)
FNF:19
FNH:18
FNDA:4,(anonymous_0)
FNDA:41,ScreenManager
FNDA:85,(anonymous_2)
FNDA:721,(anonymous_3)
FNDA:3360,(anonymous_4)
FNDA:207,(anonymous_5)
FNDA:266,(anonymous_6)
FNDA:2726,(anonymous_7)
FNDA:880,(anonymous_8)
FNDA:0,(anonymous_9)
FNDA:22,(anonymous_10)
FNDA:11,(anonymous_11)
FNDA:16,(anonymous_12)
FNDA:16,(anonymous_13)
FNDA:16,findPaths
FNDA:138,(anonymous_15)
FNDA:58,(anonymous_16)
FNDA:14,extractShortest
FNDA:41,(anonymous_18)
DA:1,4
DA:11,41
DA:12,41
DA:13,41
DA:14,41
DA:15,41
DA:17,4
DA:23,4
DA:24,85
DA:25,85
DA:26,46
DA:27,46
DA:29,0
DA:32,85
DA:33,41
DA:35,85
DA:36,42
DA:38,85
DA:39,41
DA:41,85
DA:42,41
DA:44,85
DA:45,41
DA:47,85
DA:48,41
DA:54,4
DA:55,721
DA:56,721
DA:57,562
DA:58,41
DA:60,562
DA:61,159
DA:62,159
DA:63,159
DA:66,159
DA:67,159
DA:68,159
DA:72,721
DA:73,145
DA:79,145
DA:80,12
DA:84,721
DA:87,4
DA:88,3360
DA:89,0
DA:91,3360
DA:92,0
DA:95,3360
DA:96,3360
DA:97,43
DA:100,3360
DA:101,385
DA:102,2975
DA:103,693
DA:104,2282
DA:105,782
DA:106,1500
DA:107,720
DA:108,780
DA:109,780
DA:111,0
DA:113,4
DA:114,207
DA:115,0
DA:117,207
DA:118,0
DA:120,207
DA:121,0
DA:124,207
DA:125,207
DA:126,20
DA:129,207
DA:131,4
DA:132,266
DA:133,0
DA:135,266
DA:137,266
DA:138,66
DA:141,266
DA:142,1
DA:144,266
DA:145,76
DA:147,266
DA:148,76
DA:150,266
DA:151,76
DA:160,4
DA:161,2726
DA:169,4
DA:170,880
DA:176,4
DA:177,0
DA:184,4
DA:185,22
DA:186,22
DA:187,14
DA:188,14
DA:190,8
DA:191,8
DA:193,22
DA:195,4
DA:196,11
DA:197,16
DA:208,4
DA:210,16
DA:211,16
DA:212,16
DA:215,16
DA:216,138
DA:217,138
DA:220,16
DA:222,16
DA:223,170
DA:225,154
DA:226,58
DA:229,154
DA:230,154
DA:231,154
DA:232,154
DA:235,154
DA:236,154
DA:241,0
DA:248,154
DA:250,154
DA:251,808
DA:252,808
DA:253,808
DA:255,808
DA:256,138
DA:257,138
DA:258,138
DA:263,16
DA:264,2
DA:266,14
DA:270,14
DA:271,14
DA:273,14
DA:274,48
DA:275,48
DA:278,14
DA:279,14
DA:282,16
DA:283,16
DA:284,16
DA:291,4
DA:292,41
DA:293,41
DA:294,41
DA:295,41
DA:298,4
LF:150
LH:140
BRDA:,0,0,85
BRDA:,0,1,0
BRDA:,1,0,46
BRDA:,1,1,39
BRDA:,2,0,46
BRDA:,2,1,0
BRDA:,3,0,46
BRDA:,3,1,46
BRDA:,4,0,41
BRDA:,4,1,44
BRDA:,5,0,42
BRDA:,5,1,43
BRDA:,6,0,41
BRDA:,6,1,44
BRDA:,7,0,41
BRDA:,7,1,44
BRDA:,8,0,41
BRDA:,8,1,44
BRDA:,9,0,41
BRDA:,9,1,44
BRDA:,10,0,562
BRDA:,10,1,159
BRDA:,11,0,41
BRDA:,11,1,521
BRDA:,12,0,159
BRDA:,12,1,0
BRDA:,13,0,159
BRDA:,13,1,0
BRDA:,14,0,145
BRDA:,14,1,576
BRDA:,15,0,721
BRDA:,15,1,200
BRDA:,16,0,12
BRDA:,16,1,133
BRDA:,17,0,0
BRDA:,17,1,3360
BRDA:,18,0,0
BRDA:,18,1,3360
BRDA:,19,0,43
BRDA:,19,1,3317
BRDA:,20,0,385
BRDA:,20,1,2975
BRDA:,21,0,693
BRDA:,21,1,2282
BRDA:,22,0,693
BRDA:,22,1,492
BRDA:,23,0,782
BRDA:,23,1,1500
BRDA:,24,0,782
BRDA:,24,1,714
BRDA:,25,0,720
BRDA:,25,1,780
BRDA:,26,0,720
BRDA:,26,1,512
BRDA:,27,0,780
BRDA:,27,1,0
BRDA:,28,0,780
BRDA:,28,1,700
BRDA:,29,0,0
BRDA:,29,1,207
BRDA:,30,0,0
BRDA:,30,1,207
BRDA:,31,0,0
BRDA:,31,1,207
BRDA:,32,0,20
BRDA:,32,1,187
BRDA:,33,0,0
BRDA:,33,1,266
BRDA:,34,0,66
BRDA:,34,1,200
BRDA:,35,0,1
BRDA:,35,1,265
BRDA:,36,0,76
BRDA:,36,1,190
BRDA:,37,0,76
BRDA:,37,1,190
BRDA:,38,0,76
BRDA:,38,1,190
BRDA:,39,0,14
BRDA:,39,1,8
BRDA:,40,0,58
BRDA:,40,1,80
BRDA:,41,0,16
BRDA:,41,1,154
BRDA:,42,0,154
BRDA:,42,1,0
BRDA:,43,0,154
BRDA:,43,1,152
BRDA:,43,2,2
BRDA:,44,0,0
BRDA:,44,1,0
BRDA:,44,2,0
BRDA:,45,0,74
BRDA:,45,1,80
BRDA:,46,0,138
BRDA:,46,1,670
BRDA:,47,0,808
BRDA:,47,1,670
BRDA:,48,0,2
BRDA:,48,1,14
BRDA:,49,0,2
BRDA:,49,1,14
BRF:102
BRH:87
end_of_record
TN:
SF:/Users/nekqy/WebstormProjects/rb-nekqy/rb/js/baseDispatcher.js
FN:,(anonymous_0)
FN:,BaseDispatcher
FN:,(anonymous_2)
FN:,(anonymous_3)
FN:,(anonymous_4)
FN:,(anonymous_5)
FN:,(anonymous_6)
FN:,(anonymous_7)
FN:,(anonymous_8)
FN:,(anonymous_9)
FN:,(anonymous_10)
FN:,(anonymous_11)
FNF:12
FNH:9
FNDA:4,(anonymous_0)
FNDA:123,BaseDispatcher
FNDA:255,(anonymous_2)
FNDA:68,(anonymous_3)
FNDA:0,(anonymous_4)
FNDA:1680,(anonymous_5)
FNDA:68,(anonymous_6)
FNDA:68,(anonymous_7)
FNDA:68,(anonymous_8)
FNDA:0,(anonymous_9)
FNDA:0,(anonymous_10)
FNDA:123,(anonymous_11)
DA:1,4
DA:13,123
DA:14,123
DA:15,123
DA:17,4
DA:18,4
DA:19,255
DA:20,255
DA:21,123
DA:35,4
DA:36,68
DA:37,68
DA:41,68
DA:43,0
DA:51,4
DA:52,0
DA:53,0
DA:65,4
DA:67,1680
DA:68,1680
DA:69,1680
DA:71,1680
DA:72,68
DA:74,68
DA:75,68
DA:76,68
DA:78,68
DA:79,68
DA:81,68
DA:82,0
DA:84,68
DA:88,68
DA:89,68
DA:91,68
DA:92,68
DA:94,68
DA:95,68
DA:98,0
DA:99,0
DA:101,0
DA:102,0
DA:104,0
DA:105,0
DA:109,1612
DA:117,4
DA:118,123
DA:121,4
LF:47
LH:37
BRDA:,0,0,255
BRDA:,0,1,0
BRDA:,1,0,123
BRDA:,1,1,132
BRDA:,2,0,68
BRDA:,2,1,0
BRDA:,3,0,0
BRDA:,3,1,0
BRDA:,4,0,68
BRDA:,4,1,1612
BRDA:,5,0,68
BRDA:,5,1,0
BRDA:,6,0,0
BRDA:,6,1,68
BRDA:,7,0,68
BRDA:,7,1,0
BRDA:,8,0,68
BRDA:,8,1,68
BRDA:,9,0,0
BRDA:,9,1,0
BRDA:,10,0,0
BRDA:,10,1,0
BRDA:,11,0,1612
BRDA:,11,1,1612
BRF:24
BRH:13
end_of_record
TN:
SF:/Users/nekqy/WebstormProjects/rb-nekqy/rb/js/controlManager.js
FN:,(anonymous_0)
FN:,ControlManager
FN:,(anonymous_2)
FN:,(anonymous_3)
FN:,(anonymous_4)
FN:,(anonymous_5)
FN:,(anonymous_6)
FN:,(anonymous_7)
FN:,(anonymous_8)
FN:,(anonymous_9)
FN:,(anonymous_10)
FN:,(anonymous_11)
FN:,(anonymous_12)
FNF:13
FNH:12
FNDA:4,(anonymous_0)
FNDA:41,ControlManager
FNDA:82,(anonymous_2)
FNDA:0,(anonymous_3)
FNDA:196,(anonymous_4)
FNDA:114,(anonymous_5)
FNDA:114,(anonymous_6)
FNDA:98,(anonymous_7)
FNDA:57,(anonymous_8)
FNDA:41,(anonymous_9)
FNDA:16,(anonymous_10)
FNDA:85,(anonymous_11)
FNDA:41,(anonymous_12)
DA:1,4
DA:12,41
DA:23,4
DA:24,82
DA:25,0
DA:27,82
DA:28,82
DA:29,0
DA:33,82
DA:41,4
DA:42,0
DA:43,0
DA:45,0
DA:47,0
DA:55,4
DA:56,196
DA:57,196
DA:60,0
DA:62,0
DA:70,4
DA:71,114
DA:72,114
DA:74,0
DA:76,114
DA:84,4
DA:85,114
DA:86,114
DA:88,0
DA:90,114
DA:93,4
DA:94,98
DA:95,98
DA:96,196
DA:97,196
DA:98,196
DA:99,82
DA:101,114
DA:105,98
DA:113,4
DA:114,57
DA:123,4
DA:124,41
DA:133,4
DA:134,16
DA:135,32
DA:136,32
DA:137,32
DA:139,0
DA:143,16
DA:151,4
DA:152,85
DA:153,170
DA:154,170
DA:163,4
DA:164,41
DA:165,41
DA:168,4
LF:57
LH:46
BRDA:,0,0,0
BRDA:,0,1,82
BRDA:,1,0,0
BRDA:,1,1,82
BRDA:,2,0,0
BRDA:,2,1,0
BRDA:,3,0,196
BRDA:,3,1,0
BRDA:,4,0,114
BRDA:,4,1,0
BRDA:,5,0,114
BRDA:,5,1,0
BRDA:,6,0,196
BRDA:,6,1,0
BRDA:,7,0,82
BRDA:,7,1,114
BRDA:,8,0,32
BRDA:,8,1,0
BRDA:,9,0,32
BRDA:,9,1,0
BRDA:,10,0,170
BRDA:,10,1,0
BRF:22
BRH:11
end_of_record
TN:
SF:/Users/nekqy/WebstormProjects/rb-nekqy/rb/js/swipesControl.js
FN:,(anonymous_0)
FN:,SwipesControl
FN:,(anonymous_2)
FN:,(anonymous_3)
FN:,(anonymous_4)
FN:,swipeHandler
FN:,(anonymous_6)
FN:,(anonymous_7)
FN:,(anonymous_8)
FNF:9
FNH:1
FNDA:4,(anonymous_0)
FNDA:0,SwipesControl
FNDA:0,(anonymous_2)
FNDA:0,(anonymous_3)
FNDA:0,(anonymous_4)
FNDA:0,swipeHandler
FNDA:0,(anonymous_6)
FNDA:0,(anonymous_7)
FNDA:0,(anonymous_8)
DA:1,4
DA:13,0
DA:14,0
DA:17,0
DA:18,0
DA:20,0
DA:21,0
DA:22,0
DA:24,0
DA:25,0
DA:27,4
DA:33,4
DA:34,0
DA:35,0
DA:36,0
DA:45,4
DA:46,0
DA:52,4
DA:53,0
DA:56,0
DA:57,0
DA:59,0
DA:60,0
DA:63,0
DA:64,0
DA:65,0
DA:67,0
DA:73,4
DA:74,0
DA:76,0
DA:77,0
DA:79,0
DA:85,4
DA:86,0
DA:89,4
LF:35
LH:8
BRDA:,0,0,0
BRDA:,0,1,0
BRDA:,1,0,0
BRDA:,1,1,0
BRDA:,2,0,0
BRDA:,2,1,0
BRDA:,3,0,0
BRDA:,3,1,0
BRDA:,4,0,0
BRDA:,4,1,0
BRDA:,5,0,0
BRDA:,5,1,0
BRF:12
BRH:0
end_of_record
TN:
SF:/Users/nekqy/WebstormProjects/rb-nekqy/rb/js/IControl.js
FN:,(anonymous_0)
FN:,IControl
FN:,(anonymous_2)
FN:,(anonymous_3)
FN:,(anonymous_4)
FN:,(anonymous_5)
FNF:6
FNH:1
FNDA:4,(anonymous_0)
FNDA:0,IControl
FNDA:0,(anonymous_2)
FNDA:0,(anonymous_3)
FNDA:0,(anonymous_4)
FNDA:0,(anonymous_5)
DA:1,4
DA:14,4
DA:20,4
DA:21,0
DA:27,4
DA:28,0
DA:34,4
DA:35,0
DA:43,4
DA:44,0
DA:47,4
LF:11
LH:7
BRF:0
BRH:0
end_of_record
TN:
SF:/Users/nekqy/WebstormProjects/rb-nekqy/rb/vendor/hammer.js
FN:,(anonymous_0)
FN:,setTimeoutContext
FN:,invokeArrayArg
FN:,each
FN:,deprecate
FN:,(anonymous_5)
FN:,assign
FN:,extend
FN:,merge
FN:,inherit
FN:,bindFn
FN:,boundFn
FN:,boolOrFn
FN:,ifUndefined
FN:,addEventListeners
FN:,(anonymous_15)
FN:,removeEventListeners
FN:,(anonymous_17)
FN:,hasParent
FN:,inStr
FN:,splitStr
FN:,inArray
FN:,toArray
FN:,uniqueArray
FN:,sortUniqueArray
FN:,prefixed
FN:,uniqueId
FN:,getWindowForElement
FN:,Input
FN:,(anonymous_29)
FN:,(anonymous_30)
FN:,(anonymous_31)
FN:,(anonymous_32)
FN:,createInputInstance
FN:,inputHandler
FN:,computeInputData
FN:,computeDeltaXY
FN:,computeIntervalInputData
FN:,simpleCloneInputData
FN:,getCenter
FN:,getVelocity
FN:,getDirection
FN:,getDistance
FN:,getAngle
FN:,getRotation
FN:,getScale
FN:,MouseInput
FN:,MEhandler
FN:,PointerEventInput
FN:,PEhandler
FN:,SingleTouchInput
FN:,TEhandler
FN:,normalizeSingleTouches
FN:,TouchInput
FN:,MTEhandler
FN:,getTouches
FN:,(anonymous_56)
FN:,TouchMouseInput
FN:,TMEhandler
FN:,destroy
FN:,recordTouches
FN:,setLastTouch
FN:,(anonymous_62)
FN:,isSyntheticEvent
FN:,TouchAction
FN:,(anonymous_65)
FN:,(anonymous_66)
FN:,(anonymous_67)
FN:,(anonymous_68)
FN:,(anonymous_69)
FN:,(anonymous_70)
FN:,cleanTouchActions
FN:,getTouchActionProps
FN:,(anonymous_73)
FN:,Recognizer
FN:,(anonymous_75)
FN:,(anonymous_76)
FN:,(anonymous_77)
FN:,(anonymous_78)
FN:,(anonymous_79)
FN:,(anonymous_80)
FN:,(anonymous_81)
FN:,(anonymous_82)
FN:,emit
FN:,(anonymous_84)
FN:,(anonymous_85)
FN:,(anonymous_86)
FN:,(anonymous_87)
FN:,(anonymous_88)
FN:,(anonymous_89)
FN:,stateStr
FN:,directionStr
FN:,getRecognizerByNameIfManager
FN:,AttrRecognizer
FN:,(anonymous_94)
FN:,(anonymous_95)
FN:,PanRecognizer
FN:,(anonymous_97)
FN:,(anonymous_98)
FN:,(anonymous_99)
FN:,(anonymous_100)
FN:,PinchRecognizer
FN:,(anonymous_102)
FN:,(anonymous_103)
FN:,(anonymous_104)
FN:,PressRecognizer
FN:,(anonymous_106)
FN:,(anonymous_107)
FN:,(anonymous_108)
FN:,(anonymous_109)
FN:,(anonymous_110)
FN:,RotateRecognizer
FN:,(anonymous_112)
FN:,(anonymous_113)
FN:,SwipeRecognizer
FN:,(anonymous_115)
FN:,(anonymous_116)
FN:,(anonymous_117)
FN:,TapRecognizer
FN:,(anonymous_119)
FN:,(anonymous_120)
FN:,(anonymous_121)
FN:,(anonymous_122)
FN:,(anonymous_123)
FN:,(anonymous_124)
FN:,(anonymous_125)
FN:,Hammer
FN:,Manager
FN:,(anonymous_128)
FN:,(anonymous_129)
FN:,(anonymous_130)
FN:,(anonymous_131)
FN:,(anonymous_132)
FN:,(anonymous_133)
FN:,(anonymous_134)
FN:,(anonymous_135)
FN:,(anonymous_136)
FN:,(anonymous_137)
FN:,(anonymous_138)
FN:,(anonymous_139)
FN:,(anonymous_140)
FN:,(anonymous_141)
FN:,toggleCssProps
FN:,(anonymous_143)
FN:,triggerDomEvent
FN:,(anonymous_145)
FNF:146
FNH:7
FNDA:4,(anonymous_0)
FNDA:0,setTimeoutContext
FNDA:0,invokeArrayArg
FNDA:0,each
FNDA:8,deprecate
FNDA:0,(anonymous_5)
FNDA:0,assign
FNDA:0,extend
FNDA:0,merge
FNDA:48,inherit
FNDA:0,bindFn
FNDA:0,boundFn
FNDA:0,boolOrFn
FNDA:0,ifUndefined
FNDA:0,addEventListeners
FNDA:0,(anonymous_15)
FNDA:0,removeEventListeners
FNDA:0,(anonymous_17)
FNDA:0,hasParent
FNDA:0,inStr
FNDA:0,splitStr
FNDA:0,inArray
FNDA:0,toArray
FNDA:0,uniqueArray
FNDA:0,sortUniqueArray
FNDA:8,prefixed
FNDA:0,uniqueId
FNDA:0,getWindowForElement
FNDA:0,Input
FNDA:0,(anonymous_29)
FNDA:0,(anonymous_30)
FNDA:0,(anonymous_31)
FNDA:0,(anonymous_32)
FNDA:0,createInputInstance
FNDA:0,inputHandler
FNDA:0,computeInputData
FNDA:0,computeDeltaXY
FNDA:0,computeIntervalInputData
FNDA:0,simpleCloneInputData
FNDA:0,getCenter
FNDA:0,getVelocity
FNDA:0,getDirection
FNDA:0,getDistance
FNDA:0,getAngle
FNDA:0,getRotation
FNDA:0,getScale
FNDA:0,MouseInput
FNDA:0,MEhandler
FNDA:0,PointerEventInput
FNDA:0,PEhandler
FNDA:0,SingleTouchInput
FNDA:0,TEhandler
FNDA:0,normalizeSingleTouches
FNDA:0,TouchInput
FNDA:0,MTEhandler
FNDA:0,getTouches
FNDA:0,(anonymous_56)
FNDA:0,TouchMouseInput
FNDA:0,TMEhandler
FNDA:0,destroy
FNDA:0,recordTouches
FNDA:0,setLastTouch
FNDA:0,(anonymous_62)
FNDA:0,isSyntheticEvent
FNDA:0,TouchAction
FNDA:0,(anonymous_65)
FNDA:0,(anonymous_66)
FNDA:0,(anonymous_67)
FNDA:0,(anonymous_68)
FNDA:0,(anonymous_69)
FNDA:0,(anonymous_70)
FNDA:0,cleanTouchActions
FNDA:4,getTouchActionProps
FNDA:24,(anonymous_73)
FNDA:0,Recognizer
FNDA:0,(anonymous_75)
FNDA:0,(anonymous_76)
FNDA:0,(anonymous_77)
FNDA:0,(anonymous_78)
FNDA:0,(anonymous_79)
FNDA:0,(anonymous_80)
FNDA:0,(anonymous_81)
FNDA:0,(anonymous_82)
FNDA:0,emit
FNDA:0,(anonymous_84)
FNDA:0,(anonymous_85)
FNDA:0,(anonymous_86)
FNDA:0,(anonymous_87)
FNDA:0,(anonymous_88)
FNDA:0,(anonymous_89)
FNDA:0,stateStr
FNDA:0,directionStr
FNDA:0,getRecognizerByNameIfManager
FNDA:0,AttrRecognizer
FNDA:0,(anonymous_94)
FNDA:0,(anonymous_95)
FNDA:0,PanRecognizer
FNDA:0,(anonymous_97)
FNDA:0,(anonymous_98)
FNDA:0,(anonymous_99)
FNDA:0,(anonymous_100)
FNDA:0,PinchRecognizer
FNDA:0,(anonymous_102)
FNDA:0,(anonymous_103)
FNDA:0,(anonymous_104)
FNDA:0,PressRecognizer
FNDA:0,(anonymous_106)
FNDA:0,(anonymous_107)
FNDA:0,(anonymous_108)
FNDA:0,(anonymous_109)
FNDA:0,(anonymous_110)
FNDA:0,RotateRecognizer
FNDA:0,(anonymous_112)
FNDA:0,(anonymous_113)
FNDA:0,SwipeRecognizer
FNDA:0,(anonymous_115)
FNDA:0,(anonymous_116)
FNDA:0,(anonymous_117)
FNDA:0,TapRecognizer
FNDA:0,(anonymous_119)
FNDA:0,(anonymous_120)
FNDA:0,(anonymous_121)
FNDA:0,(anonymous_122)
FNDA:0,(anonymous_123)
FNDA:0,(anonymous_124)
FNDA:0,(anonymous_125)
FNDA:0,Hammer
FNDA:0,Manager
FNDA:0,(anonymous_128)
FNDA:0,(anonymous_129)
FNDA:0,(anonymous_130)
FNDA:0,(anonymous_131)
FNDA:0,(anonymous_132)
FNDA:0,(anonymous_133)
FNDA:0,(anonymous_134)
FNDA:0,(anonymous_135)
FNDA:0,(anonymous_136)
FNDA:0,(anonymous_137)
FNDA:0,(anonymous_138)
FNDA:0,(anonymous_139)
FNDA:0,(anonymous_140)
FNDA:0,(anonymous_141)
FNDA:0,toggleCssProps
FNDA:0,(anonymous_143)
FNDA:0,triggerDomEvent
FNDA:4,(anonymous_145)
DA:6,4
DA:9,4
DA:10,4
DA:12,4
DA:14,4
DA:15,4
DA:16,4
DA:26,0
DA:39,0
DA:40,0
DA:41,0
DA:43,0
DA:55,0
DA:56,0
DA:59,0
DA:60,0
DA:61,0
DA:62,0
DA:63,0
DA:64,0
DA:65,0
DA:68,0
DA:69,0
DA:82,8
DA:83,8
DA:84,0
DA:85,0
DA:89,0
DA:90,0
DA:91,0
DA:93,0
DA:105,4
DA:106,0
DA:107,0
DA:108,0
DA:111,0
DA:112,0
DA:113,0
DA:114,0
DA:115,0
DA:116,0
DA:117,0
DA:122,0
DA:125,4
DA:136,4
DA:137,0
DA:138,0
DA:139,0
DA:140,0
DA:141,0
DA:143,0
DA:145,0
DA:155,4
DA:156,0
DA:166,48
DA:169,48
DA:170,48
DA:171,48
DA:173,48
DA:174,48
DA:185,0
DA:186,0
DA:198,0
DA:199,0
DA:201,0
DA:211,0
DA:221,0
DA:222,0
DA:233,0
DA:234,0
DA:246,0
DA:247,0
DA:248,0
DA:250,0
DA:252,0
DA:262,0
DA:271,0
DA:282,0
DA:283,0
DA:285,0
DA:286,0
DA:287,0
DA:288,0
DA:290,0
DA:292,0
DA:302,0
DA:313,0
DA:314,0
DA:315,0
DA:317,0
DA:318,0
DA:319,0
DA:320,0
DA:322,0
DA:323,0
DA:326,0
DA:327,0
DA:328,0
DA:330,0
DA:331,0
DA:336,0
DA:347,8
DA:349,8
DA:350,8
DA:351,8
DA:352,8
DA:354,8
DA:355,8
DA:357,0
DA:359,0
DA:366,4
DA:368,0
DA:377,0
DA:378,0
DA:381,4
DA:383,4
DA:384,4
DA:385,4
DA:387,4
DA:388,4
DA:389,4
DA:390,4
DA:392,4
DA:394,4
DA:395,4
DA:396,4
DA:397,4
DA:399,4
DA:400,4
DA:401,4
DA:402,4
DA:403,4
DA:405,4
DA:406,4
DA:407,4
DA:409,4
DA:410,4
DA:420,0
DA:421,0
DA:422,0
DA:423,0
DA:424,0
DA:428,0
DA:429,0
DA:430,0
DA:434,0
DA:438,4
DA:449,0
DA:450,0
DA:451,0
DA:458,0
DA:459,0
DA:460,0
DA:472,0
DA:474,0
DA:475,0
DA:476,0
DA:477,0
DA:478,0
DA:479,0
DA:480,0
DA:481,0
DA:483,0
DA:485,0
DA:495,0
DA:496,0
DA:497,0
DA:498,0
DA:500,0
DA:501,0
DA:503,0
DA:504,0
DA:509,0
DA:512,0
DA:515,0
DA:517,0
DA:518,0
DA:527,0
DA:528,0
DA:529,0
DA:532,0
DA:533,0
DA:537,0
DA:538,0
DA:539,0
DA:540,0
DA:543,0
DA:544,0
DA:545,0
DA:547,0
DA:548,0
DA:549,0
DA:551,0
DA:552,0
DA:554,0
DA:555,0
DA:557,0
DA:558,0
DA:559,0
DA:560,0
DA:562,0
DA:563,0
DA:565,0
DA:568,0
DA:571,0
DA:572,0
DA:573,0
DA:575,0
DA:579,0
DA:580,0
DA:581,0
DA:582,0
DA:584,0
DA:585,0
DA:590,0
DA:596,0
DA:597,0
DA:606,0
DA:607,0
DA:610,0
DA:611,0
DA:612,0
DA:614,0
DA:615,0
DA:616,0
DA:617,0
DA:618,0
DA:620,0
DA:623,0
DA:624,0
DA:625,0
DA:626,0
DA:629,0
DA:630,0
DA:631,0
DA:632,0
DA:643,0
DA:644,0
DA:645,0
DA:646,0
DA:650,0
DA:653,0
DA:668,0
DA:671,0
DA:672,0
DA:678,0
DA:679,0
DA:680,0
DA:681,0
DA:682,0
DA:685,0
DA:699,0
DA:712,0
DA:713,0
DA:716,0
DA:717,0
DA:719,0
DA:730,0
DA:731,0
DA:733,0
DA:734,0
DA:736,0
DA:747,0
DA:748,0
DA:750,0
DA:751,0
DA:752,0
DA:762,0
DA:773,0
DA:776,4
DA:782,4
DA:783,4
DA:791,0
DA:792,0
DA:794,0
DA:796,0
DA:799,4
DA:805,0
DA:808,0
DA:809,0
DA:812,0
DA:813,0
DA:817,0
DA:818,0
DA:821,0
DA:822,0
DA:825,0
DA:834,4
DA:843,4
DA:850,4
DA:851,4
DA:854,4
DA:855,0
DA:856,0
DA:865,0
DA:866,0
DA:868,0
DA:870,0
DA:873,4
DA:879,0
DA:880,0
DA:882,0
DA:883,0
DA:884,0
DA:886,0
DA:889,0
DA:892,0
DA:893,0
DA:894,0
DA:895,0
DA:897,0
DA:898,0
DA:902,0
DA:903,0
DA:907,0
DA:909,0
DA:916,0
DA:918,0
DA:923,4
DA:930,4
DA:931,4
DA:939,0
DA:940,0
DA:941,0
DA:943,0
DA:946,4
DA:948,0
DA:951,0
DA:952,0
DA:955,0
DA:956,0
DA:959,0
DA:962,0
DA:963,0
DA:966,0
DA:982,0
DA:983,0
DA:985,0
DA:986,0
DA:989,0
DA:992,4
DA:999,4
DA:1007,0
DA:1008,0
DA:1010,0
DA:1013,4
DA:1015,0
DA:1016,0
DA:1017,0
DA:1018,0
DA:1021,0
DA:1037,0
DA:1038,0
DA:1041,0
DA:1042,0
DA:1043,0
DA:1048,0
DA:1049,0
DA:1050,0
DA:1053,0
DA:1054,0
DA:1058,0
DA:1059,0
DA:1060,0
DA:1061,0
DA:1062,0
DA:1067,0
DA:1068,0
DA:1069,0
DA:1070,0
DA:1074,0
DA:1075,0
DA:1077,0
DA:1080,0
DA:1081,0
DA:1084,0
DA:1101,4
DA:1102,4
DA:1105,0
DA:1107,0
DA:1108,0
DA:1109,0
DA:1111,0
DA:1112,0
DA:1115,4
DA:1123,0
DA:1124,0
DA:1126,0
DA:1127,0
DA:1131,0
DA:1132,0
DA:1133,0
DA:1134,0
DA:1137,0
DA:1144,0
DA:1145,0
DA:1150,0
DA:1151,0
DA:1152,0
DA:1153,0
DA:1154,0
DA:1159,0
DA:1161,0
DA:1162,0
DA:1163,0
DA:1164,0
DA:1165,0
DA:1166,0
DA:1167,0
DA:1168,0
DA:1171,0
DA:1176,0
DA:1177,0
DA:1178,0
DA:1179,0
DA:1180,0
DA:1181,0
DA:1184,0
DA:1187,4
DA:1188,4
DA:1191,4
DA:1192,4
DA:1193,4
DA:1194,4
DA:1195,4
DA:1196,4
DA:1197,4
DA:1207,0
DA:1208,0
DA:1211,4
DA:1218,0
DA:1219,0
DA:1222,0
DA:1223,0
DA:1225,0
DA:1232,0
DA:1240,0
DA:1241,0
DA:1242,0
DA:1243,0
DA:1246,0
DA:1254,0
DA:1255,0
DA:1258,0
DA:1259,0
DA:1260,0
DA:1263,0
DA:1264,0
DA:1265,0
DA:1266,0
DA:1268,0
DA:1271,0
DA:1272,0
DA:1273,0
DA:1275,0
DA:1276,0
DA:1280,0
DA:1282,0
DA:1285,0
DA:1288,0
DA:1297,0
DA:1298,0
DA:1309,0
DA:1310,0
DA:1313,0
DA:1314,0
DA:1320,0
DA:1321,0
DA:1325,0
DA:1326,0
DA:1330,0
DA:1331,0
DA:1334,0
DA:1338,4
DA:1339,0
DA:1341,4
DA:1342,4
DA:1343,4
DA:1347,24
DA:1349,4
DA:1379,4
DA:1380,4
DA:1381,4
DA:1382,4
DA:1383,4
DA:1384,4
DA:1385,4
DA:1394,0
DA:1396,0
DA:1398,0
DA:1401,0
DA:1403,0
DA:1405,0
DA:1406,0
DA:1409,4
DA:1422,0
DA:1425,0
DA:1426,0
DA:1435,0
DA:1436,0
DA:1439,0
DA:1440,0
DA:1441,0
DA:1442,0
DA:1443,0
DA:1445,0
DA:1454,0
DA:1455,0
DA:1458,0
DA:1459,0
DA:1460,0
DA:1469,0
DA:1470,0
DA:1473,0
DA:1474,0
DA:1475,0
DA:1476,0
DA:1477,0
DA:1479,0
DA:1488,0
DA:1489,0
DA:1492,0
DA:1493,0
DA:1494,0
DA:1495,0
DA:1497,0
DA:1505,0
DA:1514,0
DA:1523,0
DA:1524,0
DA:1527,0
DA:1531,0
DA:1532,0
DA:1535,0
DA:1537,0
DA:1538,0
DA:1542,0
DA:1543,0
DA:1554,0
DA:1555,0
DA:1558,0
DA:1566,0
DA:1567,0
DA:1568,0
DA:1569,0
DA:1571,0
DA:1573,0
DA:1583,0
DA:1586,0
DA:1587,0
DA:1588,0
DA:1589,0
DA:1593,0
DA:1594,0
DA:1597,0
DA:1601,0
DA:1602,0
DA:1636,0
DA:1637,0
DA:1638,0
DA:1639,0
DA:1640,0
DA:1641,0
DA:1642,0
DA:1643,0
DA:1645,0
DA:1654,0
DA:1655,0
DA:1656,0
DA:1657,0
DA:1658,0
DA:1659,0
DA:1660,0
DA:1661,0
DA:1663,0
DA:1673,0
DA:1674,0
DA:1675,0
DA:1677,0
DA:1686,0
DA:1689,4
DA:1709,0
DA:1710,0
DA:1720,0
DA:1721,0
DA:1723,0
DA:1724,0
DA:1727,0
DA:1728,0
DA:1729,0
DA:1730,0
DA:1731,0
DA:1732,0
DA:1733,0
DA:1735,0
DA:1737,0
DA:1748,0
DA:1750,0
DA:1751,0
DA:1754,4
DA:1767,0
DA:1768,0
DA:1769,0
DA:1770,0
DA:1772,0
DA:1773,0
DA:1775,0
DA:1779,0
DA:1780,0
DA:1781,0
DA:1782,0
DA:1783,0
DA:1784,0
DA:1787,0
DA:1788,0
DA:1789,0
DA:1790,0
DA:1791,0
DA:1793,0
DA:1794,0
DA:1795,0
DA:1798,0
DA:1799,0
DA:1803,0
DA:1809,0
DA:1810,0
DA:1812,0
DA:1814,0
DA:1815,0
DA:1817,0
DA:1828,0
DA:1831,4
DA:1843,0
DA:1847,0
DA:1852,0
DA:1853,0
DA:1854,0
DA:1856,0
DA:1867,0
DA:1869,0
DA:1870,0
DA:1873,4
DA:1886,0
DA:1890,0
DA:1891,0
DA:1892,0
DA:1893,0
DA:1895,0
DA:1899,0
DA:1900,0
DA:1901,0
DA:1902,0
DA:1903,0
DA:1904,0
DA:1905,0
DA:1907,0
DA:1908,0
DA:1910,0
DA:1914,0
DA:1918,0
DA:1919,0
DA:1922,0
DA:1923,0
DA:1925,0
DA:1926,0
DA:1938,0
DA:1941,4
DA:1953,0
DA:1957,0
DA:1969,0
DA:1972,4
DA:1986,0
DA:1990,0
DA:1993,0
DA:1994,0
DA:1995,0
DA:1996,0
DA:1997,0
DA:1998,0
DA:2001,0
DA:2009,0
DA:2010,0
DA:2011,0
DA:2014,0
DA:2029,0
DA:2033,0
DA:2034,0
DA:2036,0
DA:2037,0
DA:2038,0
DA:2041,4
DA:2057,0
DA:2061,0
DA:2063,0
DA:2064,0
DA:2065,0
DA:2067,0
DA:2069,0
DA:2070,0
DA:2075,0
DA:2076,0
DA:2077,0
DA:2080,0
DA:2081,0
DA:2083,0
DA:2084,0
DA:2086,0
DA:2087,0
DA:2089,0
DA:2092,0
DA:2096,0
DA:2097,0
DA:2100,0
DA:2101,0
DA:2103,0
DA:2104,0
DA:2105,0
DA:2107,0
DA:2111,0
DA:2115,0
DA:2116,0
DA:2118,0
DA:2122,0
DA:2126,0
DA:2127,0
DA:2128,0
DA:2140,0
DA:2141,0
DA:2142,0
DA:2148,4
DA:2154,4
DA:2262,4
DA:2263,4
DA:2272,0
DA:2274,0
DA:2276,0
DA:2277,0
DA:2278,0
DA:2279,0
DA:2281,0
DA:2282,0
DA:2283,0
DA:2285,0
DA:2287,0
DA:2288,0
DA:2289,0
DA:2290,0
DA:2294,4
DA:2301,0
DA:2304,0
DA:2305,0
DA:2307,0
DA:2309,0
DA:2310,0
DA:2311,0
DA:2313,0
DA:2323,0
DA:2333,0
DA:2334,0
DA:2335,0
DA:2339,0
DA:2342,0
DA:2347,0
DA:2351,0
DA:2352,0
DA:2355,0
DA:2356,0
DA:2357,0
DA:2365,0
DA:2368,0
DA:2370,0
DA:2375,0
DA:2376,0
DA:2378,0
DA:2388,0
DA:2389,0
DA:2392,0
DA:2393,0
DA:2394,0
DA:2395,0
DA:2398,0
DA:2408,0
DA:2409,0
DA:2413,0
DA:2414,0
DA:2415,0
DA:2418,0
DA:2419,0
DA:2421,0
DA:2422,0
DA:2431,0
DA:2432,0
DA:2435,0
DA:2438,0
DA:2439,0
DA:2440,0
DA:2442,0
DA:2443,0
DA:2444,0
DA:2448,0
DA:2458,0
DA:2459,0
DA:2461,0
DA:2462,0
DA:2465,0
DA:2466,0
DA:2467,0
DA:2468,0
DA:2470,0
DA:2480,0
DA:2481,0
DA:2484,0
DA:2485,0
DA:2486,0
DA:2487,0
DA:2489,0
DA:2492,0
DA:2502,0
DA:2503,0
DA:2507,0
DA:2508,0
DA:2509,0
DA:2512,0
DA:2513,0
DA:2514,0
DA:2517,0
DA:2518,0
DA:2519,0
DA:2520,0
DA:2529,0
DA:2531,0
DA:2532,0
DA:2533,0
DA:2534,0
DA:2544,0
DA:2545,0
DA:2546,0
DA:2549,0
DA:2550,0
DA:2551,0
DA:2552,0
DA:2553,0
DA:2555,0
DA:2558,0
DA:2559,0
DA:2569,0
DA:2570,0
DA:2571,0
DA:2572,0
DA:2575,4
DA:2630,4
DA:2631,4
DA:2633,4
DA:2634,4
DA:2635,4
DA:2637,0
DA:2638,0
DA:2640,0
LF:858
LH:113
BRDA:,0,0,0
BRDA:,0,1,0
BRDA:,1,0,0
BRDA:,1,1,0
BRDA:,2,0,0
BRDA:,2,1,0
BRDA:,3,0,0
BRDA:,3,1,0
BRDA:,4,0,0
BRDA:,4,1,0
BRDA:,5,0,0
BRDA:,5,1,0
BRDA:,6,0,0
BRDA:,6,1,0
BRDA:,7,0,0
BRDA:,7,1,0
BRDA:,7,2,0
BRDA:,8,0,0
BRDA:,8,1,0
BRDA:,9,0,0
BRDA:,9,1,4
BRDA:,10,0,0
BRDA:,10,1,0
BRDA:,11,0,0
BRDA:,11,1,0
BRDA:,12,0,0
BRDA:,12,1,0
BRDA:,13,0,0
BRDA:,13,1,0
BRDA:,14,0,0
BRDA:,14,1,0
BRDA:,15,0,0
BRDA:,15,1,0
BRDA:,16,0,0
BRDA:,16,1,0
BRDA:,16,2,0
BRDA:,17,0,48
BRDA:,17,1,0
BRDA:,18,0,0
BRDA:,18,1,0
BRDA:,19,0,0
BRDA:,19,1,0
BRDA:,20,0,0
BRDA:,20,1,0
BRDA:,21,0,0
BRDA:,21,1,0
BRDA:,22,0,0
BRDA:,22,1,0
BRDA:,23,0,0
BRDA:,23,1,0
BRDA:,24,0,0
BRDA:,24,1,0
BRDA:,25,0,0
BRDA:,25,1,0
BRDA:,26,0,0
BRDA:,26,1,0
BRDA:,26,2,0
BRDA:,26,3,0
BRDA:,27,0,0
BRDA:,27,1,0
BRDA:,28,0,0
BRDA:,28,1,0
BRDA:,29,0,0
BRDA:,29,1,0
BRDA:,30,0,0
BRDA:,30,1,0
BRDA:,31,0,0
BRDA:,31,1,8
BRDA:,32,0,8
BRDA:,32,1,0
BRDA:,33,0,0
BRDA:,33,1,0
BRDA:,34,0,0
BRDA:,34,1,0
BRDA:,34,2,0
BRDA:,35,0,4
BRDA:,35,1,0
BRDA:,36,0,0
BRDA:,36,1,0
BRDA:,37,0,0
BRDA:,37,1,0
BRDA:,38,0,0
BRDA:,38,1,0
BRDA:,39,0,0
BRDA:,39,1,0
BRDA:,40,0,0
BRDA:,40,1,0
BRDA:,41,0,0
BRDA:,41,1,0
BRDA:,42,0,0
BRDA:,42,1,0
BRDA:,43,0,0
BRDA:,43,1,0
BRDA:,44,0,0
BRDA:,44,1,0
BRDA:,45,0,0
BRDA:,45,1,0
BRDA:,46,0,0
BRDA:,46,1,0
BRDA:,47,0,0
BRDA:,47,1,0
BRDA:,48,0,0
BRDA:,48,1,0
BRDA:,49,0,0
BRDA:,49,1,0
BRDA:,50,0,0
BRDA:,50,1,0
BRDA:,51,0,0
BRDA:,51,1,0
BRDA:,52,0,0
BRDA:,52,1,0
BRDA:,53,0,0
BRDA:,53,1,0
BRDA:,54,0,0
BRDA:,54,1,0
BRDA:,55,0,0
BRDA:,55,1,0
BRDA:,56,0,0
BRDA:,56,1,0
BRDA:,57,0,0
BRDA:,57,1,0
BRDA:,58,0,0
BRDA:,58,1,0
BRDA:,59,0,0
BRDA:,59,1,0
BRDA:,60,0,0
BRDA:,60,1,0
BRDA:,61,0,0
BRDA:,61,1,0
BRDA:,62,0,0
BRDA:,62,1,0
BRDA:,63,0,0
BRDA:,63,1,0
BRDA:,64,0,0
BRDA:,64,1,0
BRDA:,65,0,0
BRDA:,65,1,0
BRDA:,66,0,0
BRDA:,66,1,0
BRDA:,67,0,0
BRDA:,67,1,0
BRDA:,68,0,0
BRDA:,68,1,0
BRDA:,69,0,0
BRDA:,69,1,0
BRDA:,70,0,0
BRDA:,70,1,0
BRDA:,70,2,0
BRDA:,71,0,0
BRDA:,71,1,0
BRDA:,72,0,0
BRDA:,72,1,0
BRDA:,73,0,0
BRDA:,73,1,0
BRDA:,74,0,0
BRDA:,74,1,0
BRDA:,75,0,0
BRDA:,75,1,0
BRDA:,76,0,0
BRDA:,76,1,0
BRDA:,77,0,0
BRDA:,77,1,0
BRDA:,78,0,0
BRDA:,78,1,0
BRDA:,79,0,0
BRDA:,79,1,0
BRDA:,80,0,0
BRDA:,80,1,0
BRDA:,81,0,0
BRDA:,81,1,0
BRDA:,82,0,0
BRDA:,82,1,0
BRDA:,83,0,0
BRDA:,83,1,0
BRDA:,84,0,0
BRDA:,84,1,0
BRDA:,85,0,0
BRDA:,85,1,0
BRDA:,86,0,0
BRDA:,86,1,0
BRDA:,87,0,0
BRDA:,87,1,4
BRDA:,88,0,4
BRDA:,88,1,0
BRDA:,89,0,0
BRDA:,89,1,0
BRDA:,90,0,0
BRDA:,90,1,0
BRDA:,91,0,0
BRDA:,91,1,0
BRDA:,91,2,0
BRDA:,92,0,0
BRDA:,92,1,0
BRDA:,93,0,0
BRDA:,93,1,0
BRDA:,94,0,0
BRDA:,94,1,0
BRDA:,95,0,0
BRDA:,95,1,0
BRDA:,96,0,0
BRDA:,96,1,0
BRDA:,97,0,0
BRDA:,97,1,0
BRDA:,98,0,0
BRDA:,98,1,0
BRDA:,99,0,0
BRDA:,99,1,0
BRDA:,100,0,0
BRDA:,100,1,0
BRDA:,101,0,0
BRDA:,101,1,0
BRDA:,102,0,0
BRDA:,102,1,0
BRDA:,103,0,0
BRDA:,103,1,0
BRDA:,104,0,0
BRDA:,104,1,0
BRDA:,105,0,0
BRDA:,105,1,0
BRDA:,106,0,0
BRDA:,106,1,0
BRDA:,107,0,0
BRDA:,107,1,0
BRDA:,108,0,0
BRDA:,108,1,0
BRDA:,109,0,0
BRDA:,109,1,0
BRDA:,109,2,0
BRDA:,110,0,0
BRDA:,110,1,0
BRDA:,111,0,0
BRDA:,111,1,0
BRDA:,112,0,0
BRDA:,112,1,0
BRDA:,113,0,0
BRDA:,113,1,0
BRDA:,114,0,0
BRDA:,114,1,0
BRDA:,115,0,0
BRDA:,115,1,0
BRDA:,116,0,0
BRDA:,116,1,0
BRDA:,117,0,0
BRDA:,117,1,0
BRDA:,118,0,0
BRDA:,118,1,0
BRDA:,119,0,0
BRDA:,119,1,0
BRDA:,120,0,0
BRDA:,120,1,0
BRDA:,121,0,0
BRDA:,121,1,0
BRDA:,121,2,0
BRDA:,122,0,0
BRDA:,122,1,0
BRDA:,123,0,0
BRDA:,123,1,0
BRDA:,124,0,0
BRDA:,124,1,0
BRDA:,125,0,0
BRDA:,125,1,0
BRDA:,126,0,0
BRDA:,126,1,0
BRDA:,127,0,0
BRDA:,127,1,0
BRDA:,128,0,0
BRDA:,128,1,0
BRDA:,129,0,0
BRDA:,129,1,0
BRDA:,129,2,0
BRDA:,130,0,0
BRDA:,130,1,0
BRDA:,131,0,0
BRDA:,131,1,0
BRDA:,132,0,0
BRDA:,132,1,0
BRDA:,133,0,0
BRDA:,133,1,0
BRDA:,133,2,0
BRDA:,133,3,0
BRDA:,133,4,0
BRDA:,134,0,0
BRDA:,134,1,0
BRDA:,135,0,0
BRDA:,135,1,0
BRDA:,136,0,0
BRDA:,136,1,0
BRDA:,137,0,0
BRDA:,137,1,0
BRDA:,138,0,0
BRDA:,138,1,0
BRDA:,139,0,0
BRDA:,139,1,0
BRDA:,140,0,0
BRDA:,140,1,0
BRDA:,141,0,0
BRDA:,141,1,4
BRDA:,142,0,4
BRDA:,142,1,4
BRDA:,143,0,24
BRDA:,143,1,0
BRDA:,144,0,0
BRDA:,144,1,0
BRDA:,145,0,0
BRDA:,145,1,0
BRDA:,146,0,0
BRDA:,146,1,0
BRDA:,147,0,0
BRDA:,147,1,0
BRDA:,148,0,0
BRDA:,148,1,0
BRDA:,149,0,0
BRDA:,149,1,0
BRDA:,150,0,0
BRDA:,150,1,0
BRDA:,151,0,0
BRDA:,151,1,0
BRDA:,152,0,0
BRDA:,152,1,0
BRDA:,153,0,0
BRDA:,153,1,0
BRDA:,154,0,0
BRDA:,154,1,0
BRDA:,155,0,0
BRDA:,155,1,0
BRDA:,156,0,0
BRDA:,156,1,0
BRDA:,157,0,0
BRDA:,157,1,0
BRDA:,158,0,0
BRDA:,158,1,0
BRDA:,159,0,0
BRDA:,159,1,0
BRDA:,160,0,0
BRDA:,160,1,0
BRDA:,161,0,0
BRDA:,161,1,0
BRDA:,162,0,0
BRDA:,162,1,0
BRDA:,163,0,0
BRDA:,163,1,0
BRDA:,164,0,0
BRDA:,164,1,0
BRDA:,165,0,0
BRDA:,165,1,0
BRDA:,166,0,0
BRDA:,166,1,0
BRDA:,167,0,0
BRDA:,167,1,0
BRDA:,168,0,0
BRDA:,168,1,0
BRDA:,169,0,0
BRDA:,169,1,0
BRDA:,170,0,0
BRDA:,170,1,0
BRDA:,171,0,0
BRDA:,171,1,0
BRDA:,172,0,0
BRDA:,172,1,0
BRDA:,172,2,0
BRDA:,173,0,0
BRDA:,173,1,0
BRDA:,174,0,0
BRDA:,174,1,0
BRDA:,175,0,0
BRDA:,175,1,0
BRDA:,176,0,0
BRDA:,176,1,0
BRDA:,177,0,0
BRDA:,177,1,0
BRDA:,178,0,0
BRDA:,178,1,0
BRDA:,179,0,0
BRDA:,179,1,0
BRDA:,180,0,0
BRDA:,180,1,0
BRDA:,181,0,0
BRDA:,181,1,0
BRDA:,182,0,0
BRDA:,182,1,0
BRDA:,183,0,0
BRDA:,183,1,0
BRDA:,184,0,0
BRDA:,184,1,0
BRDA:,185,0,0
BRDA:,185,1,0
BRDA:,185,2,0
BRDA:,186,0,0
BRDA:,186,1,0
BRDA:,186,2,0
BRDA:,186,3,0
BRDA:,187,0,0
BRDA:,187,1,0
BRDA:,188,0,0
BRDA:,188,1,0
BRDA:,188,2,0
BRDA:,189,0,0
BRDA:,189,1,0
BRDA:,190,0,0
BRDA:,190,1,0
BRDA:,191,0,0
BRDA:,191,1,0
BRDA:,192,0,0
BRDA:,192,1,0
BRDA:,192,2,0
BRDA:,192,3,0
BRDA:,193,0,0
BRDA:,193,1,0
BRDA:,194,0,0
BRDA:,194,1,0
BRDA:,195,0,0
BRDA:,195,1,0
BRDA:,196,0,0
BRDA:,196,1,0
BRDA:,197,0,0
BRDA:,197,1,0
BRDA:,198,0,0
BRDA:,198,1,0
BRDA:,198,2,0
BRDA:,199,0,0
BRDA:,199,1,0
BRDA:,200,0,0
BRDA:,200,1,0
BRDA:,201,0,0
BRDA:,201,1,0
BRDA:,202,0,0
BRDA:,202,1,0
BRDA:,202,2,0
BRDA:,202,3,0
BRDA:,202,4,0
BRDA:,202,5,0
BRDA:,203,0,0
BRDA:,203,1,0
BRDA:,204,0,0
BRDA:,204,1,0
BRDA:,205,0,0
BRDA:,205,1,0
BRDA:,206,0,0
BRDA:,206,1,0
BRDA:,207,0,0
BRDA:,207,1,0
BRDA:,207,2,0
BRDA:,208,0,0
BRDA:,208,1,0
BRDA:,209,0,0
BRDA:,209,1,0
BRDA:,210,0,0
BRDA:,210,1,0
BRDA:,211,0,0
BRDA:,211,1,0
BRDA:,212,0,0
BRDA:,212,1,0
BRDA:,213,0,0
BRDA:,213,1,0
BRDA:,214,0,0
BRDA:,214,1,0
BRDA:,215,0,0
BRDA:,215,1,0
BRDA:,216,0,0
BRDA:,216,1,0
BRDA:,217,0,0
BRDA:,217,1,0
BRDA:,218,0,0
BRDA:,218,1,0
BRDA:,219,0,0
BRDA:,219,1,0
BRDA:,220,0,0
BRDA:,220,1,0
BRDA:,221,0,0
BRDA:,221,1,0
BRDA:,222,0,0
BRDA:,222,1,0
BRDA:,223,0,0
BRDA:,223,1,0
BRDA:,224,0,0
BRDA:,224,1,0
BRDA:,225,0,0
BRDA:,225,1,0
BRDA:,226,0,0
BRDA:,226,1,0
BRDA:,226,2,0
BRDA:,227,0,0
BRDA:,227,1,0
BRDA:,228,0,0
BRDA:,228,1,0
BRDA:,228,2,0
BRDA:,228,3,0
BRDA:,229,0,0
BRDA:,229,1,0
BRDA:,230,0,0
BRDA:,230,1,0
BRDA:,231,0,0
BRDA:,231,1,0
BRDA:,232,0,0
BRDA:,232,1,0
BRDA:,233,0,0
BRDA:,233,1,0
BRDA:,234,0,0
BRDA:,234,1,0
BRDA:,235,0,0
BRDA:,235,1,0
BRDA:,236,0,0
BRDA:,236,1,0
BRDA:,237,0,0
BRDA:,237,1,0
BRDA:,238,0,0
BRDA:,238,1,0
BRDA:,239,0,0
BRDA:,239,1,0
BRDA:,240,0,0
BRDA:,240,1,0
BRDA:,241,0,0
BRDA:,241,1,0
BRDA:,242,0,0
BRDA:,242,1,0
BRDA:,243,0,0
BRDA:,243,1,0
BRDA:,244,0,0
BRDA:,244,1,0
BRDA:,245,0,0
BRDA:,245,1,0
BRDA:,246,0,0
BRDA:,246,1,0
BRDA:,247,0,0
BRDA:,247,1,0
BRDA:,248,0,0
BRDA:,248,1,0
BRDA:,249,0,0
BRDA:,249,1,0
BRDA:,250,0,0
BRDA:,250,1,0
BRDA:,251,0,0
BRDA:,251,1,0
BRDA:,252,0,0
BRDA:,252,1,0
BRDA:,253,0,4
BRDA:,253,1,0
BRDA:,254,0,0
BRDA:,254,1,0
BRDA:,255,0,4
BRDA:,255,1,0
BRDA:,256,0,4
BRDA:,256,1,4
BRDA:,257,0,0
BRDA:,257,1,0
BRDA:,258,0,0
BRDA:,258,1,0
BRF:547
BRH:15
end_of_record
TN:
SF:/Users/nekqy/WebstormProjects/rb-nekqy/rb/js/arrowsControl.js
FN:,(anonymous_0)
FN:,ArrowsControl
FN:,(anonymous_2)
FN:,(anonymous_3)
FN:,(anonymous_4)
FN:,(anonymous_5)
FN:,mouseMoveHandler
FN:,hideArrow
FN:,(anonymous_8)
FN:,(anonymous_9)
FN:,(anonymous_10)
FN:,(anonymous_11)
FN:,(anonymous_12)
FN:,(anonymous_13)
FNF:14
FNH:7
FNDA:4,(anonymous_0)
FNDA:41,ArrowsControl
FNDA:85,(anonymous_2)
FNDA:98,(anonymous_3)
FNDA:57,(anonymous_4)
FNDA:0,(anonymous_5)
FNDA:0,mouseMoveHandler
FNDA:0,hideArrow
FNDA:0,(anonymous_8)
FNDA:0,(anonymous_9)
FNDA:0,(anonymous_10)
FNDA:228,(anonymous_11)
FNDA:57,(anonymous_12)
FNDA:0,(anonymous_13)
DA:1,4
DA:14,41
DA:15,0
DA:18,41
DA:19,0
DA:21,41
DA:22,41
DA:23,41
DA:24,41
DA:26,4
DA:33,4
DA:34,85
DA:35,85
DA:36,41
DA:38,85
DA:39,41
DA:41,85
DA:42,41
DA:44,85
DA:45,41
DA:48,85
DA:55,4
DA:56,98
DA:62,4
DA:63,57
DA:65,57
DA:66,57
DA:67,0
DA:69,0
DA:70,0
DA:71,0
DA:72,0
DA:73,0
DA:74,0
DA:75,0
DA:79,0
DA:81,0
DA:82,0
DA:83,0
DA:84,0
DA:89,0
DA:90,0
DA:92,0
DA:101,0
DA:102,0
DA:105,57
DA:106,0
DA:108,0
DA:109,0
DA:111,57
DA:112,0
DA:114,0
DA:115,0
DA:117,0
DA:118,0
DA:122,57
DA:123,57
DA:124,228
DA:132,57
DA:134,57
DA:136,57
DA:137,57
DA:138,57
DA:139,57
DA:140,57
DA:141,57
DA:143,57
DA:149,4
DA:150,57
DA:152,57
DA:153,57
DA:154,228
DA:156,57
DA:157,57
DA:158,57
DA:159,57
DA:160,57
DA:161,57
DA:163,57
DA:165,57
DA:171,4
DA:172,0
DA:175,4
LF:83
LH:54
BRDA:,0,0,0
BRDA:,0,1,41
BRDA:,1,0,0
BRDA:,1,1,41
BRDA:,2,0,85
BRDA:,2,1,0
BRDA:,3,0,41
BRDA:,3,1,44
BRDA:,4,0,41
BRDA:,4,1,44
BRDA:,5,0,41
BRDA:,5,1,44
BRDA:,6,0,41
BRDA:,6,1,44
BRDA:,7,0,85
BRDA:,7,1,0
BRDA:,8,0,0
BRDA:,8,1,57
BRDA:,9,0,0
BRDA:,9,1,0
BRDA:,10,0,0
BRDA:,10,1,0
BRDA:,11,0,0
BRDA:,11,1,0
BRDA:,11,2,0
BRDA:,11,3,0
BRDA:,12,0,0
BRDA:,12,1,0
BRDA:,13,0,0
BRDA:,13,1,0
BRDA:,14,0,228
BRDA:,14,1,0
BRDA:,15,0,0
BRDA:,15,1,57
BRF:34
BRH:15
end_of_record
TN:
SF:/Users/nekqy/WebstormProjects/rb-nekqy/rb/js/keydownControl.js
FN:,(anonymous_0)
FN:,KeydownControl
FN:,(anonymous_2)
FN:,(anonymous_3)
FN:,(anonymous_4)
FN:,(anonymous_5)
FN:,(anonymous_6)
FN:,(anonymous_7)
FN:,(anonymous_8)
FN:,(anonymous_9)
FN:,(anonymous_10)
FNF:11
FNH:6
FNDA:4,(anonymous_0)
FNDA:41,KeydownControl
FNDA:85,(anonymous_2)
FNDA:98,(anonymous_3)
FNDA:57,(anonymous_4)
FNDA:0,(anonymous_5)
FNDA:0,(anonymous_6)
FNDA:0,(anonymous_7)
FNDA:0,(anonymous_8)
FNDA:57,(anonymous_9)
FNDA:0,(anonymous_10)
DA:1,4
DA:13,41
DA:14,0
DA:17,41
DA:18,0
DA:20,41
DA:21,41
DA:22,41
DA:24,4
DA:30,4
DA:31,85
DA:32,85
DA:33,41
DA:35,85
DA:36,41
DA:38,85
DA:39,41
DA:41,85
DA:42,41
DA:51,4
DA:52,98
DA:58,4
DA:59,57
DA:61,57
DA:62,57
DA:63,0
DA:64,0
DA:66,0
DA:67,0
DA:69,0
DA:71,57
DA:72,0
DA:75,57
DA:76,57
DA:78,57
DA:84,4
DA:85,57
DA:87,57
DA:88,57
DA:90,57
DA:96,4
DA:97,0
DA:100,4
LF:43
LH:34
BRDA:,0,0,0
BRDA:,0,1,41
BRDA:,1,0,0
BRDA:,1,1,41
BRDA:,2,0,85
BRDA:,2,1,0
BRDA:,3,0,41
BRDA:,3,1,44
BRDA:,4,0,41
BRDA:,4,1,44
BRDA:,5,0,41
BRDA:,5,1,44
BRDA:,6,0,41
BRDA:,6,1,44
BRDA:,7,0,0
BRDA:,7,1,57
BRDA:,8,0,0
BRDA:,8,1,57
BRF:18
BRH:13
end_of_record
TN:
SF:/Users/nekqy/WebstormProjects/rb-nekqy/rb/js/elementsPool.js
FN:,(anonymous_0)
FN:,ElementsPool
FN:,(anonymous_2)
FN:,(anonymous_3)
FN:,getScreen
FN:,prepareRelativeSide
FN:,(anonymous_6)
FN:,(anonymous_7)
FN:,(anonymous_8)
FN:,(anonymous_9)
FN:,(anonymous_10)
FNF:11
FNH:11
FNDA:4,(anonymous_0)
FNDA:41,ElementsPool
FNDA:85,(anonymous_2)
FNDA:544,(anonymous_3)
FNDA:2176,getScreen
FNDA:2164,prepareRelativeSide
FNDA:1301,(anonymous_6)
FNDA:559,(anonymous_7)
FNDA:1518,(anonymous_8)
FNDA:41,(anonymous_9)
FNDA:102,(anonymous_10)
DA:1,4
DA:5,41
DA:6,41
DA:7,41
DA:8,41
DA:10,4
DA:11,4
DA:12,85
DA:13,85
DA:14,41
DA:16,85
DA:17,42
DA:23,4
DA:25,2176
DA:28,2164
DA:30,2164
DA:31,193
DA:32,193
DA:33,193
DA:39,1971
DA:41,2164
DA:42,544
DA:43,544
DA:46,2164
DA:49,544
DA:50,544
DA:51,544
DA:52,544
DA:53,544
DA:54,544
DA:56,544
DA:57,544
DA:59,544
DA:60,544
DA:61,544
DA:62,544
DA:63,544
DA:64,544
DA:66,4
DA:67,1301
DA:68,1301
DA:69,1233
DA:71,68
DA:74,4
DA:75,559
DA:77,559
DA:78,1518
DA:80,1518
DA:85,1422
DA:86,193
DA:87,193
DA:88,193
DA:91,96
DA:92,96
DA:93,91
DA:94,91
DA:101,4
DA:102,41
DA:103,41
DA:104,102
DA:106,41
DA:107,41
DA:108,41
DA:111,4
LF:64
LH:64
BRDA:,0,0,85
BRDA:,0,1,0
BRDA:,1,0,41
BRDA:,1,1,44
BRDA:,2,0,42
BRDA:,2,1,43
BRDA:,3,0,193
BRDA:,3,1,1971
BRDA:,4,0,544
BRDA:,4,1,1620
BRDA:,5,0,544
BRDA:,5,1,544
BRDA:,6,0,544
BRDA:,6,1,381
BRDA:,7,0,544
BRDA:,7,1,386
BRDA:,8,0,544
BRDA:,8,1,468
BRDA:,9,0,544
BRDA:,9,1,385
BRDA:,10,0,1233
BRDA:,10,1,68
BRDA:,11,0,1422
BRDA:,11,1,96
BRDA:,12,0,1518
BRDA:,12,1,959
BRDA:,12,2,588
BRDA:,12,3,426
BRDA:,12,4,179
BRDA:,13,0,193
BRDA:,13,1,1229
BRDA:,14,0,96
BRDA:,14,1,0
BRDA:,15,0,91
BRDA:,15,1,5
BRDA:,16,0,96
BRDA:,16,1,11
BRF:37
BRH:35
end_of_record
TN:
SF:/Users/nekqy/WebstormProjects/rb-nekqy/rb/tests/testsWrapper.js
FN:,(anonymous_0)
FN:,TestsWrapper
FN:,(anonymous_2)
FN:,(anonymous_3)
FN:,(anonymous_4)
FN:,(anonymous_5)
FN:,(anonymous_6)
FN:,(anonymous_7)
FN:,clear
FN:,(anonymous_9)
FN:,(anonymous_10)
FN:,(anonymous_11)
FN:,(anonymous_12)
FN:,(anonymous_13)
FN:,(anonymous_14)
FN:,(anonymous_15)
FNF:16
FNH:16
FNDA:4,(anonymous_0)
FNDA:16,TestsWrapper
FNDA:180,(anonymous_2)
FNDA:31,(anonymous_3)
FNDA:179,(anonymous_4)
FNDA:28,(anonymous_5)
FNDA:167,(anonymous_6)
FNDA:16,(anonymous_7)
FNDA:41,clear
FNDA:180,(anonymous_9)
FNDA:180,(anonymous_10)
FNDA:180,(anonymous_11)
FNDA:180,(anonymous_12)
FNDA:180,(anonymous_13)
FNDA:180,(anonymous_14)
FNDA:180,(anonymous_15)
DA:1,4
DA:5,16
DA:6,16
DA:9,4
DA:10,180
DA:11,179
DA:12,179
DA:13,179
DA:14,179
DA:15,179
DA:17,180
DA:19,4
DA:20,31
DA:21,31
DA:22,179
DA:25,4
DA:26,28
DA:27,167
DA:28,167
DA:29,167
DA:31,28
DA:33,4
DA:35,41
DA:36,41
DA:37,41
DA:40,16
DA:42,16
DA:43,180
DA:44,180
DA:45,180
DA:46,180
DA:48,180
DA:49,180
DA:50,180
DA:51,180
DA:52,180
DA:53,180
DA:54,180
DA:56,0
DA:57,0
DA:58,0
DA:60,180
DA:61,180
DA:62,180
DA:63,180
DA:64,180
DA:66,0
DA:67,0
DA:68,0
DA:70,180
DA:71,180
DA:72,180
DA:73,180
DA:75,0
DA:76,0
DA:77,0
DA:82,180
DA:83,180
DA:84,180
DA:85,180
DA:86,180
DA:88,0
DA:89,0
DA:90,0
DA:91,0
DA:93,180
DA:94,180
DA:96,180
DA:97,180
DA:98,180
DA:100,0
DA:101,0
DA:102,0
DA:104,180
DA:105,180
DA:111,4
LF:76
LH:60
BRDA:,0,0,179
BRDA:,0,1,1
BRDA:,1,0,28
BRDA:,1,1,139
BRDA:,2,0,180
BRDA:,2,1,41
BRDA:,2,2,41
BRDA:,3,0,180
BRDA:,3,1,41
BRDA:,3,2,40
BRDA:,4,0,180
BRDA:,4,1,41
BRF:12
BRH:12
end_of_record
TN:
SF:/Users/nekqy/WebstormProjects/rb-nekqy/rb/vendor/lodash.js
FN:,(anonymous_0)
FN:,(anonymous_1)
FN:,addMapEntry
FN:,addSetEntry
FN:,apply
FN:,arrayAggregator
FN:,arrayEach
FN:,arrayEachRight
FN:,arrayEvery
FN:,arrayFilter
FN:,arrayIncludes
FN:,arrayIncludesWith
FN:,arrayMap
FN:,arrayPush
FN:,arrayReduce
FN:,arrayReduceRight
FN:,arraySome
FN:,asciiToArray
FN:,asciiWords
FN:,baseFindKey
FN:,(anonymous_20)
FN:,baseFindIndex
FN:,baseIndexOf
FN:,baseIndexOfWith
FN:,baseIsNaN
FN:,baseMean
FN:,baseProperty
FN:,(anonymous_27)
FN:,basePropertyOf
FN:,(anonymous_29)
FN:,baseReduce
FN:,(anonymous_31)
FN:,baseSortBy
FN:,baseSum
FN:,baseTimes
FN:,baseToPairs
FN:,(anonymous_36)
FN:,baseUnary
FN:,(anonymous_38)
FN:,baseValues
FN:,(anonymous_40)
FN:,cacheHas
FN:,charsStartIndex
FN:,charsEndIndex
FN:,countHolders
FN:,escapeStringChar
FN:,getValue
FN:,hasUnicode
FN:,hasUnicodeWord
FN:,iteratorToArray
FN:,mapToArray
FN:,(anonymous_51)
FN:,overArg
FN:,(anonymous_53)
FN:,replaceHolders
FN:,setToArray
FN:,(anonymous_56)
FN:,setToPairs
FN:,(anonymous_58)
FN:,strictIndexOf
FN:,strictLastIndexOf
FN:,stringSize
FN:,stringToArray
FN:,unicodeSize
FN:,unicodeToArray
FN:,unicodeWords
FN:,runInContext
FN:,(anonymous_67)
FN:,(anonymous_68)
FN:,lodash
FN:,(anonymous_70)
FN:,object
FN:,(anonymous_72)
FN:,baseLodash
FN:,LodashWrapper
FN:,LazyWrapper
FN:,lazyClone
FN:,lazyReverse
FN:,lazyValue
FN:,Hash
FN:,hashClear
FN:,hashDelete
FN:,hashGet
FN:,hashHas
FN:,hashSet
FN:,ListCache
FN:,listCacheClear
FN:,listCacheDelete
FN:,listCacheGet
FN:,listCacheHas
FN:,listCacheSet
FN:,MapCache
FN:,mapCacheClear
FN:,mapCacheDelete
FN:,mapCacheGet
FN:,mapCacheHas
FN:,mapCacheSet
FN:,SetCache
FN:,setCacheAdd
FN:,setCacheHas
FN:,Stack
FN:,stackClear
FN:,stackDelete
FN:,stackGet
FN:,stackHas
FN:,stackSet
FN:,arrayLikeKeys
FN:,arraySample
FN:,arraySampleSize
FN:,arrayShuffle
FN:,assignInDefaults
FN:,assignMergeValue
FN:,assignValue
FN:,assocIndexOf
FN:,baseAggregator
FN:,(anonymous_115)
FN:,baseAssign
FN:,baseAssignValue
FN:,baseAt
FN:,baseClamp
FN:,baseClone
FN:,(anonymous_121)
FN:,baseConforms
FN:,(anonymous_123)
FN:,baseConformsTo
FN:,baseDelay
FN:,(anonymous_126)
FN:,baseDifference
FN:,baseEvery
FN:,(anonymous_129)
FN:,baseExtremum
FN:,baseFill
FN:,baseFilter
FN:,(anonymous_133)
FN:,baseFlatten
FN:,baseForOwn
FN:,baseForOwnRight
FN:,baseFunctions
FN:,(anonymous_138)
FN:,baseGet
FN:,baseGetAllKeys
FN:,baseGetTag
FN:,baseGt
FN:,baseHas
FN:,baseHasIn
FN:,baseInRange
FN:,baseIntersection
FN:,baseInverter
FN:,(anonymous_148)
FN:,baseInvoke
FN:,baseIsArguments
FN:,baseIsArrayBuffer
FN:,baseIsDate
FN:,baseIsEqual
FN:,baseIsEqualDeep
FN:,baseIsMap
FN:,baseIsMatch
FN:,baseIsNative
FN:,baseIsRegExp
FN:,baseIsSet
FN:,baseIsTypedArray
FN:,baseIteratee
FN:,baseKeys
FN:,baseKeysIn
FN:,baseLt
FN:,baseMap
FN:,(anonymous_166)
FN:,baseMatches
FN:,(anonymous_168)
FN:,baseMatchesProperty
FN:,(anonymous_170)
FN:,baseMerge
FN:,(anonymous_172)
FN:,baseMergeDeep
FN:,baseNth
FN:,baseOrderBy
FN:,(anonymous_176)
FN:,(anonymous_177)
FN:,(anonymous_178)
FN:,basePick
FN:,(anonymous_180)
FN:,basePickBy
FN:,basePropertyDeep
FN:,(anonymous_183)
FN:,basePullAll
FN:,basePullAt
FN:,baseRandom
FN:,baseRange
FN:,baseRepeat
FN:,baseRest
FN:,baseSample
FN:,baseSampleSize
FN:,baseSet
FN:,(anonymous_193)
FN:,(anonymous_194)
FN:,baseShuffle
FN:,baseSlice
FN:,baseSome
FN:,(anonymous_198)
FN:,baseSortedIndex
FN:,baseSortedIndexBy
FN:,baseSortedUniq
FN:,baseToNumber
FN:,baseToString
FN:,baseUniq
FN:,baseUnset
FN:,baseUpdate
FN:,baseWhile
FN:,baseWrapperValue
FN:,(anonymous_209)
FN:,baseXor
FN:,baseZipObject
FN:,castArrayLikeObject
FN:,castFunction
FN:,castPath
FN:,castSlice
FN:,(anonymous_216)
FN:,cloneBuffer
FN:,cloneArrayBuffer
FN:,cloneDataView
FN:,cloneMap
FN:,cloneRegExp
FN:,cloneSet
FN:,cloneSymbol
FN:,cloneTypedArray
FN:,compareAscending
FN:,compareMultiple
FN:,composeArgs
FN:,composeArgsRight
FN:,copyArray
FN:,copyObject
FN:,copySymbols
FN:,createAggregator
FN:,(anonymous_233)
FN:,createAssigner
FN:,(anonymous_235)
FN:,createBaseEach
FN:,(anonymous_237)
FN:,createBaseFor
FN:,(anonymous_239)
FN:,createBind
FN:,wrapper
FN:,createCaseFirst
FN:,(anonymous_243)
FN:,createCompounder
FN:,(anonymous_245)
FN:,createCtor
FN:,(anonymous_247)
FN:,createCurry
FN:,wrapper
FN:,createFind
FN:,(anonymous_251)
FN:,(anonymous_252)
FN:,createFlow
FN:,(anonymous_254)
FN:,(anonymous_255)
FN:,createHybrid
FN:,wrapper
FN:,createInverter
FN:,(anonymous_259)
FN:,createMathOperation
FN:,(anonymous_261)
FN:,createOver
FN:,(anonymous_263)
FN:,(anonymous_264)
FN:,(anonymous_265)
FN:,createPadding
FN:,createPartial
FN:,wrapper
FN:,createRange
FN:,(anonymous_270)
FN:,createRelationalOperation
FN:,(anonymous_272)
FN:,createRecurry
FN:,createRound
FN:,(anonymous_275)
FN:,(anonymous_276)
FN:,createToPairs
FN:,(anonymous_278)
FN:,createWrap
FN:,equalArrays
FN:,(anonymous_281)
FN:,equalByTag
FN:,equalObjects
FN:,flatRest
FN:,getAllKeys
FN:,getAllKeysIn
FN:,(anonymous_287)
FN:,getFuncName
FN:,getHolder
FN:,getIteratee
FN:,getMapData
FN:,getMatchData
FN:,getNative
FN:,(anonymous_294)
FN:,(anonymous_295)
FN:,getView
FN:,getWrapDetails
FN:,hasPath
FN:,initCloneArray
FN:,initCloneObject
FN:,initCloneByTag
FN:,insertWrapDetails
FN:,isFlattenable
FN:,isIndex
FN:,isIterateeCall
FN:,isKey
FN:,isKeyable
FN:,isLaziable
FN:,isMasked
FN:,isPrototype
FN:,isStrictComparable
FN:,matchesStrictComparable
FN:,(anonymous_313)
FN:,memoizeCapped
FN:,(anonymous_315)
FN:,mergeData
FN:,mergeDefaults
FN:,nativeKeysIn
FN:,overRest
FN:,(anonymous_320)
FN:,parent
FN:,reorder
FN:,(anonymous_323)
FN:,setWrapToString
FN:,shortOut
FN:,(anonymous_326)
FN:,shuffleSelf
FN:,(anonymous_328)
FN:,(anonymous_329)
FN:,toKey
FN:,toSource
FN:,updateWrapDetails
FN:,(anonymous_333)
FN:,wrapperClone
FN:,chunk
FN:,compact
FN:,concat
FN:,(anonymous_338)
FN:,(anonymous_339)
FN:,(anonymous_340)
FN:,drop
FN:,dropRight
FN:,dropRightWhile
FN:,dropWhile
FN:,fill
FN:,findIndex
FN:,findLastIndex
FN:,flatten
FN:,flattenDeep
FN:,flattenDepth
FN:,fromPairs
FN:,head
FN:,indexOf
FN:,initial
FN:,(anonymous_355)
FN:,(anonymous_356)
FN:,(anonymous_357)
FN:,join
FN:,last
FN:,lastIndexOf
FN:,nth
FN:,pullAll
FN:,pullAllBy
FN:,pullAllWith
FN:,(anonymous_365)
FN:,(anonymous_366)
FN:,remove
FN:,reverse
FN:,slice
FN:,sortedIndex
FN:,sortedIndexBy
FN:,sortedIndexOf
FN:,sortedLastIndex
FN:,sortedLastIndexBy
FN:,sortedLastIndexOf
FN:,sortedUniq
FN:,sortedUniqBy
FN:,tail
FN:,take
FN:,takeRight
FN:,takeRightWhile
FN:,takeWhile
FN:,(anonymous_383)
FN:,(anonymous_384)
FN:,(anonymous_385)
FN:,uniq
FN:,uniqBy
FN:,uniqWith
FN:,unzip
FN:,(anonymous_390)
FN:,(anonymous_391)
FN:,unzipWith
FN:,(anonymous_393)
FN:,(anonymous_394)
FN:,(anonymous_395)
FN:,(anonymous_396)
FN:,(anonymous_397)
FN:,zipObject
FN:,zipObjectDeep
FN:,(anonymous_400)
FN:,chain
FN:,tap
FN:,thru
FN:,(anonymous_404)
FN:,(anonymous_405)
FN:,(anonymous_406)
FN:,wrapperChain
FN:,wrapperCommit
FN:,wrapperNext
FN:,wrapperToIterator
FN:,wrapperPlant
FN:,wrapperReverse
FN:,wrapperValue
FN:,(anonymous_414)
FN:,every
FN:,filter
FN:,flatMap
FN:,flatMapDeep
FN:,flatMapDepth
FN:,forEach
FN:,forEachRight
FN:,(anonymous_422)
FN:,includes
FN:,(anonymous_424)
FN:,(anonymous_425)
FN:,(anonymous_426)
FN:,map
FN:,orderBy
FN:,(anonymous_429)
FN:,(anonymous_430)
FN:,reduce
FN:,reduceRight
FN:,reject
FN:,sample
FN:,sampleSize
FN:,shuffle
FN:,size
FN:,some
FN:,(anonymous_439)
FN:,(anonymous_440)
FN:,after
FN:,(anonymous_442)
FN:,ary
FN:,before
FN:,(anonymous_445)
FN:,(anonymous_446)
FN:,(anonymous_447)
FN:,curry
FN:,curryRight
FN:,debounce
FN:,invokeFunc
FN:,leadingEdge
FN:,remainingWait
FN:,shouldInvoke
FN:,timerExpired
FN:,trailingEdge
FN:,cancel
FN:,flush
FN:,debounced
FN:,(anonymous_460)
FN:,(anonymous_461)
FN:,flip
FN:,memoize
FN:,(anonymous_464)
FN:,negate
FN:,(anonymous_466)
FN:,once
FN:,(anonymous_468)
FN:,(anonymous_469)
FN:,(anonymous_470)
FN:,(anonymous_471)
FN:,(anonymous_472)
FN:,rest
FN:,spread
FN:,(anonymous_475)
FN:,throttle
FN:,unary
FN:,wrap
FN:,castArray
FN:,clone
FN:,cloneWith
FN:,cloneDeep
FN:,cloneDeepWith
FN:,conformsTo
FN:,eq
FN:,(anonymous_486)
FN:,(anonymous_487)
FN:,(anonymous_488)
FN:,isArrayLike
FN:,isArrayLikeObject
FN:,isBoolean
FN:,isElement
FN:,isEmpty
FN:,isEqual
FN:,isEqualWith
FN:,isError
FN:,isFinite
FN:,isFunction
FN:,isInteger
FN:,isLength
FN:,isObject
FN:,isObjectLike
FN:,isMatch
FN:,isMatchWith
FN:,isNaN
FN:,isNative
FN:,isNull
FN:,isNil
FN:,isNumber
FN:,isPlainObject
FN:,isSafeInteger
FN:,isString
FN:,isSymbol
FN:,isUndefined
FN:,isWeakMap
FN:,isWeakSet
FN:,(anonymous_517)
FN:,toArray
FN:,toFinite
FN:,toInteger
FN:,toLength
FN:,toNumber
FN:,toPlainObject
FN:,toSafeInteger
FN:,toString
FN:,(anonymous_526)
FN:,(anonymous_527)
FN:,(anonymous_528)
FN:,(anonymous_529)
FN:,create
FN:,(anonymous_531)
FN:,(anonymous_532)
FN:,findKey
FN:,findLastKey
FN:,forIn
FN:,forInRight
FN:,forOwn
FN:,forOwnRight
FN:,functions
FN:,functionsIn
FN:,get
FN:,has
FN:,hasIn
FN:,(anonymous_544)
FN:,(anonymous_545)
FN:,keys
FN:,keysIn
FN:,mapKeys
FN:,(anonymous_549)
FN:,mapValues
FN:,(anonymous_551)
FN:,(anonymous_552)
FN:,(anonymous_553)
FN:,(anonymous_554)
FN:,omitBy
FN:,(anonymous_556)
FN:,pickBy
FN:,result
FN:,set
FN:,setWith
FN:,transform
FN:,(anonymous_562)
FN:,unset
FN:,update
FN:,updateWith
FN:,values
FN:,valuesIn
FN:,clamp
FN:,inRange
FN:,random
FN:,(anonymous_571)
FN:,capitalize
FN:,deburr
FN:,endsWith
FN:,escape
FN:,escapeRegExp
FN:,(anonymous_577)
FN:,(anonymous_578)
FN:,pad
FN:,padEnd
FN:,padStart
FN:,parseInt
FN:,repeat
FN:,replace
FN:,(anonymous_585)
FN:,split
FN:,(anonymous_587)
FN:,startsWith
FN:,template
FN:,(anonymous_590)
FN:,(anonymous_591)
FN:,toLower
FN:,toUpper
FN:,trim
FN:,trimEnd
FN:,trimStart
FN:,truncate
FN:,unescape
FN:,(anonymous_599)
FN:,words
FN:,(anonymous_601)
FN:,(anonymous_602)
FN:,(anonymous_603)
FN:,cond
FN:,(anonymous_605)
FN:,(anonymous_606)
FN:,conforms
FN:,constant
FN:,(anonymous_609)
FN:,defaultTo
FN:,identity
FN:,iteratee
FN:,matches
FN:,matchesProperty
FN:,(anonymous_615)
FN:,(anonymous_616)
FN:,(anonymous_617)
FN:,(anonymous_618)
FN:,mixin
FN:,(anonymous_620)
FN:,(anonymous_621)
FN:,noConflict
FN:,noop
FN:,nthArg
FN:,(anonymous_625)
FN:,property
FN:,propertyOf
FN:,(anonymous_628)
FN:,stubArray
FN:,stubFalse
FN:,stubObject
FN:,stubString
FN:,stubTrue
FN:,times
FN:,toPath
FN:,uniqueId
FN:,(anonymous_637)
FN:,(anonymous_638)
FN:,max
FN:,maxBy
FN:,mean
FN:,meanBy
FN:,min
FN:,minBy
FN:,(anonymous_645)
FN:,(anonymous_646)
FN:,sum
FN:,sumBy
FN:,(anonymous_649)
FN:,(anonymous_650)
FN:,(anonymous_651)
FN:,(anonymous_652)
FN:,(anonymous_653)
FN:,(anonymous_654)
FN:,(anonymous_655)
FN:,(anonymous_656)
FN:,(anonymous_657)
FN:,(anonymous_658)
FN:,(anonymous_659)
FN:,(anonymous_660)
FN:,(anonymous_661)
FN:,(anonymous_662)
FN:,(anonymous_663)
FN:,(anonymous_664)
FN:,(anonymous_665)
FN:,(anonymous_666)
FN:,(anonymous_667)
FN:,(anonymous_668)
FN:,(anonymous_669)
FN:,(anonymous_670)
FN:,(anonymous_671)
FN:,(anonymous_672)
FN:,(anonymous_673)
FN:,(anonymous_674)
FN:,(anonymous_675)
FN:,(anonymous_676)
FN:,(anonymous_677)
FNF:678
FNH:83
FNDA:4,(anonymous_0)
FNDA:4,(anonymous_1)
FNDA:0,addMapEntry
FNDA:0,addSetEntry
FNDA:0,apply
FNDA:0,arrayAggregator
FNDA:63,arrayEach
FNDA:0,arrayEachRight
FNDA:0,arrayEvery
FNDA:8,arrayFilter
FNDA:0,arrayIncludes
FNDA:0,arrayIncludesWith
FNDA:31,arrayMap
FNDA:0,arrayPush
FNDA:0,arrayReduce
FNDA:0,arrayReduceRight
FNDA:0,arraySome
FNDA:0,asciiToArray
FNDA:0,asciiWords
FNDA:0,baseFindKey
FNDA:0,(anonymous_20)
FNDA:0,baseFindIndex
FNDA:0,baseIndexOf
FNDA:0,baseIndexOfWith
FNDA:0,baseIsNaN
FNDA:0,baseMean
FNDA:4,baseProperty
FNDA:0,(anonymous_27)
FNDA:12,basePropertyOf
FNDA:0,(anonymous_29)
FNDA:0,baseReduce
FNDA:0,(anonymous_31)
FNDA:0,baseSortBy
FNDA:0,baseSum
FNDA:0,baseTimes
FNDA:0,baseToPairs
FNDA:0,(anonymous_36)
FNDA:0,baseUnary
FNDA:0,(anonymous_38)
FNDA:0,baseValues
FNDA:0,(anonymous_40)
FNDA:0,cacheHas
FNDA:0,charsStartIndex
FNDA:0,charsEndIndex
FNDA:0,countHolders
FNDA:0,escapeStringChar
FNDA:28,getValue
FNDA:0,hasUnicode
FNDA:0,hasUnicodeWord
FNDA:0,iteratorToArray
FNDA:0,mapToArray
FNDA:0,(anonymous_51)
FNDA:12,overArg
FNDA:28,(anonymous_53)
FNDA:0,replaceHolders
FNDA:4,setToArray
FNDA:8,(anonymous_56)
FNDA:0,setToPairs
FNDA:0,(anonymous_58)
FNDA:0,strictIndexOf
FNDA:0,strictLastIndexOf
FNDA:0,stringSize
FNDA:0,stringToArray
FNDA:0,unicodeSize
FNDA:0,unicodeToArray
FNDA:0,unicodeWords
FNDA:4,runInContext
FNDA:4,(anonymous_67)
FNDA:4,(anonymous_68)
FNDA:0,lodash
FNDA:4,(anonymous_70)
FNDA:0,object
FNDA:8,(anonymous_72)
FNDA:0,baseLodash
FNDA:0,LodashWrapper
FNDA:0,LazyWrapper
FNDA:0,lazyClone
FNDA:0,lazyReverse
FNDA:0,lazyValue
FNDA:8,Hash
FNDA:8,hashClear
FNDA:0,hashDelete
FNDA:0,hashGet
FNDA:0,hashHas
FNDA:0,hashSet
FNDA:0,ListCache
FNDA:0,listCacheClear
FNDA:0,listCacheDelete
FNDA:0,listCacheGet
FNDA:0,listCacheHas
FNDA:0,listCacheSet
FNDA:4,MapCache
FNDA:4,mapCacheClear
FNDA:0,mapCacheDelete
FNDA:0,mapCacheGet
FNDA:0,mapCacheHas
FNDA:0,mapCacheSet
FNDA:0,SetCache
FNDA:0,setCacheAdd
FNDA:0,setCacheHas
FNDA:0,Stack
FNDA:0,stackClear
FNDA:0,stackDelete
FNDA:0,stackGet
FNDA:0,stackHas
FNDA:0,stackSet
FNDA:0,arrayLikeKeys
FNDA:0,arraySample
FNDA:0,arraySampleSize
FNDA:0,arrayShuffle
FNDA:0,assignInDefaults
FNDA:0,assignMergeValue
FNDA:0,assignValue
FNDA:0,assocIndexOf
FNDA:0,baseAggregator
FNDA:0,(anonymous_115)
FNDA:0,baseAssign
FNDA:0,baseAssignValue
FNDA:0,baseAt
FNDA:0,baseClamp
FNDA:0,baseClone
FNDA:0,(anonymous_121)
FNDA:0,baseConforms
FNDA:0,(anonymous_123)
FNDA:0,baseConformsTo
FNDA:0,baseDelay
FNDA:0,(anonymous_126)
FNDA:0,baseDifference
FNDA:0,baseEvery
FNDA:0,(anonymous_129)
FNDA:0,baseExtremum
FNDA:0,baseFill
FNDA:0,baseFilter
FNDA:0,(anonymous_133)
FNDA:0,baseFlatten
FNDA:28,baseForOwn
FNDA:0,baseForOwnRight
FNDA:8,baseFunctions
FNDA:1228,(anonymous_138)
FNDA:0,baseGet
FNDA:0,baseGetAllKeys
FNDA:20,baseGetTag
FNDA:0,baseGt
FNDA:0,baseHas
FNDA:0,baseHasIn
FNDA:0,baseInRange
FNDA:0,baseIntersection
FNDA:0,baseInverter
FNDA:0,(anonymous_148)
FNDA:0,baseInvoke
FNDA:4,baseIsArguments
FNDA:0,baseIsArrayBuffer
FNDA:0,baseIsDate
FNDA:0,baseIsEqual
FNDA:0,baseIsEqualDeep
FNDA:0,baseIsMap
FNDA:0,baseIsMatch
FNDA:28,baseIsNative
FNDA:0,baseIsRegExp
FNDA:0,baseIsSet
FNDA:0,baseIsTypedArray
[...]
BRDA:,702,1,0
BRDA:,703,0,0
BRDA:,703,1,0
BRDA:,704,0,0
BRDA:,704,1,0
BRDA:,705,0,0
BRDA:,705,1,0
BRDA:,706,0,0
BRDA:,706,1,0
BRDA:,707,0,0
BRDA:,707,1,0
BRDA:,708,0,0
BRDA:,708,1,0
BRDA:,709,0,0
BRDA:,709,1,0
BRDA:,710,0,0
BRDA:,710,1,0
BRDA:,711,0,0
BRDA:,711,1,0
BRDA:,712,0,0
BRDA:,712,1,0
BRDA:,713,0,0
BRDA:,713,1,0
BRDA:,714,0,0
BRDA:,714,1,0
BRDA:,715,0,0
BRDA:,715,1,0
BRDA:,716,0,0
BRDA:,716,1,0
BRDA:,717,0,0
BRDA:,717,1,0
BRDA:,718,0,0
BRDA:,718,1,0
BRDA:,719,0,0
BRDA:,719,1,0
BRDA:,720,0,0
BRDA:,720,1,0
BRDA:,721,0,0
BRDA:,721,1,0
BRDA:,722,0,0
BRDA:,722,1,0
BRDA:,723,0,0
BRDA:,723,1,0
BRDA:,724,0,0
BRDA:,724,1,0
BRDA:,725,0,0
BRDA:,725,1,0
BRDA:,726,0,0
BRDA:,726,1,0
BRDA:,727,0,0
BRDA:,727,1,0
BRDA:,728,0,0
BRDA:,728,1,0
BRDA:,729,0,0
BRDA:,729,1,0
BRDA:,730,0,0
BRDA:,730,1,0
BRDA:,730,2,0
BRDA:,731,0,0
BRDA:,731,1,0
BRDA:,732,0,0
BRDA:,732,1,0
BRDA:,733,0,0
BRDA:,733,1,0
BRDA:,734,0,0
BRDA:,734,1,0
BRDA:,735,0,0
BRDA:,735,1,0
BRDA:,736,0,0
BRDA:,736,1,0
BRDA:,737,0,0
BRDA:,737,1,0
BRDA:,738,0,0
BRDA:,738,1,0
BRDA:,739,0,0
BRDA:,739,1,0
BRDA:,740,0,0
BRDA:,740,1,0
BRDA:,741,0,0
BRDA:,741,1,0
BRDA:,742,0,0
BRDA:,742,1,0
BRDA:,743,0,0
BRDA:,743,1,0
BRDA:,744,0,0
BRDA:,744,1,0
BRDA:,745,0,0
BRDA:,745,1,0
BRDA:,746,0,0
BRDA:,746,1,0
BRDA:,747,0,0
BRDA:,747,1,0
BRDA:,748,0,0
BRDA:,748,1,0
BRDA:,749,0,0
BRDA:,749,1,0
BRDA:,750,0,0
BRDA:,750,1,0
BRDA:,751,0,0
BRDA:,751,1,0
BRDA:,752,0,0
BRDA:,752,1,0
BRDA:,753,0,0
BRDA:,753,1,0
BRDA:,754,0,0
BRDA:,754,1,0
BRDA:,755,0,0
BRDA:,755,1,0
BRDA:,756,0,0
BRDA:,756,1,0
BRDA:,757,0,0
BRDA:,757,1,0
BRDA:,758,0,0
BRDA:,758,1,0
BRDA:,759,0,0
BRDA:,759,1,0
BRDA:,760,0,0
BRDA:,760,1,0
BRDA:,761,0,0
BRDA:,761,1,0
BRDA:,762,0,0
BRDA:,762,1,0
BRDA:,763,0,0
BRDA:,763,1,0
BRDA:,764,0,0
BRDA:,764,1,0
BRDA:,765,0,0
BRDA:,765,1,0
BRDA:,766,0,0
BRDA:,766,1,0
BRDA:,767,0,0
BRDA:,767,1,0
BRDA:,768,0,0
BRDA:,768,1,0
BRDA:,769,0,0
BRDA:,769,1,0
BRDA:,770,0,0
BRDA:,770,1,0
BRDA:,771,0,0
BRDA:,771,1,0
BRDA:,772,0,0
BRDA:,772,1,0
BRDA:,773,0,0
BRDA:,773,1,0
BRDA:,774,0,0
BRDA:,774,1,0
BRDA:,774,2,0
BRDA:,774,3,0
BRDA:,775,0,0
BRDA:,775,1,0
BRDA:,776,0,0
BRDA:,776,1,0
BRDA:,776,2,0
BRDA:,776,3,0
BRDA:,777,0,0
BRDA:,777,1,0
BRDA:,778,0,0
BRDA:,778,1,0
BRDA:,778,2,0
BRDA:,778,3,0
BRDA:,779,0,0
BRDA:,779,1,0
BRDA:,780,0,0
BRDA:,780,1,0
BRDA:,781,0,0
BRDA:,781,1,0
BRDA:,782,0,0
BRDA:,782,1,0
BRDA:,783,0,0
BRDA:,783,1,0
BRDA:,784,0,0
BRDA:,784,1,0
BRDA:,785,0,0
BRDA:,785,1,0
BRDA:,786,0,0
BRDA:,786,1,0
BRDA:,787,0,0
BRDA:,787,1,0
BRDA:,788,0,0
BRDA:,788,1,0
BRDA:,788,2,0
BRDA:,789,0,0
BRDA:,789,1,0
BRDA:,790,0,0
BRDA:,790,1,0
BRDA:,791,0,0
BRDA:,791,1,0
BRDA:,792,0,0
BRDA:,792,1,0
BRDA:,793,0,0
BRDA:,793,1,0
BRDA:,794,0,0
BRDA:,794,1,0
BRDA:,795,0,0
BRDA:,795,1,0
BRDA:,796,0,0
BRDA:,796,1,0
BRDA:,797,0,0
BRDA:,797,1,0
BRDA:,798,0,0
BRDA:,798,1,0
BRDA:,799,0,0
BRDA:,799,1,0
BRDA:,800,0,0
BRDA:,800,1,0
BRDA:,801,0,0
BRDA:,801,1,0
BRDA:,802,0,0
BRDA:,802,1,0
BRDA:,803,0,0
BRDA:,803,1,0
BRDA:,804,0,0
BRDA:,804,1,0
BRDA:,805,0,0
BRDA:,805,1,0
BRDA:,806,0,0
BRDA:,806,1,0
BRDA:,807,0,0
BRDA:,807,1,0
BRDA:,808,0,0
BRDA:,808,1,0
BRDA:,809,0,0
BRDA:,809,1,0
BRDA:,810,0,0
BRDA:,810,1,0
BRDA:,811,0,0
BRDA:,811,1,0
BRDA:,812,0,0
BRDA:,812,1,0
BRDA:,813,0,0
BRDA:,813,1,0
BRDA:,814,0,0
BRDA:,814,1,0
BRDA:,815,0,0
BRDA:,815,1,0
BRDA:,816,0,0
BRDA:,816,1,0
BRDA:,817,0,0
BRDA:,817,1,0
BRDA:,818,0,0
BRDA:,818,1,0
BRDA:,819,0,0
BRDA:,819,1,0
BRDA:,820,0,0
BRDA:,820,1,0
BRDA:,821,0,0
BRDA:,821,1,0
BRDA:,822,0,0
BRDA:,822,1,0
BRDA:,823,0,0
BRDA:,823,1,0
BRDA:,824,0,0
BRDA:,824,1,0
BRDA:,825,0,0
BRDA:,825,1,0
BRDA:,826,0,0
BRDA:,826,1,0
BRDA:,827,0,0
BRDA:,827,1,0
BRDA:,828,0,0
BRDA:,828,1,0
BRDA:,829,0,0
BRDA:,829,1,0
BRDA:,830,0,0
BRDA:,830,1,0
BRDA:,831,0,0
BRDA:,831,1,0
BRDA:,832,0,0
BRDA:,832,1,0
BRDA:,833,0,0
BRDA:,833,1,0
BRDA:,834,0,0
BRDA:,834,1,0
BRDA:,835,0,0
BRDA:,835,1,0
BRDA:,836,0,0
BRDA:,836,1,0
BRDA:,837,0,0
BRDA:,837,1,0
BRDA:,838,0,0
BRDA:,838,1,0
BRDA:,839,0,0
BRDA:,839,1,0
BRDA:,840,0,0
BRDA:,840,1,0
BRDA:,841,0,0
BRDA:,841,1,0
BRDA:,842,0,0
BRDA:,842,1,0
BRDA:,843,0,0
BRDA:,843,1,0
BRDA:,843,2,0
BRDA:,843,3,0
BRDA:,844,0,0
BRDA:,844,1,0
BRDA:,845,0,0
BRDA:,845,1,0
BRDA:,846,0,0
BRDA:,846,1,0
BRDA:,847,0,0
BRDA:,847,1,0
BRDA:,848,0,0
BRDA:,848,1,0
BRDA:,849,0,0
BRDA:,849,1,0
BRDA:,850,0,0
BRDA:,850,1,0
BRDA:,851,0,0
BRDA:,851,1,0
BRDA:,852,0,0
BRDA:,852,1,0
BRDA:,853,0,0
BRDA:,853,1,0
BRDA:,854,0,0
BRDA:,854,1,0
BRDA:,855,0,0
BRDA:,855,1,0
BRDA:,856,0,0
BRDA:,856,1,0
BRDA:,857,0,0
BRDA:,857,1,0
BRDA:,858,0,31
BRDA:,858,1,16
BRDA:,859,0,0
BRDA:,859,1,0
BRDA:,860,0,0
BRDA:,860,1,0
BRDA:,861,0,0
BRDA:,861,1,0
BRDA:,862,0,0
BRDA:,862,1,0
BRDA:,863,0,0
BRDA:,863,1,0
BRDA:,864,0,0
BRDA:,864,1,0
BRDA:,865,0,0
BRDA:,865,1,0
BRDA:,866,0,0
BRDA:,866,1,0
BRDA:,867,0,0
BRDA:,867,1,0
BRDA:,868,0,0
BRDA:,868,1,0
BRDA:,869,0,0
BRDA:,869,1,0
BRDA:,870,0,0
BRDA:,870,1,0
BRDA:,871,0,0
BRDA:,871,1,0
BRDA:,872,0,0
BRDA:,872,1,0
BRDA:,873,0,31
BRDA:,873,1,0
BRDA:,874,0,0
BRDA:,874,1,0
BRDA:,875,0,0
BRDA:,875,1,0
BRDA:,876,0,0
BRDA:,876,1,0
BRDA:,877,0,0
BRDA:,877,1,0
BRDA:,878,0,0
BRDA:,878,1,0
BRDA:,879,0,0
BRDA:,879,1,0
BRDA:,880,0,0
BRDA:,880,1,0
BRDA:,881,0,0
BRDA:,881,1,0
BRDA:,882,0,0
BRDA:,882,1,0
BRDA:,883,0,0
BRDA:,883,1,0
BRDA:,884,0,0
BRDA:,884,1,0
BRDA:,885,0,0
BRDA:,885,1,0
BRDA:,886,0,0
BRDA:,886,1,0
BRDA:,887,0,0
BRDA:,887,1,0
BRDA:,888,0,0
BRDA:,888,1,0
BRDA:,889,0,0
BRDA:,889,1,0
BRDA:,890,0,0
BRDA:,890,1,0
BRDA:,891,0,0
BRDA:,891,1,0
BRDA:,892,0,0
BRDA:,892,1,0
BRDA:,893,0,0
BRDA:,893,1,0
BRDA:,894,0,0
BRDA:,894,1,0
BRDA:,895,0,0
BRDA:,895,1,0
BRDA:,896,0,0
BRDA:,896,1,0
BRDA:,897,0,0
BRDA:,897,1,0
BRDA:,898,0,0
BRDA:,898,1,0
BRDA:,899,0,0
BRDA:,899,1,0
BRDA:,900,0,0
BRDA:,900,1,0
BRDA:,901,0,0
BRDA:,901,1,0
BRDA:,902,0,4
BRDA:,902,1,4
BRDA:,903,0,0
BRDA:,903,1,0
BRDA:,904,0,0
BRDA:,904,1,0
BRDA:,905,0,0
BRDA:,905,1,0
BRDA:,906,0,0
BRDA:,906,1,0
BRDA:,907,0,0
BRDA:,907,1,0
BRDA:,908,0,0
BRDA:,908,1,0
BRDA:,909,0,0
BRDA:,909,1,0
BRDA:,910,0,0
BRDA:,910,1,0
BRDA:,911,0,0
BRDA:,911,1,0
BRDA:,912,0,0
BRDA:,912,1,0
BRDA:,913,0,0
BRDA:,913,1,0
BRDA:,914,0,0
BRDA:,914,1,0
BRDA:,915,0,0
BRDA:,915,1,0
BRDA:,916,0,0
BRDA:,916,1,0
BRDA:,917,0,0
BRDA:,917,1,0
BRDA:,918,0,0
BRDA:,918,1,0
BRDA:,919,0,0
BRDA:,919,1,0
BRDA:,920,0,0
BRDA:,920,1,0
BRDA:,921,0,0
BRDA:,921,1,0
BRDA:,922,0,0
BRDA:,922,1,0
BRDA:,923,0,0
BRDA:,923,1,0
BRDA:,923,2,0
BRDA:,923,3,0
BRDA:,923,4,0
BRDA:,924,0,0
BRDA:,924,1,0
BRDA:,925,0,0
BRDA:,925,1,0
BRDA:,926,0,0
BRDA:,926,1,0
BRDA:,927,0,0
BRDA:,927,1,0
BRDA:,928,0,0
BRDA:,928,1,0
BRDA:,929,0,0
BRDA:,929,1,0
BRDA:,930,0,0
BRDA:,930,1,0
BRDA:,931,0,0
BRDA:,931,1,0
BRDA:,932,0,0
BRDA:,932,1,0
BRDA:,933,0,0
BRDA:,933,1,0
BRDA:,934,0,0
BRDA:,934,1,4
BRDA:,935,0,4
BRDA:,935,1,4
BRDA:,935,2,4
BRDA:,936,0,0
BRDA:,936,1,0
BRDA:,937,0,0
BRDA:,937,1,0
BRDA:,938,0,0
BRDA:,938,1,0
BRDA:,939,0,4
BRDA:,939,1,4
BRDA:,940,0,0
BRDA:,940,1,0
BRDA:,941,0,0
BRDA:,941,1,0
BRDA:,941,2,0
BRDA:,941,3,0
BRDA:,942,0,0
BRDA:,942,1,0
BRDA:,943,0,0
BRDA:,943,1,0
BRDA:,944,0,0
BRDA:,944,1,0
BRDA:,945,0,0
BRDA:,945,1,0
BRDA:,946,0,0
BRDA:,946,1,0
BRDA:,947,0,0
BRDA:,947,1,0
BRDA:,948,0,0
BRDA:,948,1,0
BRDA:,949,0,0
BRDA:,949,1,0
BRDA:,950,0,0
BRDA:,950,1,0
BRDA:,951,0,0
BRDA:,951,1,0
BRDA:,952,0,0
BRDA:,952,1,0
BRDA:,953,0,0
BRDA:,953,1,0
BRDA:,954,0,0
BRDA:,954,1,0
BRDA:,955,0,0
BRDA:,955,1,0
BRDA:,956,0,0
BRDA:,956,1,0
BRDA:,957,0,0
BRDA:,957,1,0
BRDA:,957,2,0
BRDA:,958,0,4
BRDA:,958,1,0
BRDA:,959,0,0
BRDA:,959,1,0
BRDA:,959,2,0
BRDA:,960,0,0
BRDA:,960,1,4
BRDA:,961,0,52
BRDA:,961,1,52
BRDA:,961,2,8
BRDA:,962,0,0
BRDA:,962,1,0
BRDA:,963,0,0
BRDA:,963,1,0
BRDA:,963,2,0
BRDA:,963,3,0
BRDA:,964,0,4
BRDA:,964,1,4
BRDA:,965,0,0
BRDA:,965,1,4
BRDA:,966,0,0
BRDA:,966,1,0
BRDA:,966,2,0
BRDA:,966,3,0
BRDA:,967,0,0
BRDA:,967,1,0
BRDA:,968,0,0
BRDA:,968,1,0
BRDA:,968,2,0
BRDA:,968,3,0
BRDA:,968,4,0
BRDA:,968,5,0
BRDA:,968,6,0
BRDA:,969,0,0
BRDA:,969,1,0
BRDA:,970,0,0
BRDA:,970,1,0
BRDA:,971,0,0
BRDA:,971,1,0
BRDA:,972,0,0
BRDA:,972,1,0
BRDA:,973,0,0
BRDA:,973,1,0
BRDA:,974,0,0
BRDA:,974,1,0
BRDA:,975,0,0
BRDA:,975,1,0
BRDA:,976,0,0
BRDA:,976,1,0
BRDA:,977,0,0
BRDA:,977,1,0
BRDA:,977,2,0
BRDA:,978,0,0
BRDA:,978,1,0
BRDA:,979,0,1272
BRDA:,979,1,0
BRDA:,980,0,1272
BRDA:,980,1,8
BRDA:,980,2,8
BRDA:,981,0,0
BRDA:,981,1,0
BRDA:,982,0,52
BRDA:,982,1,8
BRDA:,982,2,8
BRDA:,982,3,8
BRDA:,983,0,1320
BRDA:,983,1,1316
BRDA:,983,2,1296
BRDA:,984,0,4
BRDA:,984,1,4
BRDA:,985,0,0
BRDA:,985,1,4
BRDA:,986,0,0
BRDA:,986,1,0
BRDA:,987,0,0
BRDA:,987,1,0
BRDA:,988,0,0
BRDA:,988,1,0
BRDA:,989,0,0
BRDA:,989,1,0
BRDA:,990,0,0
BRDA:,990,1,0
BRDA:,990,2,0
BRDA:,991,0,0
BRDA:,991,1,0
BRDA:,992,0,0
BRDA:,992,1,0
BRDA:,993,0,0
BRDA:,993,1,0
BRDA:,994,0,0
BRDA:,994,1,0
BRDA:,995,0,0
BRDA:,995,1,0
BRDA:,995,2,0
BRDA:,996,0,0
BRDA:,996,1,4
BRDA:,997,0,0
BRDA:,997,1,0
BRDA:,997,2,0
BRDA:,998,0,0
BRDA:,998,1,4
BRDA:,999,0,0
BRDA:,999,1,0
BRDA:,999,2,0
BRDA:,999,3,0
BRDA:,1000,0,0
BRDA:,1000,1,0
BRDA:,1000,2,0
BRDA:,1001,0,0
BRDA:,1001,1,4
BRDA:,1002,0,0
BRDA:,1002,1,0
BRDA:,1003,0,0
BRDA:,1003,1,0
BRDA:,1004,0,0
BRDA:,1004,1,0
BRDA:,1005,0,0
BRDA:,1005,1,0
BRDA:,1006,0,0
BRDA:,1006,1,0
BRDA:,1007,0,0
BRDA:,1007,1,0
BRDA:,1008,0,0
BRDA:,1008,1,0
BRDA:,1009,0,0
BRDA:,1009,1,0
BRDA:,1010,0,0
BRDA:,1010,1,0
BRDA:,1011,0,0
BRDA:,1011,1,0
BRDA:,1012,0,0
BRDA:,1012,1,0
BRDA:,1013,0,0
BRDA:,1013,1,0
BRDA:,1014,0,0
BRDA:,1014,1,0
BRDA:,1015,0,0
BRDA:,1015,1,0
BRDA:,1016,0,0
BRDA:,1016,1,0
BRDA:,1017,0,0
BRDA:,1017,1,0
BRDA:,1018,0,0
BRDA:,1018,1,0
BRDA:,1019,0,0
BRDA:,1019,1,0
BRDA:,1020,0,0
BRDA:,1020,1,0
BRDA:,1021,0,0
BRDA:,1021,1,0
BRDA:,1022,0,0
BRDA:,1022,1,0
BRDA:,1023,0,0
BRDA:,1023,1,0
BRDA:,1024,0,0
BRDA:,1024,1,0
BRDA:,1025,0,0
BRDA:,1025,1,0
BRDA:,1026,0,0
BRDA:,1026,1,0
BRDA:,1027,0,0
BRDA:,1027,1,0
BRDA:,1028,0,0
BRDA:,1028,1,0
BRDA:,1029,0,0
BRDA:,1029,1,0
BRDA:,1030,0,0
BRDA:,1030,1,0
BRDA:,1031,0,0
BRDA:,1031,1,0
BRDA:,1032,0,0
BRDA:,1032,1,0
BRDA:,1033,0,0
BRDA:,1033,1,0
BRDA:,1034,0,0
BRDA:,1034,1,0
BRDA:,1035,0,0
BRDA:,1035,1,0
BRDA:,1036,0,0
BRDA:,1036,1,0
BRDA:,1037,0,0
BRDA:,1037,1,0
BRDA:,1038,0,0
BRDA:,1038,1,0
BRDA:,1039,0,0
BRDA:,1039,1,0
BRDA:,1040,0,0
BRDA:,1040,1,0
BRDA:,1041,0,0
BRDA:,1041,1,0
BRDA:,1042,0,0
BRDA:,1042,1,0
BRDA:,1043,0,0
BRDA:,1043,1,0
BRDA:,1044,0,0
BRDA:,1044,1,0
BRDA:,1045,0,0
BRDA:,1045,1,0
BRDA:,1046,0,0
BRDA:,1046,1,0
BRDA:,1047,0,0
BRDA:,1047,1,36
BRDA:,1048,0,0
BRDA:,1048,1,0
BRDA:,1049,0,0
BRDA:,1049,1,0
BRDA:,1050,0,0
BRDA:,1050,1,0
BRDA:,1051,0,0
BRDA:,1051,1,0
BRDA:,1052,0,0
BRDA:,1052,1,0
BRDA:,1053,0,0
BRDA:,1053,1,0
BRDA:,1054,0,0
BRDA:,1054,1,0
BRDA:,1055,0,0
BRDA:,1055,1,0
BRDA:,1056,0,0
BRDA:,1056,1,0
BRDA:,1057,0,0
BRDA:,1057,1,0
BRDA:,1058,0,0
BRDA:,1058,1,0
BRDA:,1059,0,0
BRDA:,1059,1,0
BRDA:,1060,0,0
BRDA:,1060,1,0
BRDA:,1060,2,0
BRDA:,1061,0,0
BRDA:,1061,1,0
BRDA:,1062,0,0
BRDA:,1062,1,0
BRDA:,1063,0,0
BRDA:,1063,1,0
BRDA:,1064,0,0
BRDA:,1064,1,0
BRDA:,1065,0,0
BRDA:,1065,1,0
BRDA:,1066,0,0
BRDA:,1066,1,0
BRDA:,1067,0,0
BRDA:,1067,1,0
BRDA:,1068,0,0
BRDA:,1068,1,0
BRDA:,1069,0,0
BRDA:,1069,1,0
BRDA:,1070,0,0
BRDA:,1070,1,0
BRDA:,1071,0,0
BRDA:,1071,1,0
BRDA:,1072,0,0
BRDA:,1072,1,0
BRDA:,1073,0,0
BRDA:,1073,1,0
BRDA:,1074,0,0
BRDA:,1074,1,0
BRDA:,1075,0,0
BRDA:,1075,1,0
BRDA:,1076,0,0
BRDA:,1076,1,0
BRDA:,1077,0,0
BRDA:,1077,1,0
BRDA:,1078,0,0
BRDA:,1078,1,0
BRDA:,1079,0,0
BRDA:,1079,1,0
BRDA:,1080,0,0
BRDA:,1080,1,0
BRDA:,1081,0,0
BRDA:,1081,1,0
BRDA:,1081,2,0
BRDA:,1082,0,0
BRDA:,1082,1,0
BRDA:,1083,0,0
BRDA:,1083,1,0
BRDA:,1084,0,0
BRDA:,1084,1,0
BRDA:,1085,0,0
BRDA:,1085,1,0
BRDA:,1086,0,0
BRDA:,1086,1,0
BRDA:,1087,0,0
BRDA:,1087,1,0
BRDA:,1088,0,0
BRDA:,1088,1,0
BRDA:,1089,0,0
BRDA:,1089,1,0
BRDA:,1090,0,0
BRDA:,1090,1,0
BRDA:,1090,2,0
BRDA:,1091,0,0
BRDA:,1091,1,0
BRDA:,1092,0,0
BRDA:,1092,1,0
BRDA:,1093,0,0
BRDA:,1093,1,0
BRDA:,1094,0,0
BRDA:,1094,1,0
BRDA:,1095,0,0
BRDA:,1095,1,0
BRDA:,1096,0,0
BRDA:,1096,1,0
BRDA:,1097,0,0
BRDA:,1097,1,0
BRDA:,1098,0,0
BRDA:,1098,1,0
BRDA:,1099,0,0
BRDA:,1099,1,0
BRDA:,1100,0,0
BRDA:,1100,1,0
BRDA:,1101,0,0
BRDA:,1101,1,0
BRDA:,1102,0,0
BRDA:,1102,1,0
BRDA:,1103,0,0
BRDA:,1103,1,0
BRDA:,1104,0,0
BRDA:,1104,1,0
BRDA:,1105,0,0
BRDA:,1105,1,0
BRDA:,1106,0,0
BRDA:,1106,1,0
BRDA:,1107,0,0
BRDA:,1107,1,0
BRDA:,1108,0,0
BRDA:,1108,1,0
BRDA:,1109,0,0
BRDA:,1109,1,0
BRDA:,1110,0,0
BRDA:,1110,1,0
BRDA:,1111,0,0
BRDA:,1111,1,0
BRDA:,1112,0,0
BRDA:,1112,1,0
BRDA:,1113,0,0
BRDA:,1113,1,0
BRDA:,1114,0,0
BRDA:,1114,1,0
BRDA:,1115,0,0
BRDA:,1115,1,0
BRDA:,1116,0,0
BRDA:,1116,1,0
BRDA:,1117,0,0
BRDA:,1117,1,0
BRDA:,1118,0,0
BRDA:,1118,1,0
BRDA:,1119,0,0
BRDA:,1119,1,0
BRDA:,1119,2,0
BRDA:,1120,0,0
BRDA:,1120,1,0
BRDA:,1121,0,0
BRDA:,1121,1,0
BRDA:,1122,0,0
BRDA:,1122,1,0
BRDA:,1123,0,0
BRDA:,1123,1,0
BRDA:,1123,2,0
BRDA:,1123,3,0
BRDA:,1124,0,0
BRDA:,1124,1,0
BRDA:,1125,0,0
BRDA:,1125,1,0
BRDA:,1126,0,0
BRDA:,1126,1,0
BRDA:,1127,0,0
BRDA:,1127,1,0
BRDA:,1128,0,0
BRDA:,1128,1,0
BRDA:,1129,0,0
BRDA:,1129,1,0
BRDA:,1130,0,0
BRDA:,1130,1,0
BRDA:,1131,0,0
BRDA:,1131,1,0
BRDA:,1132,0,0
BRDA:,1132,1,0
BRDA:,1133,0,0
BRDA:,1133,1,0
BRDA:,1134,0,0
BRDA:,1134,1,0
BRDA:,1135,0,0
BRDA:,1135,1,0
BRDA:,1136,0,0
BRDA:,1136,1,0
BRDA:,1137,0,0
BRDA:,1137,1,0
BRDA:,1138,0,0
BRDA:,1138,1,0
BRDA:,1139,0,0
BRDA:,1139,1,0
BRDA:,1140,0,0
BRDA:,1140,1,0
BRDA:,1141,0,0
BRDA:,1141,1,0
BRDA:,1142,0,0
BRDA:,1142,1,0
BRDA:,1143,0,0
BRDA:,1143,1,0
BRDA:,1144,0,0
BRDA:,1144,1,0
BRDA:,1145,0,0
BRDA:,1145,1,0
BRDA:,1146,0,0
BRDA:,1146,1,0
BRDA:,1146,2,0
BRDA:,1147,0,0
BRDA:,1147,1,0
BRDA:,1148,0,0
BRDA:,1148,1,0
BRDA:,1149,0,0
BRDA:,1149,1,0
BRDA:,1150,0,0
BRDA:,1150,1,0
BRDA:,1150,2,0
BRDA:,1151,0,0
BRDA:,1151,1,0
BRDA:,1152,0,0
BRDA:,1152,1,0
BRDA:,1153,0,0
BRDA:,1153,1,0
BRDA:,1154,0,0
BRDA:,1154,1,0
BRDA:,1154,2,0
BRDA:,1155,0,0
BRDA:,1155,1,0
BRDA:,1156,0,0
BRDA:,1156,1,0
BRDA:,1157,0,0
BRDA:,1157,1,0
BRDA:,1158,0,0
BRDA:,1158,1,0
BRDA:,1159,0,0
BRDA:,1159,1,0
BRDA:,1160,0,0
BRDA:,1160,1,0
BRDA:,1161,0,0
BRDA:,1161,1,0
BRDA:,1162,0,0
BRDA:,1162,1,0
BRDA:,1163,0,0
BRDA:,1163,1,0
BRDA:,1164,0,0
BRDA:,1164,1,0
BRDA:,1165,0,0
BRDA:,1165,1,0
BRDA:,1166,0,0
BRDA:,1166,1,0
BRDA:,1167,0,0
BRDA:,1167,1,0
BRDA:,1168,0,0
BRDA:,1168,1,0
BRDA:,1169,0,0
BRDA:,1169,1,0
BRDA:,1170,0,0
BRDA:,1170,1,0
BRDA:,1171,0,0
BRDA:,1171,1,0
BRDA:,1172,0,0
BRDA:,1172,1,0
BRDA:,1173,0,0
BRDA:,1173,1,0
BRDA:,1174,0,0
BRDA:,1174,1,0
BRDA:,1175,0,0
BRDA:,1175,1,0
BRDA:,1176,0,0
BRDA:,1176,1,0
BRDA:,1177,0,0
BRDA:,1177,1,0
BRDA:,1178,0,0
BRDA:,1178,1,0
BRDA:,1179,0,0
BRDA:,1179,1,0
BRDA:,1180,0,0
BRDA:,1180,1,0
BRDA:,1181,0,0
BRDA:,1181,1,0
BRDA:,1182,0,0
BRDA:,1182,1,0
BRDA:,1183,0,0
BRDA:,1183,1,0
BRDA:,1184,0,0
BRDA:,1184,1,0
BRDA:,1185,0,0
BRDA:,1185,1,0
BRDA:,1186,0,0
BRDA:,1186,1,0
BRDA:,1187,0,0
BRDA:,1187,1,0
BRDA:,1188,0,0
BRDA:,1188,1,8
BRDA:,1189,0,8
BRDA:,1189,1,4
BRDA:,1190,0,4
BRDA:,1190,1,4
BRDA:,1190,2,0
BRDA:,1191,0,8
BRDA:,1191,1,4
BRDA:,1192,0,8
BRDA:,1192,1,4
BRDA:,1193,0,1220
BRDA:,1193,1,0
BRDA:,1194,0,0
BRDA:,1194,1,0
BRDA:,1195,0,0
BRDA:,1195,1,0
BRDA:,1196,0,0
BRDA:,1196,1,0
BRDA:,1197,0,0
BRDA:,1197,1,0
BRDA:,1198,0,0
BRDA:,1198,1,0
BRDA:,1199,0,0
BRDA:,1199,1,0
BRDA:,1200,0,0
BRDA:,1200,1,0
BRDA:,1201,0,0
BRDA:,1201,1,0
BRDA:,1202,0,0
BRDA:,1202,1,0
BRDA:,1203,0,0
BRDA:,1203,1,0
BRDA:,1204,0,0
BRDA:,1204,1,0
BRDA:,1205,0,0
BRDA:,1205,1,0
BRDA:,1206,0,0
BRDA:,1206,1,0
BRDA:,1207,0,0
BRDA:,1207,1,0
BRDA:,1208,0,0
BRDA:,1208,1,0
BRDA:,1209,0,0
BRDA:,1209,1,0
BRDA:,1210,0,0
BRDA:,1210,1,0
BRDA:,1211,0,0
BRDA:,1211,1,0
BRDA:,1212,0,0
BRDA:,1212,1,0
BRDA:,1213,0,0
BRDA:,1213,1,0
BRDA:,1214,0,0
BRDA:,1214,1,0
BRDA:,1215,0,612
BRDA:,1215,1,612
BRDA:,1216,0,0
BRDA:,1216,1,0
BRDA:,1217,0,0
BRDA:,1217,1,0
BRDA:,1218,0,0
BRDA:,1218,1,0
BRDA:,1219,0,0
BRDA:,1219,1,0
BRDA:,1220,0,0
BRDA:,1220,1,0
BRDA:,1221,0,12
BRDA:,1221,1,8
BRDA:,1222,0,0
BRDA:,1222,1,0
BRDA:,1223,0,4
BRDA:,1223,1,4
BRDA:,1224,0,4
BRDA:,1224,1,4
BRDA:,1225,0,0
BRDA:,1225,1,0
BRDA:,1226,0,0
BRDA:,1226,1,0
BRDA:,1227,0,0
BRDA:,1227,1,0
BRDA:,1228,0,0
BRDA:,1228,1,0
BRDA:,1228,2,0
BRDA:,1229,0,0
BRDA:,1229,1,0
BRDA:,1230,0,0
BRDA:,1230,1,0
BRDA:,1231,0,0
BRDA:,1231,1,0
BRDA:,1232,0,0
BRDA:,1232,1,0
BRDA:,1233,0,8
BRDA:,1233,1,68
BRDA:,1234,0,4
BRDA:,1234,1,4
BRDA:,1235,0,76
BRDA:,1235,1,68
BRDA:,1236,0,0
BRDA:,1236,1,76
BRDA:,1237,0,0
BRDA:,1237,1,0
BRDA:,1238,0,0
BRDA:,1238,1,0
BRDA:,1239,0,0
BRDA:,1239,1,0
BRDA:,1240,0,0
BRDA:,1240,1,0
BRDA:,1241,0,0
BRDA:,1241,1,0
BRDA:,1242,0,0
BRDA:,1242,1,0
BRDA:,1242,2,0
BRDA:,1242,3,0
BRDA:,1243,0,0
BRDA:,1243,1,0
BRDA:,1244,0,0
BRDA:,1244,1,0
BRDA:,1245,0,0
BRDA:,1245,1,0
BRDA:,1246,0,0
BRDA:,1246,1,0
BRDA:,1247,0,0
BRDA:,1247,1,0
BRDA:,1248,0,0
BRDA:,1248,1,0
BRDA:,1249,0,0
BRDA:,1249,1,0
BRDA:,1250,0,0
BRDA:,1250,1,0
BRDA:,1251,0,0
BRDA:,1251,1,0
BRDA:,1252,0,12
BRDA:,1252,1,12
BRDA:,1253,0,0
BRDA:,1253,1,0
BRDA:,1254,0,0
BRDA:,1254,1,0
BRDA:,1255,0,0
BRDA:,1255,1,0
BRDA:,1256,0,0
BRDA:,1256,1,0
BRDA:,1257,0,76
BRDA:,1257,1,0
BRDA:,1258,0,76
BRDA:,1258,1,68
BRDA:,1259,0,4
BRDA:,1259,1,0
BRDA:,1260,0,4
BRDA:,1260,1,0
BRDA:,1261,0,4
BRDA:,1261,1,4
BRDA:,1261,2,4
BRDA:,1262,0,0
BRDA:,1262,1,0
BRF:2750
BRH:190
end_of_record
TN:
SF:/Users/nekqy/WebstormProjects/rb-nekqy/rb/tests/gotoscreen.spec.js
FN:,(anonymous_0)
FN:,initEach
FN:,create
FN:,init
FN:,init1
FN:,goToScreen
FN:,(anonymous_6)
FNF:7
FNH:7
FNDA:1,(anonymous_0)
FNDA:4,initEach
FNDA:40,create
FNDA:4,init
FNDA:4,init1
FNDA:16,goToScreen
FNDA:16,(anonymous_6)
DA:1,1
DA:5,1
DA:6,1
DA:7,1
DA:10,4
DA:13,40
DA:14,40
DA:15,40
DA:18,4
DA:19,4
DA:20,40
DA:22,4
DA:24,4
DA:27,4
DA:28,4
DA:35,4
DA:36,32
DA:39,4
DA:40,4
DA:41,4
DA:42,2
DA:45,4
DA:49,16
DA:50,16
DA:54,1
DA:55,1
DA:61,1
DA:65,1
DA:66,1
DA:73,1
DA:77,1
DA:78,1
DA:84,1
DA:88,1
DA:89,1
DA:97,1
LF:36
LH:36
BRDA:,0,0,2
BRDA:,0,1,2
BRF:2
BRH:2
end_of_record
TN:
SF:/Users/nekqy/WebstormProjects/rb-nekqy/rb/tests/markup.spec.js
FN:,(anonymous_0)
FN:,initEach
FN:,init
FN:,init2
FN:,init3
FN:,(anonymous_5)
FN:,(anonymous_6)
FN:,(anonymous_7)
FNF:8
FNH:8
FNDA:1,(anonymous_0)
FNDA:13,initEach
FNDA:12,init
FNDA:8,init2
FNDA:4,init3
FNDA:4,(anonymous_5)
FNDA:4,(anonymous_6)
FNDA:4,(anonymous_7)
DA:1,1
DA:4,1
DA:8,1
DA:12,1
DA:16,1
DA:23,1
DA:27,1
DA:33,1
DA:37,1
DA:44,1
DA:47,1
DA:50,13
DA:52,13
DA:53,13
DA:54,13
DA:55,13
DA:56,13
DA:57,13
DA:58,13
DA:59,13
DA:60,13
DA:62,13
DA:65,12
DA:66,12
DA:73,8
DA:74,8
DA:77,4
DA:78,4
DA:81,1
DA:83,1
DA:84,1
DA:87,4
DA:88,4
DA:89,4
DA:90,4
DA:91,4
DA:94,1
DA:97,4
DA:98,4
DA:99,4
DA:100,4
DA:102,4
DA:105,1
DA:108,4
DA:109,4
DA:110,4
DA:111,4
DA:113,4
DA:117,1
LF:49
LH:49
BRDA:,0,0,1
BRDA:,0,1,3
BRDA:,1,0,1
BRDA:,1,1,3
BRDA:,2,0,1
BRDA:,2,1,3
BRDA:,3,0,1
BRDA:,3,1,3
BRDA:,4,0,1
BRDA:,4,1,3
BRDA:,5,0,1
BRDA:,5,1,3
BRDA:,6,0,1
BRDA:,6,1,3
BRDA:,7,0,1
BRDA:,7,1,3
BRDA:,8,0,1
BRDA:,8,1,3
BRDA:,9,0,1
BRDA:,9,1,3
BRDA:,10,0,1
BRDA:,10,1,3
BRDA:,11,0,1
BRDA:,11,1,3
BRF:24
BRH:24
end_of_record
TN:
SF:/Users/nekqy/WebstormProjects/rb-nekqy/rb/tests/routing.spec.js
FN:,(anonymous_0)
FN:,initEach
FN:,init
FN:,init2
FN:,initEach3
FN:,init3
FNF:6
FNH:6
FNDA:1,(anonymous_0)
FNDA:10,initEach
FNDA:6,init
FNDA:4,init2
FNDA:6,initEach3
FNDA:6,init3
DA:1,1
DA:5,1
DA:6,1
DA:7,1
DA:8,1
DA:11,10
DA:13,10
DA:14,10
DA:15,10
DA:16,10
DA:17,10
DA:18,10
DA:19,10
DA:20,10
DA:21,10
DA:23,10
DA:26,6
DA:27,6
DA:29,6
DA:34,6
DA:35,0
DA:36,0
DA:37,0
DA:42,6
DA:43,6
DA:46,4
DA:47,4
DA:49,4
DA:50,4
DA:57,6
DA:59,6
DA:60,6
DA:61,6
DA:62,6
DA:63,6
DA:67,6
DA:71,6
DA:75,6
DA:79,6
DA:81,6
DA:84,6
DA:86,6
DA:91,6
DA:92,0
DA:93,0
DA:94,0
DA:99,6
DA:100,6
DA:103,1
DA:104,1
DA:130,1
DA:135,1
DA:143,1
DA:149,1
DA:155,1
DA:162,1
DA:164,1
DA:165,1
DA:169,1
DA:173,1
DA:177,1
DA:181,1
DA:183,1
DA:184,1
DA:210,1
DA:215,1
DA:223,1
DA:229,1
DA:235,1
DA:242,1
LF:70
LH:64
BRDA:,0,0,0
BRDA:,0,1,6
BRDA:,1,0,0
BRDA:,1,1,0
BRDA:,2,0,0
BRDA:,2,1,6
BRDA:,3,0,0
BRDA:,3,1,0
BRF:8
BRH:2
end_of_record
TN:
SF:/Users/nekqy/WebstormProjects/rb-nekqy/rb/tests/screenOptions.spec.js
FNF:0
FNH:0
LF:0
LH:0
BRF:0
BRH:0
end_of_record
TN:
SF:/Users/nekqy/WebstormProjects/rb-nekqy/rb/tests/someScreens.spec.js
FNF:0
FNH:0
LF:0
LH:0
BRF:0
BRH:0
end_of_record
