TN:
SF:/Users/nekqy/WebstormProjects/rb-nekqy/tests/complexTests.spec.js
FN:,(anonymous_0)
FN:,initEach
FN:,(anonymous_2)
FN:,init
FN:,(anonymous_4)
FN:,checkComplex
FN:,(anonymous_6)
FN:,(anonymous_7)
FN:,(anonymous_8)
FN:,(anonymous_9)
FN:,(anonymous_10)
FN:,(anonymous_11)
FN:,(anonymous_12)
FN:,(anonymous_13)
FN:,(anonymous_14)
FN:,(anonymous_15)
FN:,(anonymous_16)
FN:,(anonymous_17)
FN:,(anonymous_18)
FN:,(anonymous_19)
FN:,(anonymous_20)
FN:,(anonymous_21)
FN:,(anonymous_22)
FN:,(anonymous_23)
FN:,(anonymous_24)
FN:,(anonymous_25)
FN:,(anonymous_26)
FN:,(anonymous_27)
FN:,(anonymous_28)
FN:,(anonymous_29)
FN:,(anonymous_30)
FN:,(anonymous_31)
FN:,(anonymous_32)
FN:,(anonymous_33)
FN:,(anonymous_34)
FN:,(anonymous_35)
FN:,(anonymous_36)
FN:,(anonymous_37)
FN:,(anonymous_38)
FN:,(anonymous_39)
FN:,(anonymous_40)
FN:,(anonymous_41)
FN:,(anonymous_42)
FN:,(anonymous_43)
FN:,(anonymous_44)
FN:,(anonymous_45)
FN:,(anonymous_46)
FN:,(anonymous_47)
FN:,(anonymous_48)
FN:,(anonymous_49)
FN:,(anonymous_50)
FN:,(anonymous_51)
FN:,(anonymous_52)
FN:,(anonymous_53)
FN:,(anonymous_54)
FN:,(anonymous_55)
FN:,(anonymous_56)
FN:,(anonymous_57)
FN:,(anonymous_58)
FN:,(anonymous_59)
FN:,(anonymous_60)
FN:,(anonymous_61)
FN:,(anonymous_62)
FN:,(anonymous_63)
FN:,(anonymous_64)
FN:,(anonymous_65)
FNF:66
FNH:66
FNDA:1,(anonymous_0)
FNDA:8,initEach
FNDA:8,(anonymous_2)
FNDA:8,init
FNDA:8,(anonymous_4)
FNDA:51,checkComplex
FNDA:51,(anonymous_6)
FNDA:1,(anonymous_7)
FNDA:1,(anonymous_8)
FNDA:1,(anonymous_9)
FNDA:1,(anonymous_10)
FNDA:1,(anonymous_11)
FNDA:1,(anonymous_12)
FNDA:1,(anonymous_13)
FNDA:1,(anonymous_14)
FNDA:1,(anonymous_15)
FNDA:1,(anonymous_16)
FNDA:1,(anonymous_17)
FNDA:1,(anonymous_18)
FNDA:1,(anonymous_19)
FNDA:1,(anonymous_20)
FNDA:1,(anonymous_21)
FNDA:1,(anonymous_22)
FNDA:1,(anonymous_23)
FNDA:1,(anonymous_24)
FNDA:1,(anonymous_25)
FNDA:1,(anonymous_26)
FNDA:1,(anonymous_27)
FNDA:1,(anonymous_28)
FNDA:1,(anonymous_29)
FNDA:1,(anonymous_30)
FNDA:1,(anonymous_31)
FNDA:1,(anonymous_32)
FNDA:1,(anonymous_33)
FNDA:1,(anonymous_34)
FNDA:1,(anonymous_35)
FNDA:1,(anonymous_36)
FNDA:1,(anonymous_37)
FNDA:1,(anonymous_38)
FNDA:1,(anonymous_39)
FNDA:1,(anonymous_40)
FNDA:1,(anonymous_41)
FNDA:1,(anonymous_42)
FNDA:1,(anonymous_43)
FNDA:1,(anonymous_44)
FNDA:1,(anonymous_45)
FNDA:1,(anonymous_46)
FNDA:1,(anonymous_47)
FNDA:1,(anonymous_48)
FNDA:1,(anonymous_49)
FNDA:1,(anonymous_50)
FNDA:1,(anonymous_51)
FNDA:1,(anonymous_52)
FNDA:1,(anonymous_53)
FNDA:1,(anonymous_54)
FNDA:1,(anonymous_55)
FNDA:1,(anonymous_56)
FNDA:1,(anonymous_57)
FNDA:1,(anonymous_58)
FNDA:1,(anonymous_59)
FNDA:1,(anonymous_60)
FNDA:1,(anonymous_61)
FNDA:1,(anonymous_62)
FNDA:1,(anonymous_63)
FNDA:1,(anonymous_64)
FNDA:1,(anonymous_65)
DA:1,1
DA:4,1
DA:5,1
DA:8,8
DA:9,8
DA:10,8
DA:12,8
DA:13,8
DA:14,40
DA:17,40
DA:18,10
DA:19,10
DA:20,10
DA:25,40
DA:27,8
DA:28,8
DA:29,8
DA:33,8
DA:34,8
DA:36,8
DA:41,8
DA:42,2
DA:43,3
DA:44,3
DA:49,8
DA:50,8
DA:54,51
DA:55,51
DA:56,51
DA:57,51
DA:58,51
DA:59,51
DA:60,51
DA:61,51
DA:63,51
DA:64,51
DA:65,51
DA:66,51
DA:67,51
DA:68,51
DA:69,51
DA:73,1
DA:74,1
DA:75,1
DA:79,1
DA:105,1
DA:138,1
DA:177,1
DA:222,1
DA:272,1
DA:274,1
DA:275,1
DA:276,1
DA:280,1
DA:305,1
DA:331,1
DA:363,1
DA:400,1
DA:441,1
DA:443,1
DA:444,1
DA:447,1
DA:473,1
DA:506,1
DA:545,1
DA:590,1
DA:640,1
DA:641,1
DA:644,1
DA:645,1
DA:648,1
DA:673,1
DA:699,1
DA:731,1
DA:768,1
DA:809,1
DA:810,1
DA:813,1
DA:814,1
DA:815,1
DA:819,1
DA:845,1
DA:877,1
DA:914,1
DA:957,1
DA:1005,1
DA:1009,1
DA:1010,1
DA:1011,1
DA:1017,1
DA:1040,1
DA:1064,1
DA:1088,1
DA:1118,1
DA:1147,1
DA:1151,1
DA:1152,1
DA:1153,1
DA:1154,1
DA:1155,1
DA:1156,1
DA:1157,1
DA:1164,1
DA:1190,1
DA:1222,1
DA:1259,1
DA:1298,1
DA:1340,1
DA:1378,1
DA:1416,1
DA:1454,1
DA:1491,1
DA:1493,1
DA:1494,1
DA:1495,1
DA:1496,1
DA:1500,1
DA:1525,1
DA:1554,1
DA:1583,1
DA:1617,1
DA:1651,1
DA:1690,1
DA:1735,1
DA:1787,1
DA:1844,1
DA:1907,1
DA:1975,1
DA:2048,1
LF:129
LH:129
BRDA:,0,0,8
BRDA:,0,1,0
BRDA:,1,0,10
BRDA:,1,1,30
BRDA:,2,0,10
BRDA:,2,1,0
BRDA:,3,0,8
BRDA:,3,1,8
BRDA:,4,0,8
BRDA:,4,1,6
BRDA:,5,0,2
BRDA:,5,1,6
BRDA:,6,0,3
BRDA:,6,1,0
BRDA:,7,0,51
BRDA:,7,1,51
BRDA:,8,0,51
BRDA:,8,1,51
BRDA:,9,0,51
BRDA:,9,1,51
BRDA:,10,0,51
BRDA:,10,1,51
BRDA:,11,0,51
BRDA:,11,1,51
BRF:24
BRH:21
end_of_record
TN:
SF:/Users/nekqy/WebstormProjects/rb-nekqy/tests/core-test.js
FN:,(anonymous_0)
FN:,count
FN:,checkScreen
FN:,(anonymous_3)
FN:,nop
FN:,nopDone
FN:,checkMarkup
FN:,(anonymous_7)
FN:,checkElementsPool
FN:,(anonymous_9)
FN:,(anonymous_10)
FN:,(anonymous_11)
FN:,checkScreenManager
FN:,(anonymous_13)
FN:,checkRelativeScreens
FN:,(anonymous_15)
FN:,checkHistory
FN:,(anonymous_17)
FN:,(anonymous_18)
FN:,move
FN:,(anonymous_20)
FN:,moveBack
FN:,(anonymous_22)
FN:,configure
FN:,(anonymous_24)
FN:,setScreen
FN:,(anonymous_26)
FN:,reload
FN:,(anonymous_28)
FN:,goToScreen
FN:,(anonymous_30)
FN:,(anonymous_31)
FN:,checkError
FN:,(anonymous_33)
FNF:34
FNH:27
FNDA:4,(anonymous_0)
FNDA:0,count
FNDA:213,checkScreen
FNDA:213,(anonymous_3)
FNDA:6,nop
FNDA:9,nopDone
FNDA:13,checkMarkup
FNDA:13,(anonymous_7)
FNDA:51,checkElementsPool
FNDA:51,(anonymous_9)
FNDA:74,(anonymous_10)
FNDA:74,(anonymous_11)
FNDA:51,checkScreenManager
FNDA:51,(anonymous_13)
FNDA:51,checkRelativeScreens
FNDA:51,(anonymous_15)
FNDA:51,checkHistory
FNDA:51,(anonymous_17)
FNDA:107,(anonymous_18)
FNDA:162,move
FNDA:162,(anonymous_20)
FNDA:33,moveBack
FNDA:33,(anonymous_22)
FNDA:6,configure
FNDA:6,(anonymous_24)
FNDA:0,setScreen
FNDA:0,(anonymous_26)
FNDA:0,reload
FNDA:0,(anonymous_28)
FNDA:16,goToScreen
FNDA:16,(anonymous_30)
FNDA:2,(anonymous_31)
FNDA:0,checkError
FNDA:0,(anonymous_33)
DA:1,4
DA:5,0
DA:6,0
DA:9,213
DA:10,213
DA:11,213
DA:12,213
DA:13,0
DA:15,213
DA:21,9
DA:24,13
DA:25,13
DA:26,13
DA:27,13
DA:28,0
DA:30,13
DA:35,51
DA:36,51
DA:37,51
DA:38,51
DA:39,51
DA:40,51
DA:42,51
DA:43,51
DA:44,51
DA:45,51
DA:46,51
DA:47,74
DA:48,74
DA:51,51
DA:52,51
DA:53,51
DA:54,51
DA:55,51
DA:56,51
DA:57,51
DA:58,51
DA:59,74
DA:60,74
DA:61,74
DA:62,74
DA:63,74
DA:66,51
DA:67,51
DA:68,51
DA:69,51
DA:70,51
DA:71,51
DA:72,51
DA:73,51
DA:74,51
DA:75,51
DA:76,51
DA:80,51
DA:81,51
DA:82,51
DA:83,51
DA:84,51
DA:86,51
DA:87,51
DA:88,51
DA:89,51
DA:90,51
DA:91,51
DA:92,51
DA:93,51
DA:94,51
DA:95,51
DA:96,51
DA:97,51
DA:98,51
DA:99,51
DA:101,51
DA:105,51
DA:106,51
DA:107,51
DA:108,51
DA:110,51
DA:111,51
DA:112,51
DA:113,51
DA:114,52
DA:115,52
DA:116,52
DA:117,52
DA:118,52
DA:119,52
DA:120,52
DA:121,52
DA:122,52
DA:123,52
DA:124,52
DA:125,52
DA:128,51
DA:132,51
DA:133,51
DA:134,51
DA:135,51
DA:136,51
DA:138,51
DA:139,51
DA:140,51
DA:141,107
DA:142,107
DA:143,107
DA:144,107
DA:145,107
DA:146,107
DA:147,107
DA:148,107
DA:150,51
DA:155,162
DA:156,162
DA:157,162
DA:161,33
DA:162,33
DA:163,33
DA:164,33
DA:165,22
DA:167,11
DA:172,6
DA:173,6
DA:174,6
DA:175,6
DA:177,0
DA:178,0
DA:180,6
DA:184,0
DA:185,0
DA:186,0
DA:190,0
DA:191,0
DA:192,0
DA:193,0
DA:195,0
DA:196,0
DA:198,0
DA:202,16
DA:203,16
DA:204,16
DA:205,2
DA:206,2
DA:207,2
DA:209,2
DA:215,0
DA:216,0
DA:217,0
DA:218,0
DA:219,0
DA:221,0
DA:225,4
LF:151
LH:129
BRDA:,0,0,0
BRDA:,0,1,213
BRDA:,1,0,0
BRDA:,1,1,13
BRDA:,2,0,51
BRDA:,2,1,51
BRDA:,3,0,51
BRDA:,3,1,0
BRDA:,4,0,51
BRDA:,4,1,51
BRDA:,5,0,51
BRDA:,5,1,0
BRDA:,6,0,74
BRDA:,6,1,74
BRDA:,7,0,74
BRDA:,7,1,0
BRDA:,8,0,0
BRDA:,8,1,0
BRDA:,9,0,51
BRDA:,9,1,51
BRDA:,10,0,51
BRDA:,10,1,0
BRDA:,11,0,0
BRDA:,11,1,0
BRDA:,12,0,51
BRDA:,12,1,51
BRDA:,13,0,51
BRDA:,13,1,0
BRDA:,14,0,0
BRDA:,14,1,0
BRDA:,14,2,0
BRDA:,15,0,0
BRDA:,15,1,0
BRDA:,16,0,51
BRDA:,16,1,51
BRDA:,17,0,51
BRDA:,17,1,0
BRDA:,18,0,0
BRDA:,18,1,0
BRDA:,19,0,74
BRDA:,19,1,74
BRDA:,20,0,74
BRDA:,20,1,0
BRDA:,21,0,0
BRDA:,21,1,0
BRDA:,22,0,74
BRDA:,22,1,74
BRDA:,23,0,74
BRDA:,23,1,0
BRDA:,24,0,0
BRDA:,24,1,0
BRDA:,24,2,0
BRDA:,25,0,0
BRDA:,25,1,0
BRDA:,26,0,51
BRDA:,26,1,51
BRDA:,27,0,51
BRDA:,27,1,0
BRDA:,28,0,51
BRDA:,28,1,51
BRDA:,29,0,51
BRDA:,29,1,0
BRDA:,30,0,51
BRDA:,30,1,51
BRDA:,31,0,51
BRDA:,31,1,0
BRDA:,32,0,51
BRDA:,32,1,51
BRDA:,33,0,51
BRDA:,33,1,0
BRDA:,34,0,51
BRDA:,34,1,51
BRDA:,35,0,51
BRDA:,35,1,0
BRDA:,36,0,51
BRDA:,36,1,51
BRDA:,36,2,51
BRDA:,37,0,51
BRDA:,37,1,0
BRDA:,38,0,0
BRDA:,38,1,0
BRDA:,39,0,0
BRDA:,39,1,0
BRDA:,40,0,51
BRDA:,40,1,51
BRDA:,41,0,51
BRDA:,41,1,0
BRDA:,42,0,0
BRDA:,42,1,0
BRDA:,43,0,0
BRDA:,43,1,0
BRDA:,44,0,51
BRDA:,44,1,51
BRDA:,45,0,51
BRDA:,45,1,0
BRDA:,46,0,0
BRDA:,46,1,0
BRDA:,47,0,0
BRDA:,47,1,0
BRDA:,48,0,51
BRDA:,48,1,51
BRDA:,49,0,51
BRDA:,49,1,0
BRDA:,50,0,0
BRDA:,50,1,0
BRDA:,51,0,0
BRDA:,51,1,0
BRDA:,52,0,51
BRDA:,52,1,51
BRDA:,53,0,51
BRDA:,53,1,0
BRDA:,54,0,0
BRDA:,54,1,0
BRDA:,55,0,0
BRDA:,55,1,0
BRDA:,56,0,51
BRDA:,56,1,51
BRDA:,57,0,51
BRDA:,57,1,0
BRDA:,58,0,0
BRDA:,58,1,0
BRDA:,59,0,0
BRDA:,59,1,0
BRDA:,60,0,51
BRDA:,60,1,51
BRDA:,61,0,51
BRDA:,61,1,0
BRDA:,62,0,0
BRDA:,62,1,0
BRDA:,63,0,0
BRDA:,63,1,0
BRDA:,64,0,51
BRDA:,64,1,51
BRDA:,65,0,51
BRDA:,65,1,0
BRDA:,66,0,52
BRDA:,66,1,0
BRDA:,67,0,52
BRDA:,67,1,52
BRDA:,68,0,52
BRDA:,68,1,0
BRDA:,69,0,0
BRDA:,69,1,0
BRDA:,70,0,52
BRDA:,70,1,52
BRDA:,71,0,52
BRDA:,71,1,0
BRDA:,72,0,0
BRDA:,72,1,0
BRDA:,73,0,0
BRDA:,73,1,0
BRDA:,74,0,52
BRDA:,74,1,52
BRDA:,75,0,52
BRDA:,75,1,0
BRDA:,76,0,0
BRDA:,76,1,0
BRDA:,77,0,0
BRDA:,77,1,0
BRDA:,78,0,52
BRDA:,78,1,52
BRDA:,79,0,52
BRDA:,79,1,0
BRDA:,80,0,0
BRDA:,80,1,0
BRDA:,81,0,0
BRDA:,81,1,0
BRDA:,82,0,52
BRDA:,82,1,52
BRDA:,83,0,52
BRDA:,83,1,0
BRDA:,84,0,0
BRDA:,84,1,0
BRDA:,85,0,0
BRDA:,85,1,0
BRDA:,86,0,51
BRDA:,86,1,51
BRDA:,87,0,51
BRDA:,87,1,0
BRDA:,88,0,107
BRDA:,88,1,107
BRDA:,89,0,107
BRDA:,89,1,0
BRDA:,90,0,0
BRDA:,90,1,0
BRDA:,91,0,0
BRDA:,91,1,0
BRDA:,92,0,107
BRDA:,92,1,107
BRDA:,93,0,107
BRDA:,93,1,0
BRDA:,94,0,0
BRDA:,94,1,0
BRDA:,95,0,0
BRDA:,95,1,0
BRDA:,96,0,107
BRDA:,96,1,107
BRDA:,97,0,107
BRDA:,97,1,0
BRDA:,98,0,0
BRDA:,98,1,0
BRDA:,99,0,0
BRDA:,99,1,0
BRDA:,100,0,107
BRDA:,100,1,107
BRDA:,101,0,107
BRDA:,101,1,0
BRDA:,102,0,0
BRDA:,102,1,0
BRDA:,103,0,0
BRDA:,103,1,0
BRDA:,104,0,22
BRDA:,104,1,11
BRDA:,105,0,2
BRDA:,105,1,0
BRDA:,106,0,0
BRDA:,106,1,0
BRDA:,107,0,0
BRDA:,107,1,0
BRF:219
BRH:100
end_of_record
TN:
SF:/Users/nekqy/WebstormProjects/rb-nekqy/js/main.js
FN:,(anonymous_0)
FNF:1
FNH:1
FNDA:4,(anonymous_0)
DA:6,4
DA:9,4
LF:2
LH:2
BRF:0
BRH:0
end_of_record
TN:
SF:/Users/nekqy/WebstormProjects/rb-nekqy/js/screenModel.js
FN:,(anonymous_0)
FN:,ScreenModel
FN:,(anonymous_2)
FN:,(anonymous_3)
FN:,(anonymous_4)
FN:,(anonymous_5)
FN:,(anonymous_6)
FN:,(anonymous_7)
FN:,(anonymous_8)
FN:,(anonymous_9)
FN:,(anonymous_10)
FN:,(anonymous_11)
FN:,(anonymous_12)
FN:,(anonymous_13)
FN:,(anonymous_14)
FN:,(anonymous_15)
FN:,(anonymous_16)
FN:,(anonymous_17)
FN:,(anonymous_18)
FN:,(anonymous_19)
FN:,(anonymous_20)
FN:,(anonymous_21)
FN:,(anonymous_22)
FN:,(anonymous_23)
FN:,(anonymous_24)
FN:,(anonymous_25)
FN:,(anonymous_26)
FN:,(anonymous_27)
FN:,(anonymous_28)
FN:,(anonymous_29)
FN:,(anonymous_30)
FN:,(anonymous_31)
FN:,(anonymous_32)
FN:,(anonymous_33)
FN:,(anonymous_34)
FN:,(anonymous_35)
FN:,(anonymous_36)
FNF:37
FNH:29
FNDA:4,(anonymous_0)
FNDA:220,ScreenModel
FNDA:6949,(anonymous_2)
FNDA:232,(anonymous_3)
FNDA:119,(anonymous_4)
FNDA:0,(anonymous_5)
FNDA:895,(anonymous_6)
FNDA:1303,(anonymous_7)
FNDA:221,(anonymous_8)
FNDA:5564,(anonymous_9)
FNDA:0,(anonymous_10)
FNDA:0,(anonymous_11)
FNDA:0,(anonymous_12)
FNDA:931,(anonymous_13)
FNDA:2987,(anonymous_14)
FNDA:1843,(anonymous_15)
FNDA:0,(anonymous_16)
FNDA:315,(anonymous_17)
FNDA:220,(anonymous_18)
FNDA:220,(anonymous_19)
FNDA:0,(anonymous_20)
FNDA:611,(anonymous_21)
FNDA:2577,(anonymous_22)
FNDA:1958,(anonymous_23)
FNDA:0,(anonymous_24)
FNDA:224,(anonymous_25)
FNDA:220,(anonymous_26)
FNDA:220,(anonymous_27)
FNDA:4,(anonymous_28)
FNDA:47,(anonymous_29)
FNDA:47,(anonymous_30)
FNDA:94,(anonymous_31)
FNDA:94,(anonymous_32)
FNDA:141,(anonymous_33)
FNDA:0,(anonymous_34)
FNDA:539,(anonymous_35)
FNDA:194,(anonymous_36)
DA:1,4
DA:32,220
DA:33,23
DA:36,220
DA:37,220
DA:41,220
DA:42,128
DA:43,128
DA:44,128
DA:45,128
DA:46,128
DA:47,128
DA:48,128
DA:49,92
DA:50,0
DA:53,220
DA:54,220
DA:56,220
DA:57,127
DA:59,220
DA:60,215
DA:62,220
DA:63,220
DA:66,220
DA:67,220
DA:68,220
DA:69,220
DA:70,220
DA:71,220
DA:73,220
DA:74,220
DA:82,4
DA:83,6949
DA:92,4
DA:93,232
DA:94,0
DA:97,232
DA:105,4
DA:106,119
DA:113,4
DA:114,0
DA:122,4
DA:123,895
DA:124,0
DA:126,895
DA:134,4
DA:135,1303
DA:136,0
DA:138,1303
DA:141,4
DA:142,221
DA:143,213
DA:144,0
DA:146,213
DA:147,213
DA:150,8
DA:151,0
DA:153,8
DA:154,8
DA:157,221
DA:158,116
DA:159,58
DA:160,58
DA:161,58
DA:165,221
DA:167,4
DA:168,5564
DA:169,5564
DA:170,3740
DA:171,0
DA:173,3740
DA:174,1824
DA:175,0
DA:176,0
DA:177,0
DA:178,0
DA:181,1824
DA:182,1824
DA:184,0
DA:186,5564
DA:188,4
DA:189,0
DA:190,0
DA:192,0
DA:193,0
DA:195,0
DA:197,0
DA:198,0
DA:200,0
DA:202,0
DA:203,0
DA:206,0
DA:215,4
DA:216,0
DA:217,0
DA:218,0
DA:226,4
DA:227,931
DA:236,4
DA:237,2987
DA:245,4
DA:246,1843
DA:247,1843
DA:255,4
DA:256,0
DA:257,0
DA:258,0
DA:266,4
DA:267,315
DA:268,305
DA:269,145
DA:271,10
DA:272,10
DA:274,0
DA:275,0
DA:277,315
DA:278,315
DA:286,4
DA:287,220
DA:288,220
DA:290,4
DA:291,220
DA:292,0
DA:294,220
DA:303,4
DA:304,0
DA:305,0
DA:306,0
DA:313,4
DA:314,611
DA:323,4
DA:324,2577
DA:332,4
DA:333,1958
DA:334,1958
DA:342,4
DA:343,0
DA:344,0
DA:345,0
DA:353,4
DA:354,224
DA:355,224
DA:356,8
DA:358,0
DA:359,0
DA:361,0
DA:362,0
DA:365,224
DA:366,224
DA:374,4
DA:375,220
DA:376,220
DA:378,4
DA:379,220
DA:380,0
DA:382,220
DA:394,4
DA:395,4
DA:396,4
DA:397,4
DA:398,4
DA:400,4
DA:406,4
DA:407,4
DA:416,4
DA:417,47
DA:418,47
DA:425,4
DA:426,47
DA:433,4
DA:434,94
DA:441,4
DA:442,94
DA:443,141
DA:450,4
DA:451,0
DA:453,4
DA:454,539
DA:455,194
DA:459,4
LF:180
LH:135
BRDA:,0,0,23
BRDA:,0,1,197
BRDA:,1,0,128
BRDA:,1,1,92
BRDA:,2,0,0
BRDA:,2,1,92
BRDA:,3,0,220
BRDA:,3,1,0
BRDA:,4,0,127
BRDA:,4,1,93
BRDA:,5,0,215
BRDA:,5,1,5
BRDA:,6,0,220
BRDA:,6,1,0
BRDA:,7,0,0
BRDA:,7,1,232
BRDA:,8,0,0
BRDA:,8,1,895
BRDA:,9,0,0
BRDA:,9,1,1303
BRDA:,10,0,213
BRDA:,10,1,8
BRDA:,11,0,0
BRDA:,11,1,213
BRDA:,12,0,0
BRDA:,12,1,8
BRDA:,13,0,116
BRDA:,13,1,105
BRDA:,14,0,58
BRDA:,14,1,58
BRDA:,15,0,3740
BRDA:,15,1,1824
BRDA:,16,0,0
BRDA:,16,1,3740
BRDA:,17,0,0
BRDA:,17,1,1824
BRDA:,18,0,0
BRDA:,18,1,0
BRDA:,19,0,1824
BRDA:,19,1,0
BRDA:,20,0,0
BRDA:,20,1,0
BRDA:,21,0,0
BRDA:,21,1,0
BRDA:,22,0,0
BRDA:,22,1,0
BRDA:,23,0,0
BRDA:,23,1,0
BRDA:,24,0,305
BRDA:,24,1,10
BRDA:,25,0,10
BRDA:,25,1,0
BRDA:,26,0,220
BRDA:,26,1,220
BRDA:,27,0,224
BRDA:,27,1,0
BRDA:,28,0,0
BRDA:,28,1,0
BRDA:,29,0,220
BRDA:,29,1,220
BRF:60
BRH:35
end_of_record
TN:
SF:/Users/nekqy/WebstormProjects/rb-nekqy/js/errors.js
FN:,(anonymous_0)
FN:,CustomError
FN:,ArgumentError
FN:,PathNotFoundError
FN:,FatalError
FN:,NotRealizedError
FNF:6
FNH:3
FNDA:4,(anonymous_0)
FNDA:2,CustomError
FNDA:0,ArgumentError
FNDA:2,PathNotFoundError
FNDA:0,FatalError
FNDA:0,NotRealizedError
DA:5,4
DA:8,2
DA:10,2
DA:11,2
DA:13,2
DA:14,2
DA:16,0
DA:28,0
DA:29,0
DA:31,0
DA:33,0
DA:34,0
DA:35,0
DA:37,4
DA:38,4
DA:48,2
DA:49,2
DA:50,2
DA:52,4
DA:53,4
DA:62,0
DA:63,0
DA:65,4
DA:66,4
DA:76,0
DA:77,0
DA:78,0
DA:80,4
DA:81,4
DA:83,4
LF:30
LH:18
BRDA:,0,0,2
BRDA:,0,1,0
BRDA:,1,0,2
BRDA:,1,1,0
BRDA:,2,0,0
BRDA:,2,1,0
BRF:6
BRH:2
end_of_record
TN:
SF:/Users/nekqy/WebstormProjects/rb-nekqy/js/rbManager.js
FN:,(anonymous_0)
FN:,init
FN:,waitJQuery
FN:,(anonymous_3)
FN:,(anonymous_4)
FN:,timeoutFunc
FN:,remove
FN:,batchAction
FN:,configure
FN:,move
FN:,moveBack
FN:,animateWrongSide
FN:,setScreen
FN:,reload
FN:,removeAll
FNF:15
FNH:8
FNDA:4,(anonymous_0)
FNDA:226,init
FNDA:226,waitJQuery
FNDA:226,(anonymous_3)
FNDA:226,(anonymous_4)
FNDA:226,timeoutFunc
FNDA:47,remove
FNDA:0,batchAction
FNDA:0,configure
FNDA:0,move
FNDA:0,moveBack
FNDA:0,animateWrongSide
FNDA:0,setScreen
FNDA:0,reload
FNDA:47,removeAll
DA:1,4
DA:21,226
DA:22,226
DA:23,226
DA:27,226
DA:28,226
DA:29,226
DA:31,226
DA:32,226
DA:33,226
DA:35,226
DA:36,47
DA:38,47
DA:39,47
DA:40,47
DA:42,47
DA:50,226
DA:51,226
DA:57,226
DA:58,0
DA:60,226
DA:64,226
DA:74,47
DA:75,47
DA:76,47
DA:81,0
DA:82,0
DA:83,0
DA:84,0
DA:85,0
DA:88,0
DA:98,0
DA:109,0
DA:118,0
DA:130,0
DA:142,0
DA:153,0
DA:161,47
DA:162,47
DA:171,4
DA:185,4
LF:41
LH:28
BRDA:,0,0,226
BRDA:,0,1,0
BRDA:,1,0,226
BRDA:,1,1,226
BRDA:,1,2,0
BRDA:,2,0,47
BRDA:,2,1,179
BRDA:,3,0,47
BRDA:,3,1,0
BRDA:,4,0,226
BRDA:,4,1,226
BRDA:,5,0,0
BRDA:,5,1,226
BRDA:,6,0,47
BRDA:,6,1,0
BRDA:,7,0,0
BRDA:,7,1,0
BRF:17
BRH:10
end_of_record
TN:
SF:/Users/nekqy/WebstormProjects/rb-nekqy/js/moving.js
FN:,(anonymous_0)
FN:,Moving
FN:,(anonymous_2)
FN:,(anonymous_3)
FN:,(anonymous_4)
FN:,(anonymous_5)
FN:,(anonymous_6)
FN:,getNextIndex
FN:,(anonymous_8)
FN:,getNextIndex
FN:,(anonymous_10)
FN:,(anonymous_11)
FN:,(anonymous_12)
FN:,(anonymous_13)
FN:,(anonymous_14)
FN:,(anonymous_15)
FN:,(anonymous_16)
FN:,(anonymous_17)
FN:,(anonymous_18)
FN:,(anonymous_19)
FN:,check
FN:,(anonymous_21)
FN:,(anonymous_22)
FN:,(anonymous_23)
FN:,(anonymous_24)
FN:,(anonymous_25)
FN:,(anonymous_26)
FN:,(anonymous_27)
FN:,afterRender
FN:,(anonymous_29)
FN:,(anonymous_30)
FN:,(anonymous_31)
FN:,(anonymous_32)
FN:,(anonymous_33)
FN:,firstStep
FN:,(anonymous_35)
FN:,nextStep
FN:,(anonymous_37)
FN:,(anonymous_38)
FN:,(anonymous_39)
FN:,(anonymous_40)
FN:,(anonymous_41)
FN:,(anonymous_42)
FNF:43
FNH:30
FNDA:4,(anonymous_0)
FNDA:47,Moving
FNDA:0,(anonymous_2)
FNDA:47,(anonymous_3)
FNDA:895,(anonymous_4)
FNDA:1303,(anonymous_5)
FNDA:831,(anonymous_6)
FNDA:781,getNextIndex
FNDA:811,(anonymous_8)
FNDA:761,getNextIndex
FNDA:99,(anonymous_10)
FNDA:0,(anonymous_11)
FNDA:0,(anonymous_12)
FNDA:0,(anonymous_13)
FNDA:196,(anonymous_14)
FNDA:448,(anonymous_15)
FNDA:448,(anonymous_16)
FNDA:14,(anonymous_17)
FNDA:204,(anonymous_18)
FNDA:0,(anonymous_19)
FNDA:0,check
FNDA:0,(anonymous_21)
FNDA:33,(anonymous_22)
FNDA:0,(anonymous_23)
FNDA:230,(anonymous_24)
FNDA:149,(anonymous_25)
FNDA:0,(anonymous_26)
FNDA:447,(anonymous_27)
FNDA:447,afterRender
FNDA:447,(anonymous_29)
FNDA:0,(anonymous_30)
FNDA:447,(anonymous_31)
FNDA:447,(anonymous_32)
FNDA:16,(anonymous_33)
FNDA:16,firstStep
FNDA:16,(anonymous_35)
FNDA:50,nextStep
FNDA:34,(anonymous_37)
FNDA:34,(anonymous_38)
FNDA:0,(anonymous_39)
FNDA:0,(anonymous_40)
FNDA:47,(anonymous_41)
FNDA:0,(anonymous_42)
DA:1,4
DA:5,4
DA:15,47
DA:16,47
DA:18,0
DA:26,47
DA:32,47
DA:38,47
DA:39,47
DA:40,47
DA:41,47
DA:42,47
DA:43,47
DA:44,0
DA:47,47
DA:52,47
DA:54,47
DA:55,47
DA:56,47
DA:61,47
DA:63,47
DA:64,0
DA:65,0
DA:68,47
DA:70,47
DA:71,47
DA:78,4
DA:79,47
DA:108,895
DA:111,895
DA:114,1303
DA:117,1303
DA:121,781
DA:124,831
DA:125,221
DA:126,221
DA:128,610
DA:129,231
DA:130,231
DA:132,379
DA:133,379
DA:134,220
DA:135,220
DA:137,159
DA:138,159
DA:139,109
DA:140,109
DA:145,761
DA:148,811
DA:149,181
DA:150,181
DA:152,630
DA:153,252
DA:154,252
DA:156,378
DA:157,378
DA:158,228
DA:159,228
DA:161,150
DA:162,150
DA:163,100
DA:164,100
DA:254,4
DA:255,99
DA:257,99
DA:258,0
DA:261,99
DA:262,99
DA:263,99
DA:264,99
DA:266,99
DA:267,47
DA:268,52
DA:269,0
DA:272,99
DA:273,99
DA:274,99
DA:276,99
DA:277,99
DA:278,47
DA:283,99
DA:284,52
DA:294,4
DA:295,0
DA:302,4
DA:303,0
DA:313,4
DA:314,196
DA:315,196
DA:316,196
DA:317,196
DA:323,4
DA:324,448
DA:326,448
DA:327,0
DA:330,448
DA:332,448
DA:334,448
DA:335,14
DA:336,14
DA:337,14
DA:343,434
DA:344,230
DA:345,230
DA:346,230
DA:350,204
DA:351,204
DA:352,129
DA:353,129
DA:356,204
DA:357,204
DA:359,204
DA:360,204
DA:361,203
DA:368,0
DA:372,4
DA:375,0
DA:376,0
DA:377,0
DA:379,0
DA:381,0
DA:383,0
DA:387,0
DA:388,0
DA:389,0
DA:390,0
DA:391,0
DA:399,4
DA:400,33
DA:401,33
DA:403,22
DA:404,22
DA:405,22
DA:406,22
DA:407,22
DA:408,10
DA:409,12
DA:410,0
DA:411,12
DA:412,0
DA:413,12
DA:414,12
DA:416,0
DA:418,22
DA:419,22
DA:422,22
DA:423,22
DA:424,22
DA:430,11
DA:440,4
DA:441,0
DA:451,4
DA:452,230
DA:453,230
DA:459,4
DA:460,149
DA:470,4
DA:471,0
DA:472,0
DA:473,0
DA:474,0
DA:477,4
DA:478,447
DA:479,447
DA:482,447
DA:483,447
DA:484,447
DA:485,0
DA:486,0
DA:488,447
DA:491,447
DA:492,447
DA:494,447
DA:495,447
DA:496,447
DA:498,447
DA:499,447
DA:500,0
DA:501,0
DA:502,0
DA:506,447
DA:507,447
DA:508,447
DA:518,4
DA:519,447
DA:528,4
DA:530,16
DA:531,16
DA:535,50
DA:536,2
DA:537,2
DA:538,2
DA:540,48
DA:541,14
DA:542,14
DA:543,14
DA:545,34
DA:546,0
DA:547,0
DA:548,0
DA:551,34
DA:552,34
DA:555,34
DA:556,17
DA:557,17
DA:558,15
DA:559,2
DA:560,2
DA:561,0
DA:562,0
DA:564,0
DA:565,0
DA:568,34
DA:570,34
DA:571,34
DA:572,34
DA:574,34
DA:577,34
DA:579,16
DA:580,16
DA:581,16
DA:582,16
DA:584,16
DA:592,4
DA:593,0
DA:594,0
DA:596,0
DA:604,4
DA:605,0
DA:606,0
DA:607,0
DA:608,0
DA:616,4
DA:617,47
DA:619,47
DA:620,0
DA:623,47
DA:624,47
DA:625,47
DA:626,47
DA:627,47
DA:628,47
DA:629,47
DA:630,47
DA:631,47
DA:632,47
DA:633,47
DA:634,47
DA:635,47
DA:636,47
DA:638,47
DA:639,47
DA:642,4
LF:253
LH:204
BRDA:,0,0,47
BRDA:,0,1,0
BRDA:,1,0,0
BRDA:,1,1,47
BRDA:,2,0,47
BRDA:,2,1,47
BRDA:,3,0,0
BRDA:,3,1,0
BRDA:,4,0,0
BRDA:,4,1,0
BRDA:,5,0,727
BRDA:,5,1,54
BRDA:,6,0,221
BRDA:,6,1,610
BRDA:,7,0,231
BRDA:,7,1,379
BRDA:,8,0,220
BRDA:,8,1,159
BRDA:,9,0,109
BRDA:,9,1,50
BRDA:,10,0,707
BRDA:,10,1,54
BRDA:,11,0,181
BRDA:,11,1,630
BRDA:,12,0,252
BRDA:,12,1,378
BRDA:,13,0,228
BRDA:,13,1,150
BRDA:,14,0,100
BRDA:,14,1,50
BRDA:,15,0,0
BRDA:,15,1,99
BRDA:,16,0,47
BRDA:,16,1,52
BRDA:,17,0,0
BRDA:,17,1,52
BRDA:,18,0,99
BRDA:,18,1,0
BRDA:,19,0,47
BRDA:,19,1,52
BRDA:,20,0,52
BRDA:,20,1,47
BRDA:,21,0,196
BRDA:,21,1,0
BRDA:,22,0,0
BRDA:,22,1,448
BRDA:,23,0,448
BRDA:,23,1,0
BRDA:,24,0,14
BRDA:,24,1,434
BRDA:,25,0,14
BRDA:,25,1,0
BRDA:,26,0,230
BRDA:,26,1,204
BRDA:,27,0,204
BRDA:,27,1,0
BRDA:,28,0,129
BRDA:,28,1,75
BRDA:,29,0,204
BRDA:,29,1,144
BRDA:,30,0,203
BRDA:,30,1,1
BRDA:,31,0,0
BRDA:,31,1,0
BRDA:,32,0,0
BRDA:,32,1,0
BRDA:,33,0,0
BRDA:,33,1,0
BRDA:,34,0,0
BRDA:,34,1,0
BRDA:,35,0,0
BRDA:,35,1,0
BRDA:,36,0,22
BRDA:,36,1,11
BRDA:,37,0,10
BRDA:,37,1,12
BRDA:,38,0,22
BRDA:,38,1,10
BRDA:,39,0,0
BRDA:,39,1,12
BRDA:,40,0,12
BRDA:,40,1,0
BRDA:,41,0,0
BRDA:,41,1,12
BRDA:,42,0,12
BRDA:,42,1,0
BRDA:,43,0,12
BRDA:,43,1,0
BRDA:,44,0,12
BRDA:,44,1,12
BRDA:,45,0,22
BRDA:,45,1,0
BRDA:,46,0,22
BRDA:,46,1,0
BRDA:,47,0,0
BRDA:,47,1,0
BRDA:,48,0,0
BRDA:,48,1,447
BRDA:,49,0,0
BRDA:,49,1,0
BRDA:,50,0,447
BRDA:,50,1,0
BRDA:,51,0,2
BRDA:,51,1,48
BRDA:,52,0,14
BRDA:,52,1,34
BRDA:,53,0,0
BRDA:,53,1,34
BRDA:,54,0,17
BRDA:,54,1,17
BRDA:,55,0,15
BRDA:,55,1,2
BRDA:,56,0,2
BRDA:,56,1,0
BRDA:,57,0,0
BRDA:,57,1,0
BRDA:,58,0,0
BRDA:,58,1,0
BRDA:,59,0,0
BRDA:,59,1,0
BRF:120
BRH:75
end_of_record
TN:
SF:/Users/nekqy/WebstormProjects/rb-nekqy/js/IPlugin.js
FN:,(anonymous_0)
FN:,IPlugin
FN:,(anonymous_2)
FN:,(anonymous_3)
FNF:4
FNH:1
FNDA:4,(anonymous_0)
FNDA:0,IPlugin
FNDA:0,(anonymous_2)
FNDA:0,(anonymous_3)
DA:1,4
DA:18,4
DA:19,0
DA:26,4
DA:27,0
DA:30,4
LF:6
LH:4
BRF:0
BRH:0
end_of_record
TN:
SF:/Users/nekqy/WebstormProjects/rb-nekqy/js/utils.js
FN:,(anonymous_0)
FN:,oppositeSide
FN:,getStartSide
FN:,cycledNumber
FN:,capitalizeFirstLetter
FN:,mixin
FN:,inherite
FN:,nop
FN:,mobileCheck
FN:,(anonymous_9)
FN:,(anonymous_10)
FNF:11
FNH:8
FNDA:4,(anonymous_0)
FNDA:563,oppositeSide
FNDA:473,getStartSide
FNDA:1434,cycledNumber
FNDA:0,capitalizeFirstLetter
FNDA:0,mixin
FNDA:32,inherite
FNDA:447,nop
FNDA:4,mobileCheck
FNDA:4,(anonymous_9)
FNDA:0,(anonymous_10)
DA:5,4
DA:15,563
DA:16,400
DA:17,200
DA:18,100
DA:19,0
DA:20,0
DA:29,473
DA:30,329
DA:31,167
DA:32,79
DA:33,0
DA:34,0
DA:45,1434
DA:54,0
DA:63,0
DA:64,0
DA:65,0
DA:76,32
DA:77,32
DA:92,4
DA:93,4
DA:94,4
DA:97,4
DA:98,0
DA:99,0
DA:100,0
DA:102,0
DA:103,0
DA:105,0
DA:106,0
DA:107,0
DA:110,0
DA:111,0
DA:112,0
DA:113,0
DA:116,0
DA:120,4
LF:38
LH:17
BRDA:,0,0,163
BRDA:,0,1,400
BRDA:,1,0,200
BRDA:,1,1,200
BRDA:,2,0,100
BRDA:,2,1,100
BRDA:,3,0,100
BRDA:,3,1,0
BRDA:,4,0,0
BRDA:,4,1,0
BRDA:,5,0,144
BRDA:,5,1,329
BRDA:,6,0,162
BRDA:,6,1,167
BRDA:,7,0,88
BRDA:,7,1,79
BRDA:,8,0,79
BRDA:,8,1,0
BRDA:,9,0,0
BRDA:,9,1,0
BRDA:,10,0,0
BRDA:,10,1,0
BRDA:,11,0,0
BRDA:,11,1,4
BRDA:,12,0,4
BRDA:,12,1,4
BRDA:,13,0,4
BRDA:,13,1,0
BRDA:,13,2,0
BRDA:,14,0,0
BRDA:,14,1,4
BRDA:,15,0,0
BRDA:,15,1,0
BRDA:,16,0,0
BRDA:,16,1,0
BRDA:,17,0,0
BRDA:,17,1,0
BRF:37
BRH:19
end_of_record
TN:
SF:/Users/nekqy/WebstormProjects/rb-nekqy/js/animation.js
FN:,(anonymous_0)
FN:,Animation
FN:,(anonymous_2)
FN:,fixTime
FN:,(anonymous_4)
FN:,(anonymous_5)
FN:,(anonymous_6)
FN:,(anonymous_7)
FN:,wrongAnimate
FN:,(anonymous_9)
FN:,(anonymous_10)
FN:,(anonymous_11)
FN:,(anonymous_12)
FN:,(anonymous_13)
FN:,(anonymous_14)
FN:,(anonymous_15)
FN:,(anonymous_16)
FN:,(anonymous_17)
FN:,(anonymous_18)
FN:,correctAnimate
FN:,(anonymous_20)
FN:,(anonymous_21)
FN:,(anonymous_22)
FN:,(anonymous_23)
FN:,(anonymous_24)
FN:,(anonymous_25)
FN:,(anonymous_26)
FNF:27
FNH:26
FNDA:4,(anonymous_0)
FNDA:47,Animation
FNDA:99,(anonymous_2)
FNDA:279,fixTime
FNDA:473,(anonymous_4)
FNDA:218,(anonymous_5)
FNDA:14,(anonymous_6)
FNDA:14,(anonymous_7)
FNDA:42,wrongAnimate
FNDA:42,(anonymous_9)
FNDA:23,(anonymous_10)
FNDA:23,(anonymous_11)
FNDA:14,(anonymous_12)
FNDA:0,(anonymous_13)
FNDA:14,(anonymous_14)
FNDA:9,(anonymous_15)
FNDA:14,(anonymous_16)
FNDA:204,(anonymous_17)
FNDA:204,(anonymous_18)
FNDA:408,correctAnimate
FNDA:408,(anonymous_20)
FNDA:407,(anonymous_21)
FNDA:204,(anonymous_22)
FNDA:204,(anonymous_23)
FNDA:203,(anonymous_24)
FNDA:230,(anonymous_25)
FNDA:47,(anonymous_26)
DA:1,4
DA:13,47
DA:15,47
DA:16,47
DA:18,0
DA:21,4
DA:27,4
DA:29,279
DA:30,279
DA:32,0
DA:33,0
DA:35,0
DA:40,99
DA:41,99
DA:42,93
DA:44,99
DA:45,93
DA:47,99
DA:48,93
DA:50,99
DA:51,47
DA:53,99
DA:54,47
DA:56,99
DA:57,47
DA:59,99
DA:60,47
DA:65,4
DA:67,473
DA:69,473
DA:70,473
DA:71,473
DA:78,473
DA:81,4
DA:82,218
DA:83,1
DA:84,1
DA:85,1
DA:86,1
DA:87,1
DA:88,1
DA:89,1
DA:91,218
DA:92,218
DA:93,218
DA:94,218
DA:95,218
DA:96,218
DA:97,218
DA:105,4
DA:106,14
DA:107,14
DA:108,14
DA:109,14
DA:110,14
DA:111,14
DA:113,14
DA:115,42
DA:116,42
DA:117,42
DA:118,42
DA:119,42
DA:121,23
DA:122,23
DA:127,14
DA:133,14
DA:135,14
DA:136,5
DA:137,5
DA:139,9
DA:140,5
DA:141,5
DA:143,4
DA:144,2
DA:145,2
DA:147,2
DA:148,2
DA:149,2
DA:152,14
DA:153,14
DA:154,14
DA:156,0
DA:158,14
DA:159,14
DA:161,9
DA:164,14
DA:165,14
DA:166,14
DA:176,4
DA:177,204
DA:178,204
DA:179,204
DA:180,204
DA:181,204
DA:183,204
DA:185,408
DA:186,408
DA:187,408
DA:188,408
DA:189,408
DA:191,407
DA:195,204
DA:200,204
DA:202,204
DA:203,60
DA:204,60
DA:206,144
DA:207,69
DA:208,69
DA:210,75
DA:211,40
DA:212,40
DA:214,35
DA:215,35
DA:216,35
DA:219,204
DA:220,204
DA:221,204
DA:223,204
DA:226,204
DA:227,203
DA:228,203
DA:237,4
DA:238,230
DA:239,230
DA:246,4
DA:247,47
DA:248,47
DA:249,47
DA:250,47
DA:251,47
DA:252,47
DA:255,4
LF:133
LH:128
BRDA:,0,0,47
BRDA:,0,1,0
BRDA:,1,0,279
BRDA:,1,1,0
BRDA:,2,0,279
BRDA:,2,1,0
BRDA:,3,0,0
BRDA:,3,1,0
BRDA:,4,0,99
BRDA:,4,1,0
BRDA:,5,0,93
BRDA:,5,1,6
BRDA:,6,0,93
BRDA:,6,1,6
BRDA:,7,0,93
BRDA:,7,1,6
BRDA:,8,0,47
BRDA:,8,1,52
BRDA:,9,0,47
BRDA:,9,1,52
BRDA:,10,0,47
BRDA:,10,1,52
BRDA:,11,0,47
BRDA:,11,1,52
BRDA:,12,0,473
BRDA:,12,1,450
BRDA:,13,0,1
BRDA:,13,1,217
BRDA:,14,0,1
BRDA:,14,1,1
BRDA:,15,0,1
BRDA:,15,1,1
BRDA:,16,0,1
BRDA:,16,1,0
BRDA:,17,0,1
BRDA:,17,1,0
BRDA:,18,0,1
BRDA:,18,1,0
BRDA:,19,0,42
BRDA:,19,1,0
BRDA:,20,0,42
BRDA:,20,1,28
BRDA:,21,0,23
BRDA:,21,1,0
BRDA:,22,0,23
BRDA:,22,1,23
BRDA:,23,0,5
BRDA:,23,1,9
BRDA:,24,0,5
BRDA:,24,1,4
BRDA:,25,0,2
BRDA:,25,1,2
BRDA:,26,0,2
BRDA:,26,1,0
BRDA:,27,0,14
BRDA:,27,1,0
BRDA:,28,0,408
BRDA:,28,1,204
BRDA:,29,0,407
BRDA:,29,1,407
BRDA:,30,0,60
BRDA:,30,1,144
BRDA:,31,0,69
BRDA:,31,1,75
BRDA:,32,0,40
BRDA:,32,1,35
BRDA:,33,0,35
BRDA:,33,1,0
BRDA:,34,0,204
BRDA:,34,1,0
BRDA:,35,0,47
BRDA:,35,1,40
BRDA:,36,0,47
BRDA:,36,1,40
BRDA:,37,0,47
BRDA:,37,1,6
BRDA:,38,0,47
BRDA:,38,1,6
BRDA:,39,0,47
BRDA:,39,1,6
BRDA:,40,0,47
BRDA:,40,1,46
BRF:82
BRH:67
end_of_record
TN:
SF:/Users/nekqy/WebstormProjects/rb-nekqy/vendor/jquery.easing.js
FN:,getXHR
FN:,(anonymous_1)
FN:,init
FN:,(anonymous_3)
FN:,(anonymous_4)
FN:,(anonymous_5)
FN:,(anonymous_6)
FN:,(anonymous_7)
FN:,(anonymous_8)
FN:,(anonymous_9)
FN:,(anonymous_10)
FN:,(anonymous_11)
FN:,(anonymous_12)
FN:,(anonymous_13)
FN:,(anonymous_14)
FN:,(anonymous_15)
FN:,(anonymous_16)
FN:,(anonymous_17)
FN:,(anonymous_18)
FN:,(anonymous_19)
FN:,(anonymous_20)
FN:,(anonymous_21)
FN:,(anonymous_22)
FN:,(anonymous_23)
FN:,(anonymous_24)
FN:,(anonymous_25)
FN:,(anonymous_26)
FN:,(anonymous_27)
FN:,(anonymous_28)
FN:,(anonymous_29)
FN:,(anonymous_30)
FN:,(anonymous_31)
FN:,(anonymous_32)
FN:,(anonymous_33)
FNF:34
FNH:6
FNDA:3,getXHR
FNDA:9,(anonymous_1)
FNDA:4,init
FNDA:0,(anonymous_3)
FNDA:0,(anonymous_4)
FNDA:0,(anonymous_5)
FNDA:0,(anonymous_6)
FNDA:0,(anonymous_7)
FNDA:0,(anonymous_8)
FNDA:0,(anonymous_9)
FNDA:0,(anonymous_10)
FNDA:0,(anonymous_11)
FNDA:0,(anonymous_12)
FNDA:0,(anonymous_13)
FNDA:0,(anonymous_14)
FNDA:0,(anonymous_15)
FNDA:0,(anonymous_16)
FNDA:0,(anonymous_17)
FNDA:0,(anonymous_18)
FNDA:51,(anonymous_19)
FNDA:1303,(anonymous_20)
FNDA:0,(anonymous_21)
FNDA:0,(anonymous_22)
FNDA:0,(anonymous_23)
FNDA:0,(anonymous_24)
FNDA:0,(anonymous_25)
FNDA:85,(anonymous_26)
FNDA:0,(anonymous_27)
FNDA:0,(anonymous_28)
FNDA:0,(anonymous_29)
FNDA:0,(anonymous_30)
FNDA:0,(anonymous_31)
FNDA:0,(anonymous_32)
FNDA:0,(anonymous_33)
DA:1,4
DA:2,1
DA:6,3
DA:7,3
DA:9,3
DA:10,3
DA:12,3
DA:16,3
DA:17,3
DA:20,3
DA:22,3
DA:23,3
DA:24,3
DA:25,9
DA:26,3
DA:27,0
DA:29,3
DA:30,3
DA:31,3
DA:35,3
DA:76,4
DA:79,4
DA:84,0
DA:87,0
DA:90,0
DA:93,0
DA:94,0
DA:97,0
DA:100,0
DA:103,0
DA:104,0
DA:107,0
DA:110,0
DA:113,0
DA:114,0
DA:117,0
DA:120,0
DA:123,0
DA:124,0
DA:127,0
DA:130,0
DA:133,0
DA:136,51
DA:139,1303
DA:142,0
DA:143,0
DA:144,0
DA:145,0
DA:148,0
DA:151,0
DA:154,0
DA:155,0
DA:158,0
DA:159,0
DA:160,0
DA:161,0
DA:162,0
DA:165,85
DA:166,85
DA:167,13
DA:168,13
DA:169,13
DA:172,0
DA:173,0
DA:174,0
DA:175,0
DA:176,0
DA:177,0
DA:180,0
DA:181,0
DA:184,0
DA:185,0
DA:188,0
DA:189,0
DA:190,0
DA:193,0
DA:196,0
DA:197,0
DA:198,0
DA:199,0
DA:200,0
DA:201,0
DA:203,0
DA:207,0
DA:208,0
LF:85
LH:28
BRDA:,0,0,1
BRDA:,0,1,3
BRDA:,1,0,3
BRDA:,1,1,0
BRDA:,2,0,3
BRDA:,2,1,3
BRDA:,3,0,3
BRDA:,3,1,6
BRDA:,4,0,0
BRDA:,4,1,3
BRDA:,5,0,4
BRDA:,5,1,4
BRDA:,6,0,0
BRDA:,6,1,0
BRDA:,7,0,0
BRDA:,7,1,0
BRDA:,8,0,0
BRDA:,8,1,0
BRDA:,9,0,0
BRDA:,9,1,0
BRDA:,10,0,23
BRDA:,10,1,28
BRDA:,11,0,407
BRDA:,11,1,896
BRDA:,12,0,0
BRDA:,12,1,0
BRDA:,13,0,0
BRDA:,13,1,0
BRDA:,14,0,0
BRDA:,14,1,0
BRDA:,15,0,0
BRDA:,15,1,0
BRDA:,16,0,0
BRDA:,16,1,0
BRDA:,17,0,0
BRDA:,17,1,0
BRDA:,18,0,0
BRDA:,18,1,0
BRDA:,19,0,0
BRDA:,19,1,0
BRDA:,20,0,49
BRDA:,20,1,36
BRDA:,21,0,23
BRDA:,21,1,13
BRDA:,22,0,13
BRDA:,22,1,0
BRDA:,23,0,0
BRDA:,23,1,13
BRDA:,24,0,0
BRDA:,24,1,0
BRDA:,25,0,0
BRDA:,25,1,0
BRDA:,26,0,0
BRDA:,26,1,0
BRDA:,27,0,0
BRDA:,27,1,0
BRDA:,28,0,0
BRDA:,28,1,0
BRDA:,29,0,0
BRDA:,29,1,0
BRDA:,30,0,0
BRDA:,30,1,0
BRDA:,31,0,0
BRDA:,31,1,0
BRDA:,32,0,0
BRDA:,32,1,0
BRDA:,33,0,0
BRDA:,33,1,0
BRDA:,34,0,0
BRDA:,34,1,0
BRDA:,35,0,0
BRDA:,35,1,0
BRDA:,36,0,0
BRDA:,36,1,0
BRF:74
BRH:20
end_of_record
TN:
SF:/Users/nekqy/WebstormProjects/rb-nekqy/js/screenManager.js
FN:,(anonymous_0)
FN:,ScreenManager
FN:,(anonymous_2)
FN:,(anonymous_3)
FN:,(anonymous_4)
FN:,(anonymous_5)
FN:,(anonymous_6)
FN:,(anonymous_7)
FN:,(anonymous_8)
FN:,(anonymous_9)
FN:,(anonymous_10)
FN:,(anonymous_11)
FN:,(anonymous_12)
FN:,(anonymous_13)
FN:,findPaths
FN:,(anonymous_15)
FN:,(anonymous_16)
FN:,extractShortest
FN:,(anonymous_18)
FNF:19
FNH:18
FNDA:4,(anonymous_0)
FNDA:47,ScreenManager
FNDA:99,(anonymous_2)
FNDA:652,(anonymous_3)
FNDA:2896,(anonymous_4)
FNDA:219,(anonymous_5)
FNDA:97,(anonymous_6)
FNDA:2362,(anonymous_7)
FNDA:856,(anonymous_8)
FNDA:0,(anonymous_9)
FNDA:33,(anonymous_10)
FNDA:11,(anonymous_11)
FNDA:16,(anonymous_12)
FNDA:16,(anonymous_13)
FNDA:16,findPaths
FNDA:136,(anonymous_15)
FNDA:57,(anonymous_16)
FNDA:14,extractShortest
FNDA:47,(anonymous_18)
DA:1,4
DA:11,47
DA:12,47
DA:13,47
DA:14,47
DA:15,47
DA:17,4
DA:23,4
DA:24,99
DA:25,99
DA:26,54
DA:27,54
DA:29,0
DA:32,99
DA:33,47
DA:35,99
DA:36,48
DA:38,99
DA:39,47
DA:41,99
DA:42,47
DA:44,99
DA:45,47
DA:47,99
DA:48,47
DA:50,99
DA:51,53
DA:57,4
DA:58,652
DA:59,652
DA:60,448
DA:61,47
DA:63,448
DA:64,204
DA:65,204
DA:66,204
DA:68,204
DA:69,204
DA:70,163
DA:72,204
DA:76,652
DA:77,182
DA:83,182
DA:84,15
DA:88,652
DA:91,4
DA:92,2896
DA:93,0
DA:95,2896
DA:96,0
DA:99,2896
DA:100,2896
DA:101,64
DA:104,2896
DA:105,230
DA:106,2666
DA:107,619
DA:108,2047
DA:109,708
DA:110,1339
DA:111,646
DA:112,693
DA:113,693
DA:115,0
DA:117,4
DA:118,219
DA:119,0
DA:121,219
DA:122,0
DA:124,219
DA:125,0
DA:128,219
DA:129,219
DA:130,34
DA:133,219
DA:135,4
DA:136,97
DA:137,0
DA:139,97
DA:141,97
DA:142,45
DA:145,97
DA:146,0
DA:148,97
DA:149,25
DA:151,97
DA:152,0
DA:154,97
DA:155,0
DA:164,4
DA:165,2362
DA:173,4
DA:174,856
DA:180,4
DA:181,0
DA:188,4
DA:189,33
DA:190,33
DA:191,22
DA:192,22
DA:194,11
DA:195,11
DA:197,33
DA:199,4
DA:200,11
DA:201,16
DA:212,4
DA:214,16
DA:215,16
DA:216,16
DA:219,16
DA:220,136
DA:221,136
DA:224,16
DA:226,16
DA:227,168
DA:229,152
DA:230,57
DA:233,152
DA:234,152
DA:235,152
DA:236,152
DA:239,152
DA:240,152
DA:245,0
DA:252,152
DA:254,152
DA:255,808
DA:256,808
DA:257,808
DA:259,808
DA:260,136
DA:261,136
DA:262,136
DA:267,16
DA:268,2
DA:270,14
DA:274,14
DA:275,14
DA:277,14
DA:278,48
DA:279,48
DA:282,14
DA:283,14
DA:286,16
DA:287,16
DA:288,16
DA:295,4
DA:296,47
DA:297,47
DA:298,47
DA:299,47
DA:302,4
LF:153
LH:140
BRDA:,0,0,99
BRDA:,0,1,0
BRDA:,1,0,54
BRDA:,1,1,45
BRDA:,2,0,54
BRDA:,2,1,0
BRDA:,3,0,54
BRDA:,3,1,54
BRDA:,4,0,47
BRDA:,4,1,52
BRDA:,5,0,48
BRDA:,5,1,51
BRDA:,6,0,47
BRDA:,6,1,52
BRDA:,7,0,47
BRDA:,7,1,52
BRDA:,8,0,47
BRDA:,8,1,52
BRDA:,9,0,47
BRDA:,9,1,52
BRDA:,10,0,53
BRDA:,10,1,46
BRDA:,11,0,448
BRDA:,11,1,204
BRDA:,12,0,47
BRDA:,12,1,401
BRDA:,13,0,204
BRDA:,13,1,0
BRDA:,14,0,204
BRDA:,14,1,0
BRDA:,15,0,163
BRDA:,15,1,41
BRDA:,16,0,182
BRDA:,16,1,470
BRDA:,17,0,652
BRDA:,17,1,251
BRDA:,18,0,15
BRDA:,18,1,167
BRDA:,19,0,0
BRDA:,19,1,2896
BRDA:,20,0,0
BRDA:,20,1,2896
BRDA:,21,0,64
BRDA:,21,1,2832
BRDA:,22,0,230
BRDA:,22,1,2666
BRDA:,23,0,619
BRDA:,23,1,2047
BRDA:,24,0,619
BRDA:,24,1,398
BRDA:,25,0,708
BRDA:,25,1,1339
BRDA:,26,0,708
BRDA:,26,1,620
BRDA:,27,0,646
BRDA:,27,1,693
BRDA:,28,0,646
BRDA:,28,1,438
BRDA:,29,0,693
BRDA:,29,1,0
BRDA:,30,0,693
BRDA:,30,1,610
BRDA:,31,0,0
BRDA:,31,1,219
BRDA:,32,0,0
BRDA:,32,1,219
BRDA:,33,0,0
BRDA:,33,1,219
BRDA:,34,0,34
BRDA:,34,1,185
BRDA:,35,0,0
BRDA:,35,1,97
BRDA:,36,0,45
BRDA:,36,1,52
BRDA:,37,0,0
BRDA:,37,1,97
BRDA:,38,0,25
BRDA:,38,1,72
BRDA:,39,0,0
BRDA:,39,1,97
BRDA:,40,0,0
BRDA:,40,1,97
BRDA:,41,0,22
BRDA:,41,1,11
BRDA:,42,0,58
BRDA:,42,1,78
BRDA:,43,0,16
BRDA:,43,1,152
BRDA:,44,0,152
BRDA:,44,1,0
BRDA:,45,0,152
BRDA:,45,1,152
BRDA:,45,2,0
BRDA:,46,0,0
BRDA:,46,1,0
BRDA:,46,2,0
BRDA:,47,0,74
BRDA:,47,1,78
BRDA:,48,0,136
BRDA:,48,1,672
BRDA:,49,0,808
BRDA:,49,1,672
BRDA:,50,0,2
BRDA:,50,1,14
BRDA:,51,0,2
BRDA:,51,1,14
BRF:106
BRH:87
end_of_record
TN:
SF:/Users/nekqy/WebstormProjects/rb-nekqy/js/baseDispatcher.js
FN:,(anonymous_0)
FN:,BaseDispatcher
FN:,(anonymous_2)
FN:,(anonymous_3)
FN:,(anonymous_4)
FN:,(anonymous_5)
FN:,(anonymous_6)
FN:,(anonymous_7)
FN:,(anonymous_8)
FN:,(anonymous_9)
FN:,(anonymous_10)
FN:,(anonymous_11)
FNF:12
FNH:9
FNDA:4,(anonymous_0)
FNDA:141,BaseDispatcher
FNDA:297,(anonymous_2)
FNDA:68,(anonymous_3)
FNDA:0,(anonymous_4)
FNDA:1342,(anonymous_5)
FNDA:68,(anonymous_6)
FNDA:68,(anonymous_7)
FNDA:68,(anonymous_8)
FNDA:0,(anonymous_9)
FNDA:0,(anonymous_10)
FNDA:141,(anonymous_11)
DA:1,4
DA:13,141
DA:14,141
DA:15,141
DA:17,4
DA:18,4
DA:19,297
DA:20,297
DA:21,141
DA:35,4
DA:36,68
DA:37,68
DA:41,68
DA:43,0
DA:51,4
DA:52,0
DA:53,0
DA:65,4
DA:67,1342
DA:68,1342
DA:69,1342
DA:71,1342
DA:72,68
DA:74,68
DA:75,68
DA:76,68
DA:78,68
DA:79,68
DA:81,68
DA:82,0
DA:84,68
DA:88,68
DA:89,68
DA:91,68
DA:92,68
DA:94,68
DA:95,68
DA:98,0
DA:99,0
DA:101,0
DA:102,0
DA:104,0
DA:105,0
DA:109,1274
DA:117,4
DA:118,141
DA:121,4
LF:47
LH:37
BRDA:,0,0,297
BRDA:,0,1,0
BRDA:,1,0,141
BRDA:,1,1,156
BRDA:,2,0,68
BRDA:,2,1,0
BRDA:,3,0,0
BRDA:,3,1,0
BRDA:,4,0,68
BRDA:,4,1,1274
BRDA:,5,0,68
BRDA:,5,1,0
BRDA:,6,0,0
BRDA:,6,1,68
BRDA:,7,0,68
BRDA:,7,1,0
BRDA:,8,0,68
BRDA:,8,1,68
BRDA:,9,0,0
BRDA:,9,1,0
BRDA:,10,0,0
BRDA:,10,1,0
BRDA:,11,0,1274
BRDA:,11,1,1274
BRF:24
BRH:13
end_of_record
TN:
SF:/Users/nekqy/WebstormProjects/rb-nekqy/js/controlManager.js
FN:,(anonymous_0)
FN:,ControlManager
FN:,(anonymous_2)
FN:,(anonymous_3)
FN:,(anonymous_4)
FN:,(anonymous_5)
FN:,(anonymous_6)
FN:,(anonymous_7)
FN:,(anonymous_8)
FN:,(anonymous_9)
FN:,(anonymous_10)
FN:,(anonymous_11)
FN:,(anonymous_12)
FNF:13
FNH:12
FNDA:4,(anonymous_0)
FNDA:47,ControlManager
FNDA:94,(anonymous_2)
FNDA:0,(anonymous_3)
FNDA:220,(anonymous_4)
FNDA:126,(anonymous_5)
FNDA:126,(anonymous_6)
FNDA:110,(anonymous_7)
FNDA:63,(anonymous_8)
FNDA:47,(anonymous_9)
FNDA:16,(anonymous_10)
FNDA:99,(anonymous_11)
FNDA:47,(anonymous_12)
DA:1,4
DA:12,47
DA:23,4
DA:24,94
DA:25,0
DA:27,94
DA:28,94
DA:29,0
DA:33,94
DA:41,4
DA:42,0
DA:43,0
DA:45,0
DA:47,0
DA:55,4
DA:56,220
DA:57,220
DA:60,0
DA:62,0
DA:70,4
DA:71,126
DA:72,126
DA:74,0
DA:76,126
DA:84,4
DA:85,126
DA:86,126
DA:88,0
DA:90,126
DA:93,4
DA:94,110
DA:95,110
DA:96,220
DA:97,220
DA:98,220
DA:99,94
DA:101,126
DA:105,110
DA:114,4
DA:115,63
DA:124,4
DA:125,47
DA:134,4
DA:135,16
DA:136,32
DA:137,32
DA:138,32
DA:140,0
DA:144,16
DA:152,4
DA:153,99
DA:154,198
DA:155,198
DA:164,4
DA:165,47
DA:166,47
DA:169,4
LF:57
LH:46
BRDA:,0,0,0
BRDA:,0,1,94
BRDA:,1,0,0
BRDA:,1,1,94
BRDA:,2,0,0
BRDA:,2,1,0
BRDA:,3,0,220
BRDA:,3,1,0
BRDA:,4,0,126
BRDA:,4,1,0
BRDA:,5,0,126
BRDA:,5,1,0
BRDA:,6,0,220
BRDA:,6,1,0
BRDA:,7,0,94
BRDA:,7,1,126
BRDA:,8,0,32
BRDA:,8,1,0
BRDA:,9,0,32
BRDA:,9,1,0
BRDA:,10,0,198
BRDA:,10,1,0
BRF:22
BRH:11
end_of_record
TN:
SF:/Users/nekqy/WebstormProjects/rb-nekqy/js/swipesControl.js
FN:,(anonymous_0)
FN:,SwipesControl
FN:,(anonymous_2)
FN:,(anonymous_3)
FN:,(anonymous_4)
FN:,swipeHandler
FN:,(anonymous_6)
FN:,(anonymous_7)
FN:,(anonymous_8)
FNF:9
FNH:1
FNDA:4,(anonymous_0)
FNDA:0,SwipesControl
FNDA:0,(anonymous_2)
FNDA:0,(anonymous_3)
FNDA:0,(anonymous_4)
FNDA:0,swipeHandler
FNDA:0,(anonymous_6)
FNDA:0,(anonymous_7)
FNDA:0,(anonymous_8)
DA:1,4
DA:13,0
DA:14,0
DA:17,0
DA:18,0
DA:20,0
DA:21,0
DA:22,0
DA:24,0
DA:25,0
DA:27,4
DA:33,4
DA:34,0
DA:35,0
DA:36,0
DA:45,4
DA:46,0
DA:52,4
DA:53,0
DA:56,0
DA:57,0
DA:59,0
DA:62,0
DA:63,0
DA:64,0
DA:66,0
DA:72,4
DA:73,0
DA:75,0
DA:76,0
DA:78,0
DA:84,4
DA:85,0
DA:88,4
LF:34
LH:8
BRDA:,0,0,0
BRDA:,0,1,0
BRDA:,1,0,0
BRDA:,1,1,0
BRDA:,2,0,0
BRDA:,2,1,0
BRDA:,3,0,0
BRDA:,3,1,0
BRDA:,4,0,0
BRDA:,4,1,0
BRDA:,5,0,0
BRDA:,5,1,0
BRF:12
BRH:0
end_of_record
TN:
SF:/Users/nekqy/WebstormProjects/rb-nekqy/js/IControl.js
FN:,(anonymous_0)
FN:,IControl
FN:,(anonymous_2)
FN:,(anonymous_3)
FN:,(anonymous_4)
FNF:5
FNH:1
FNDA:4,(anonymous_0)
FNDA:0,IControl
FNDA:0,(anonymous_2)
FNDA:0,(anonymous_3)
FNDA:0,(anonymous_4)
DA:1,4
DA:13,4
DA:19,4
DA:20,0
DA:26,4
DA:27,0
DA:33,4
DA:34,0
DA:37,4
LF:9
LH:6
BRF:0
BRH:0
end_of_record
TN:
SF:/Users/nekqy/WebstormProjects/rb-nekqy/vendor/hammer.js
FN:,(anonymous_0)
FN:,setTimeoutContext
FN:,invokeArrayArg
FN:,each
FN:,deprecate
FN:,(anonymous_5)
FN:,assign
FN:,extend
FN:,merge
FN:,inherit
FN:,bindFn
FN:,boundFn
FN:,boolOrFn
FN:,ifUndefined
FN:,addEventListeners
FN:,(anonymous_15)
FN:,removeEventListeners
FN:,(anonymous_17)
FN:,hasParent
FN:,inStr
FN:,splitStr
FN:,inArray
FN:,toArray
FN:,uniqueArray
FN:,sortUniqueArray
FN:,prefixed
FN:,uniqueId
FN:,getWindowForElement
FN:,Input
FN:,(anonymous_29)
FN:,(anonymous_30)
FN:,(anonymous_31)
FN:,(anonymous_32)
FN:,createInputInstance
FN:,inputHandler
FN:,computeInputData
FN:,computeDeltaXY
FN:,computeIntervalInputData
FN:,simpleCloneInputData
FN:,getCenter
FN:,getVelocity
FN:,getDirection
FN:,getDistance
FN:,getAngle
FN:,getRotation
FN:,getScale
FN:,MouseInput
FN:,MEhandler
FN:,PointerEventInput
FN:,PEhandler
FN:,SingleTouchInput
FN:,TEhandler
FN:,normalizeSingleTouches
FN:,TouchInput
FN:,MTEhandler
FN:,getTouches
FN:,(anonymous_56)
FN:,TouchMouseInput
FN:,TMEhandler
FN:,destroy
FN:,recordTouches
FN:,setLastTouch
FN:,(anonymous_62)
FN:,isSyntheticEvent
FN:,TouchAction
FN:,(anonymous_65)
FN:,(anonymous_66)
FN:,(anonymous_67)
FN:,(anonymous_68)
FN:,(anonymous_69)
FN:,(anonymous_70)
FN:,cleanTouchActions
FN:,getTouchActionProps
FN:,(anonymous_73)
FN:,Recognizer
FN:,(anonymous_75)
FN:,(anonymous_76)
FN:,(anonymous_77)
FN:,(anonymous_78)
FN:,(anonymous_79)
FN:,(anonymous_80)
FN:,(anonymous_81)
FN:,(anonymous_82)
FN:,emit
FN:,(anonymous_84)
FN:,(anonymous_85)
FN:,(anonymous_86)
FN:,(anonymous_87)
FN:,(anonymous_88)
FN:,(anonymous_89)
FN:,stateStr
FN:,directionStr
FN:,getRecognizerByNameIfManager
FN:,AttrRecognizer
FN:,(anonymous_94)
FN:,(anonymous_95)
FN:,PanRecognizer
FN:,(anonymous_97)
FN:,(anonymous_98)
FN:,(anonymous_99)
FN:,(anonymous_100)
FN:,PinchRecognizer
FN:,(anonymous_102)
FN:,(anonymous_103)
FN:,(anonymous_104)
FN:,PressRecognizer
FN:,(anonymous_106)
FN:,(anonymous_107)
FN:,(anonymous_108)
FN:,(anonymous_109)
FN:,(anonymous_110)
FN:,RotateRecognizer
FN:,(anonymous_112)
FN:,(anonymous_113)
FN:,SwipeRecognizer
FN:,(anonymous_115)
FN:,(anonymous_116)
FN:,(anonymous_117)
FN:,TapRecognizer
FN:,(anonymous_119)
FN:,(anonymous_120)
FN:,(anonymous_121)
FN:,(anonymous_122)
FN:,(anonymous_123)
FN:,(anonymous_124)
FN:,(anonymous_125)
FN:,Hammer
FN:,Manager
FN:,(anonymous_128)
FN:,(anonymous_129)
FN:,(anonymous_130)
FN:,(anonymous_131)
FN:,(anonymous_132)
FN:,(anonymous_133)
FN:,(anonymous_134)
FN:,(anonymous_135)
FN:,(anonymous_136)
FN:,(anonymous_137)
FN:,(anonymous_138)
FN:,(anonymous_139)
FN:,(anonymous_140)
FN:,(anonymous_141)
FN:,toggleCssProps
FN:,(anonymous_143)
FN:,triggerDomEvent
FN:,(anonymous_145)
FNF:146
FNH:7
FNDA:4,(anonymous_0)
FNDA:0,setTimeoutContext
FNDA:0,invokeArrayArg
FNDA:0,each
FNDA:8,deprecate
FNDA:0,(anonymous_5)
FNDA:0,assign
FNDA:0,extend
FNDA:0,merge
FNDA:48,inherit
FNDA:0,bindFn
FNDA:0,boundFn
FNDA:0,boolOrFn
FNDA:0,ifUndefined
FNDA:0,addEventListeners
FNDA:0,(anonymous_15)
FNDA:0,removeEventListeners
FNDA:0,(anonymous_17)
FNDA:0,hasParent
FNDA:0,inStr
FNDA:0,splitStr
FNDA:0,inArray
FNDA:0,toArray
FNDA:0,uniqueArray
FNDA:0,sortUniqueArray
FNDA:8,prefixed
FNDA:0,uniqueId
FNDA:0,getWindowForElement
FNDA:0,Input
FNDA:0,(anonymous_29)
FNDA:0,(anonymous_30)
FNDA:0,(anonymous_31)
FNDA:0,(anonymous_32)
FNDA:0,createInputInstance
FNDA:0,inputHandler
FNDA:0,computeInputData
FNDA:0,computeDeltaXY
FNDA:0,computeIntervalInputData
FNDA:0,simpleCloneInputData
FNDA:0,getCenter
FNDA:0,getVelocity
FNDA:0,getDirection
FNDA:0,getDistance
FNDA:0,getAngle
FNDA:0,getRotation
FNDA:0,getScale
FNDA:0,MouseInput
FNDA:0,MEhandler
FNDA:0,PointerEventInput
FNDA:0,PEhandler
FNDA:0,SingleTouchInput
FNDA:0,TEhandler
FNDA:0,normalizeSingleTouches
FNDA:0,TouchInput
FNDA:0,MTEhandler
FNDA:0,getTouches
FNDA:0,(anonymous_56)
FNDA:0,TouchMouseInput
FNDA:0,TMEhandler
FNDA:0,destroy
FNDA:0,recordTouches
FNDA:0,setLastTouch
FNDA:0,(anonymous_62)
FNDA:0,isSyntheticEvent
FNDA:0,TouchAction
FNDA:0,(anonymous_65)
FNDA:0,(anonymous_66)
FNDA:0,(anonymous_67)
FNDA:0,(anonymous_68)
FNDA:0,(anonymous_69)
FNDA:0,(anonymous_70)
FNDA:0,cleanTouchActions
FNDA:4,getTouchActionProps
FNDA:24,(anonymous_73)
FNDA:0,Recognizer
FNDA:0,(anonymous_75)
FNDA:0,(anonymous_76)
FNDA:0,(anonymous_77)
FNDA:0,(anonymous_78)
FNDA:0,(anonymous_79)
FNDA:0,(anonymous_80)
FNDA:0,(anonymous_81)
FNDA:0,(anonymous_82)
FNDA:0,emit
FNDA:0,(anonymous_84)
FNDA:0,(anonymous_85)
FNDA:0,(anonymous_86)
FNDA:0,(anonymous_87)
FNDA:0,(anonymous_88)
FNDA:0,(anonymous_89)
FNDA:0,stateStr
FNDA:0,directionStr
FNDA:0,getRecognizerByNameIfManager
FNDA:0,AttrRecognizer
FNDA:0,(anonymous_94)
FNDA:0,(anonymous_95)
FNDA:0,PanRecognizer
FNDA:0,(anonymous_97)
FNDA:0,(anonymous_98)
FNDA:0,(anonymous_99)
FNDA:0,(anonymous_100)
FNDA:0,PinchRecognizer
FNDA:0,(anonymous_102)
FNDA:0,(anonymous_103)
FNDA:0,(anonymous_104)
FNDA:0,PressRecognizer
FNDA:0,(anonymous_106)
FNDA:0,(anonymous_107)
FNDA:0,(anonymous_108)
FNDA:0,(anonymous_109)
FNDA:0,(anonymous_110)
FNDA:0,RotateRecognizer
FNDA:0,(anonymous_112)
FNDA:0,(anonymous_113)
FNDA:0,SwipeRecognizer
FNDA:0,(anonymous_115)
FNDA:0,(anonymous_116)
FNDA:0,(anonymous_117)
FNDA:0,TapRecognizer
FNDA:0,(anonymous_119)
FNDA:0,(anonymous_120)
FNDA:0,(anonymous_121)
FNDA:0,(anonymous_122)
FNDA:0,(anonymous_123)
FNDA:0,(anonymous_124)
FNDA:0,(anonymous_125)
FNDA:0,Hammer
FNDA:0,Manager
FNDA:0,(anonymous_128)
FNDA:0,(anonymous_129)
FNDA:0,(anonymous_130)
FNDA:0,(anonymous_131)
FNDA:0,(anonymous_132)
FNDA:0,(anonymous_133)
FNDA:0,(anonymous_134)
FNDA:0,(anonymous_135)
FNDA:0,(anonymous_136)
FNDA:0,(anonymous_137)
FNDA:0,(anonymous_138)
FNDA:0,(anonymous_139)
FNDA:0,(anonymous_140)
FNDA:0,(anonymous_141)
FNDA:0,toggleCssProps
FNDA:0,(anonymous_143)
FNDA:0,triggerDomEvent
FNDA:4,(anonymous_145)
DA:6,4
DA:9,4
DA:10,4
DA:12,4
DA:14,4
DA:15,4
DA:16,4
DA:26,0
DA:39,0
DA:40,0
DA:41,0
DA:43,0
DA:55,0
DA:56,0
DA:59,0
DA:60,0
DA:61,0
DA:62,0
DA:63,0
DA:64,0
DA:65,0
DA:68,0
DA:69,0
DA:82,8
DA:83,8
DA:84,0
DA:85,0
DA:89,0
DA:90,0
DA:91,0
DA:93,0
DA:105,4
DA:106,0
DA:107,0
DA:108,0
DA:111,0
DA:112,0
DA:113,0
DA:114,0
DA:115,0
DA:116,0
DA:117,0
DA:122,0
DA:125,4
DA:136,4
DA:137,0
DA:138,0
DA:139,0
DA:140,0
DA:141,0
DA:143,0
DA:145,0
DA:155,4
DA:156,0
DA:166,48
DA:169,48
DA:170,48
DA:171,48
DA:173,48
DA:174,48
DA:185,0
DA:186,0
DA:198,0
DA:199,0
DA:201,0
DA:211,0
DA:221,0
DA:222,0
DA:233,0
DA:234,0
DA:246,0
DA:247,0
DA:248,0
DA:250,0
DA:252,0
DA:262,0
DA:271,0
DA:282,0
DA:283,0
DA:285,0
DA:286,0
DA:287,0
DA:288,0
DA:290,0
DA:292,0
DA:302,0
DA:313,0
DA:314,0
DA:315,0
DA:317,0
DA:318,0
DA:319,0
DA:320,0
DA:322,0
DA:323,0
DA:326,0
DA:327,0
DA:328,0
DA:330,0
DA:331,0
DA:336,0
DA:347,8
DA:349,8
DA:350,8
DA:351,8
DA:352,8
DA:354,8
DA:355,8
DA:357,0
DA:359,0
DA:366,4
DA:368,0
DA:377,0
DA:378,0
DA:381,4
DA:383,4
DA:384,4
DA:385,4
DA:387,4
DA:388,4
DA:389,4
DA:390,4
DA:392,4
DA:394,4
DA:395,4
DA:396,4
DA:397,4
DA:399,4
DA:400,4
DA:401,4
DA:402,4
DA:403,4
DA:405,4
DA:406,4
DA:407,4
DA:409,4
DA:410,4
DA:420,0
DA:421,0
DA:422,0
DA:423,0
DA:424,0
DA:428,0
DA:429,0
DA:430,0
DA:434,0
DA:438,4
DA:449,0
DA:450,0
DA:451,0
DA:458,0
DA:459,0
DA:460,0
DA:472,0
DA:474,0
DA:475,0
DA:476,0
DA:477,0
DA:478,0
DA:479,0
DA:480,0
DA:481,0
DA:483,0
DA:485,0
DA:495,0
DA:496,0
DA:497,0
DA:498,0
DA:500,0
DA:501,0
DA:503,0
DA:504,0
DA:509,0
DA:512,0
DA:515,0
DA:517,0
DA:518,0
DA:527,0
DA:528,0
DA:529,0
DA:532,0
DA:533,0
DA:537,0
DA:538,0
DA:539,0
DA:540,0
DA:543,0
DA:544,0
DA:545,0
DA:547,0
DA:548,0
DA:549,0
DA:551,0
DA:552,0
DA:554,0
DA:555,0
DA:557,0
DA:558,0
DA:559,0
DA:560,0
DA:562,0
DA:563,0
DA:565,0
DA:568,0
DA:571,0
DA:572,0
DA:573,0
DA:575,0
DA:579,0
DA:580,0
DA:581,0
DA:582,0
DA:584,0
DA:585,0
DA:590,0
DA:596,0
DA:597,0
DA:606,0
DA:607,0
DA:610,0
DA:611,0
DA:612,0
DA:614,0
DA:615,0
DA:616,0
DA:617,0
DA:618,0
DA:620,0
DA:623,0
DA:624,0
DA:625,0
DA:626,0
DA:629,0
DA:630,0
DA:631,0
DA:632,0
DA:643,0
DA:644,0
DA:645,0
DA:646,0
DA:650,0
DA:653,0
DA:668,0
DA:671,0
DA:672,0
DA:678,0
DA:679,0
DA:680,0
DA:681,0
DA:682,0
DA:685,0
DA:699,0
DA:712,0
DA:713,0
DA:716,0
DA:717,0
DA:719,0
DA:730,0
DA:731,0
DA:733,0
DA:734,0
DA:736,0
DA:747,0
DA:748,0
DA:750,0
DA:751,0
DA:752,0
DA:762,0
DA:773,0
DA:776,4
DA:782,4
DA:783,4
DA:791,0
DA:792,0
DA:794,0
DA:796,0
DA:799,4
DA:805,0
DA:808,0
DA:809,0
DA:812,0
DA:813,0
DA:817,0
DA:818,0
DA:821,0
DA:822,0
DA:825,0
DA:834,4
DA:843,4
DA:850,4
DA:851,4
DA:854,4
DA:855,0
DA:856,0
DA:865,0
DA:866,0
DA:868,0
DA:870,0
DA:873,4
DA:879,0
DA:880,0
DA:882,0
DA:883,0
DA:884,0
DA:886,0
DA:889,0
DA:892,0
DA:893,0
DA:894,0
DA:895,0
DA:897,0
DA:898,0
DA:902,0
DA:903,0
DA:907,0
DA:909,0
DA:916,0
DA:918,0
DA:923,4
DA:930,4
DA:931,4
DA:939,0
DA:940,0
DA:941,0
DA:943,0
DA:946,4
DA:948,0
DA:951,0
DA:952,0
DA:955,0
DA:956,0
DA:959,0
DA:962,0
DA:963,0
DA:966,0
DA:982,0
DA:983,0
DA:985,0
DA:986,0
DA:989,0
DA:992,4
DA:999,4
DA:1007,0
DA:1008,0
DA:1010,0
DA:1013,4
DA:1015,0
DA:1016,0
DA:1017,0
DA:1018,0
DA:1021,0
DA:1037,0
DA:1038,0
DA:1041,0
DA:1042,0
DA:1043,0
DA:1048,0
DA:1049,0
DA:1050,0
DA:1053,0
DA:1054,0
DA:1058,0
DA:1059,0
DA:1060,0
DA:1061,0
DA:1062,0
DA:1067,0
DA:1068,0
DA:1069,0
DA:1070,0
DA:1074,0
DA:1075,0
DA:1077,0
DA:1080,0
DA:1081,0
DA:1084,0
DA:1101,4
DA:1102,4
DA:1105,0
DA:1107,0
DA:1108,0
DA:1109,0
DA:1111,0
DA:1112,0
DA:1115,4
DA:1123,0
DA:1124,0
DA:1126,0
DA:1127,0
DA:1131,0
DA:1132,0
DA:1133,0
DA:1134,0
DA:1137,0
DA:1144,0
DA:1145,0
DA:1150,0
DA:1151,0
DA:1152,0
DA:1153,0
DA:1154,0
DA:1159,0
DA:1161,0
DA:1162,0
DA:1163,0
DA:1164,0
DA:1165,0
DA:1166,0
DA:1167,0
DA:1168,0
DA:1171,0
DA:1176,0
DA:1177,0
DA:1178,0
DA:1179,0
DA:1180,0
DA:1181,0
DA:1184,0
DA:1187,4
DA:1188,4
DA:1191,4
DA:1192,4
DA:1193,4
DA:1194,4
DA:1195,4
DA:1196,4
DA:1197,4
DA:1207,0
DA:1208,0
DA:1211,4
DA:1218,0
DA:1219,0
DA:1222,0
DA:1223,0
DA:1225,0
DA:1232,0
DA:1240,0
DA:1241,0
DA:1242,0
DA:1243,0
DA:1246,0
DA:1254,0
DA:1255,0
DA:1258,0
DA:1259,0
DA:1260,0
DA:1263,0
DA:1264,0
DA:1265,0
DA:1266,0
DA:1268,0
DA:1271,0
DA:1272,0
DA:1273,0
DA:1275,0
DA:1276,0
DA:1280,0
DA:1282,0
DA:1285,0
DA:1288,0
DA:1297,0
DA:1298,0
DA:1309,0
DA:1310,0
DA:1313,0
DA:1314,0
DA:1320,0
DA:1321,0
DA:1325,0
DA:1326,0
DA:1330,0
DA:1331,0
DA:1334,0
DA:1338,4
DA:1339,0
DA:1341,4
DA:1342,4
DA:1343,4
DA:1347,24
DA:1349,4
DA:1379,4
DA:1380,4
DA:1381,4
DA:1382,4
DA:1383,4
DA:1384,4
DA:1385,4
DA:1394,0
DA:1396,0
DA:1398,0
DA:1401,0
DA:1403,0
DA:1405,0
DA:1406,0
DA:1409,4
DA:1422,0
DA:1425,0
DA:1426,0
DA:1435,0
DA:1436,0
DA:1439,0
DA:1440,0
DA:1441,0
DA:1442,0
DA:1443,0
DA:1445,0
DA:1454,0
DA:1455,0
DA:1458,0
DA:1459,0
DA:1460,0
DA:1469,0
DA:1470,0
DA:1473,0
DA:1474,0
DA:1475,0
DA:1476,0
DA:1477,0
DA:1479,0
DA:1488,0
DA:1489,0
DA:1492,0
DA:1493,0
DA:1494,0
DA:1495,0
DA:1497,0
DA:1505,0
DA:1514,0
DA:1523,0
DA:1524,0
DA:1527,0
DA:1531,0
DA:1532,0
DA:1535,0
DA:1537,0
DA:1538,0
DA:1542,0
DA:1543,0
DA:1554,0
DA:1555,0
DA:1558,0
DA:1566,0
DA:1567,0
DA:1568,0
DA:1569,0
DA:1571,0
DA:1573,0
DA:1583,0
DA:1586,0
DA:1587,0
DA:1588,0
DA:1589,0
DA:1593,0
DA:1594,0
DA:1597,0
DA:1601,0
DA:1602,0
DA:1636,0
DA:1637,0
DA:1638,0
DA:1639,0
DA:1640,0
DA:1641,0
DA:1642,0
DA:1643,0
DA:1645,0
DA:1654,0
DA:1655,0
DA:1656,0
DA:1657,0
DA:1658,0
DA:1659,0
DA:1660,0
DA:1661,0
DA:1663,0
DA:1673,0
DA:1674,0
DA:1675,0
DA:1677,0
DA:1686,0
DA:1689,4
DA:1709,0
DA:1710,0
DA:1720,0
DA:1721,0
DA:1723,0
DA:1724,0
DA:1727,0
DA:1728,0
DA:1729,0
DA:1730,0
DA:1731,0
DA:1732,0
DA:1733,0
DA:1735,0
DA:1737,0
DA:1748,0
DA:1750,0
DA:1751,0
DA:1754,4
DA:1767,0
DA:1768,0
DA:1769,0
DA:1770,0
DA:1772,0
DA:1773,0
DA:1775,0
DA:1779,0
DA:1780,0
DA:1781,0
DA:1782,0
DA:1783,0
DA:1784,0
DA:1787,0
DA:1788,0
DA:1789,0
DA:1790,0
DA:1791,0
DA:1793,0
DA:1794,0
DA:1795,0
DA:1798,0
DA:1799,0
DA:1803,0
DA:1809,0
DA:1810,0
DA:1812,0
DA:1814,0
DA:1815,0
DA:1817,0
DA:1828,0
DA:1831,4
DA:1843,0
DA:1847,0
DA:1852,0
DA:1853,0
DA:1854,0
DA:1856,0
DA:1867,0
DA:1869,0
DA:1870,0
DA:1873,4
DA:1886,0
DA:1890,0
DA:1891,0
DA:1892,0
DA:1893,0
DA:1895,0
DA:1899,0
DA:1900,0
DA:1901,0
DA:1902,0
DA:1903,0
DA:1904,0
DA:1905,0
DA:1907,0
DA:1908,0
DA:1910,0
DA:1914,0
DA:1918,0
DA:1919,0
DA:1922,0
DA:1923,0
DA:1925,0
DA:1926,0
DA:1938,0
DA:1941,4
DA:1953,0
DA:1957,0
DA:1969,0
DA:1972,4
DA:1986,0
DA:1990,0
DA:1993,0
DA:1994,0
DA:1995,0
DA:1996,0
DA:1997,0
DA:1998,0
DA:2001,0
DA:2009,0
DA:2010,0
DA:2011,0
DA:2014,0
DA:2029,0
DA:2033,0
DA:2034,0
DA:2036,0
DA:2037,0
DA:2038,0
DA:2041,4
DA:2057,0
DA:2061,0
DA:2063,0
DA:2064,0
DA:2065,0
DA:2067,0
DA:2069,0
DA:2070,0
DA:2075,0
DA:2076,0
DA:2077,0
DA:2080,0
DA:2081,0
DA:2083,0
DA:2084,0
DA:2086,0
DA:2087,0
DA:2089,0
DA:2092,0
DA:2096,0
DA:2097,0
DA:2100,0
DA:2101,0
DA:2103,0
DA:2104,0
DA:2105,0
DA:2107,0
DA:2111,0
DA:2115,0
DA:2116,0
DA:2118,0
DA:2122,0
DA:2126,0
DA:2127,0
DA:2128,0
DA:2140,0
DA:2141,0
DA:2142,0
DA:2148,4
DA:2154,4
DA:2262,4
DA:2263,4
DA:2272,0
DA:2274,0
DA:2276,0
DA:2277,0
DA:2278,0
DA:2279,0
DA:2281,0
DA:2282,0
DA:2283,0
DA:2285,0
DA:2287,0
DA:2288,0
DA:2289,0
DA:2290,0
DA:2294,4
DA:2301,0
DA:2304,0
DA:2305,0
DA:2307,0
DA:2309,0
DA:2310,0
DA:2311,0
DA:2313,0
DA:2323,0
DA:2333,0
DA:2334,0
DA:2335,0
DA:2339,0
DA:2342,0
DA:2347,0
DA:2351,0
DA:2352,0
DA:2355,0
DA:2356,0
DA:2357,0
DA:2365,0
DA:2368,0
DA:2370,0
DA:2375,0
DA:2376,0
DA:2378,0
DA:2388,0
DA:2389,0
DA:2392,0
DA:2393,0
DA:2394,0
DA:2395,0
DA:2398,0
DA:2408,0
DA:2409,0
DA:2413,0
DA:2414,0
DA:2415,0
DA:2418,0
DA:2419,0
DA:2421,0
DA:2422,0
DA:2431,0
DA:2432,0
DA:2435,0
DA:2438,0
DA:2439,0
DA:2440,0
DA:2442,0
DA:2443,0
DA:2444,0
DA:2448,0
DA:2458,0
DA:2459,0
DA:2461,0
DA:2462,0
DA:2465,0
DA:2466,0
DA:2467,0
DA:2468,0
DA:2470,0
DA:2480,0
DA:2481,0
DA:2484,0
DA:2485,0
DA:2486,0
DA:2487,0
DA:2489,0
DA:2492,0
DA:2502,0
DA:2503,0
DA:2507,0
DA:2508,0
DA:2509,0
DA:2512,0
DA:2513,0
DA:2514,0
DA:2517,0
DA:2518,0
DA:2519,0
DA:2520,0
DA:2529,0
DA:2531,0
DA:2532,0
DA:2533,0
DA:2534,0
DA:2544,0
DA:2545,0
DA:2546,0
DA:2549,0
DA:2550,0
DA:2551,0
DA:2552,0
DA:2553,0
DA:2555,0
DA:2558,0
DA:2559,0
DA:2569,0
DA:2570,0
DA:2571,0
DA:2572,0
DA:2575,4
DA:2630,4
DA:2631,4
DA:2633,4
DA:2634,4
DA:2635,4
DA:2637,0
DA:2638,0
DA:2640,0
LF:858
LH:113
BRDA:,0,0,0
BRDA:,0,1,0
BRDA:,1,0,0
BRDA:,1,1,0
BRDA:,2,0,0
BRDA:,2,1,0
BRDA:,3,0,0
BRDA:,3,1,0
BRDA:,4,0,0
BRDA:,4,1,0
BRDA:,5,0,0
BRDA:,5,1,0
BRDA:,6,0,0
BRDA:,6,1,0
BRDA:,7,0,0
BRDA:,7,1,0
BRDA:,7,2,0
BRDA:,8,0,0
BRDA:,8,1,0
BRDA:,9,0,0
BRDA:,9,1,4
BRDA:,10,0,0
BRDA:,10,1,0
BRDA:,11,0,0
BRDA:,11,1,0
BRDA:,12,0,0
BRDA:,12,1,0
BRDA:,13,0,0
BRDA:,13,1,0
BRDA:,14,0,0
BRDA:,14,1,0
BRDA:,15,0,0
BRDA:,15,1,0
BRDA:,16,0,0
BRDA:,16,1,0
BRDA:,16,2,0
BRDA:,17,0,48
BRDA:,17,1,0
BRDA:,18,0,0
BRDA:,18,1,0
BRDA:,19,0,0
BRDA:,19,1,0
BRDA:,20,0,0
BRDA:,20,1,0
BRDA:,21,0,0
BRDA:,21,1,0
BRDA:,22,0,0
BRDA:,22,1,0
BRDA:,23,0,0
BRDA:,23,1,0
BRDA:,24,0,0
BRDA:,24,1,0
BRDA:,25,0,0
BRDA:,25,1,0
BRDA:,26,0,0
BRDA:,26,1,0
BRDA:,26,2,0
BRDA:,26,3,0
BRDA:,27,0,0
BRDA:,27,1,0
BRDA:,28,0,0
BRDA:,28,1,0
BRDA:,29,0,0
BRDA:,29,1,0
BRDA:,30,0,0
BRDA:,30,1,0
BRDA:,31,0,0
BRDA:,31,1,8
BRDA:,32,0,8
BRDA:,32,1,0
BRDA:,33,0,0
BRDA:,33,1,0
BRDA:,34,0,0
BRDA:,34,1,0
BRDA:,34,2,0
BRDA:,35,0,4
BRDA:,35,1,0
BRDA:,36,0,0
BRDA:,36,1,0
BRDA:,37,0,0
BRDA:,37,1,0
BRDA:,38,0,0
BRDA:,38,1,0
BRDA:,39,0,0
BRDA:,39,1,0
BRDA:,40,0,0
BRDA:,40,1,0
BRDA:,41,0,0
BRDA:,41,1,0
BRDA:,42,0,0
BRDA:,42,1,0
BRDA:,43,0,0
BRDA:,43,1,0
BRDA:,44,0,0
BRDA:,44,1,0
BRDA:,45,0,0
BRDA:,45,1,0
BRDA:,46,0,0
BRDA:,46,1,0
BRDA:,47,0,0
BRDA:,47,1,0
BRDA:,48,0,0
BRDA:,48,1,0
BRDA:,49,0,0
BRDA:,49,1,0
BRDA:,50,0,0
BRDA:,50,1,0
BRDA:,51,0,0
BRDA:,51,1,0
BRDA:,52,0,0
BRDA:,52,1,0
BRDA:,53,0,0
BRDA:,53,1,0
BRDA:,54,0,0
BRDA:,54,1,0
BRDA:,55,0,0
BRDA:,55,1,0
BRDA:,56,0,0
BRDA:,56,1,0
BRDA:,57,0,0
BRDA:,57,1,0
BRDA:,58,0,0
BRDA:,58,1,0
BRDA:,59,0,0
BRDA:,59,1,0
BRDA:,60,0,0
BRDA:,60,1,0
BRDA:,61,0,0
BRDA:,61,1,0
BRDA:,62,0,0
BRDA:,62,1,0
BRDA:,63,0,0
BRDA:,63,1,0
BRDA:,64,0,0
BRDA:,64,1,0
BRDA:,65,0,0
BRDA:,65,1,0
BRDA:,66,0,0
BRDA:,66,1,0
BRDA:,67,0,0
BRDA:,67,1,0
BRDA:,68,0,0
BRDA:,68,1,0
BRDA:,69,0,0
BRDA:,69,1,0
BRDA:,70,0,0
BRDA:,70,1,0
BRDA:,70,2,0
BRDA:,71,0,0
BRDA:,71,1,0
BRDA:,72,0,0
BRDA:,72,1,0
BRDA:,73,0,0
BRDA:,73,1,0
BRDA:,74,0,0
BRDA:,74,1,0
BRDA:,75,0,0
BRDA:,75,1,0
BRDA:,76,0,0
BRDA:,76,1,0
BRDA:,77,0,0
BRDA:,77,1,0
BRDA:,78,0,0
BRDA:,78,1,0
BRDA:,79,0,0
BRDA:,79,1,0
BRDA:,80,0,0
BRDA:,80,1,0
BRDA:,81,0,0
BRDA:,81,1,0
BRDA:,82,0,0
BRDA:,82,1,0
BRDA:,83,0,0
BRDA:,83,1,0
BRDA:,84,0,0
BRDA:,84,1,0
BRDA:,85,0,0
BRDA:,85,1,0
BRDA:,86,0,0
BRDA:,86,1,0
BRDA:,87,0,0
BRDA:,87,1,4
BRDA:,88,0,4
BRDA:,88,1,0
BRDA:,89,0,0
BRDA:,89,1,0
BRDA:,90,0,0
BRDA:,90,1,0
BRDA:,91,0,0
BRDA:,91,1,0
BRDA:,91,2,0
BRDA:,92,0,0
BRDA:,92,1,0
BRDA:,93,0,0
BRDA:,93,1,0
BRDA:,94,0,0
BRDA:,94,1,0
BRDA:,95,0,0
BRDA:,95,1,0
BRDA:,96,0,0
BRDA:,96,1,0
BRDA:,97,0,0
BRDA:,97,1,0
BRDA:,98,0,0
BRDA:,98,1,0
BRDA:,99,0,0
BRDA:,99,1,0
BRDA:,100,0,0
BRDA:,100,1,0
BRDA:,101,0,0
BRDA:,101,1,0
BRDA:,102,0,0
BRDA:,102,1,0
BRDA:,103,0,0
BRDA:,103,1,0
BRDA:,104,0,0
BRDA:,104,1,0
BRDA:,105,0,0
BRDA:,105,1,0
BRDA:,106,0,0
BRDA:,106,1,0
BRDA:,107,0,0
BRDA:,107,1,0
BRDA:,108,0,0
BRDA:,108,1,0
BRDA:,109,0,0
BRDA:,109,1,0
BRDA:,109,2,0
BRDA:,110,0,0
BRDA:,110,1,0
BRDA:,111,0,0
BRDA:,111,1,0
BRDA:,112,0,0
BRDA:,112,1,0
BRDA:,113,0,0
BRDA:,113,1,0
BRDA:,114,0,0
BRDA:,114,1,0
BRDA:,115,0,0
BRDA:,115,1,0
BRDA:,116,0,0
BRDA:,116,1,0
BRDA:,117,0,0
BRDA:,117,1,0
BRDA:,118,0,0
BRDA:,118,1,0
BRDA:,119,0,0
BRDA:,119,1,0
BRDA:,120,0,0
BRDA:,120,1,0
BRDA:,121,0,0
BRDA:,121,1,0
BRDA:,121,2,0
BRDA:,122,0,0
BRDA:,122,1,0
BRDA:,123,0,0
BRDA:,123,1,0
BRDA:,124,0,0
BRDA:,124,1,0
BRDA:,125,0,0
BRDA:,125,1,0
BRDA:,126,0,0
BRDA:,126,1,0
BRDA:,127,0,0
BRDA:,127,1,0
BRDA:,128,0,0
BRDA:,128,1,0
BRDA:,129,0,0
BRDA:,129,1,0
BRDA:,129,2,0
BRDA:,130,0,0
BRDA:,130,1,0
BRDA:,131,0,0
BRDA:,131,1,0
BRDA:,132,0,0
BRDA:,132,1,0
BRDA:,133,0,0
BRDA:,133,1,0
BRDA:,133,2,0
BRDA:,133,3,0
BRDA:,133,4,0
BRDA:,134,0,0
BRDA:,134,1,0
BRDA:,135,0,0
BRDA:,135,1,0
BRDA:,136,0,0
BRDA:,136,1,0
BRDA:,137,0,0
BRDA:,137,1,0
BRDA:,138,0,0
BRDA:,138,1,0
BRDA:,139,0,0
BRDA:,139,1,0
BRDA:,140,0,0
BRDA:,140,1,0
BRDA:,141,0,0
BRDA:,141,1,4
BRDA:,142,0,4
BRDA:,142,1,4
BRDA:,143,0,24
BRDA:,143,1,0
BRDA:,144,0,0
BRDA:,144,1,0
BRDA:,145,0,0
BRDA:,145,1,0
BRDA:,146,0,0
BRDA:,146,1,0
BRDA:,147,0,0
BRDA:,147,1,0
BRDA:,148,0,0
BRDA:,148,1,0
BRDA:,149,0,0
BRDA:,149,1,0
BRDA:,150,0,0
BRDA:,150,1,0
BRDA:,151,0,0
BRDA:,151,1,0
BRDA:,152,0,0
BRDA:,152,1,0
BRDA:,153,0,0
BRDA:,153,1,0
BRDA:,154,0,0
BRDA:,154,1,0
BRDA:,155,0,0
BRDA:,155,1,0
BRDA:,156,0,0
BRDA:,156,1,0
BRDA:,157,0,0
BRDA:,157,1,0
BRDA:,158,0,0
BRDA:,158,1,0
BRDA:,159,0,0
BRDA:,159,1,0
BRDA:,160,0,0
BRDA:,160,1,0
BRDA:,161,0,0
BRDA:,161,1,0
BRDA:,162,0,0
BRDA:,162,1,0
BRDA:,163,0,0
BRDA:,163,1,0
BRDA:,164,0,0
BRDA:,164,1,0
BRDA:,165,0,0
BRDA:,165,1,0
BRDA:,166,0,0
BRDA:,166,1,0
BRDA:,167,0,0
BRDA:,167,1,0
BRDA:,168,0,0
BRDA:,168,1,0
BRDA:,169,0,0
BRDA:,169,1,0
BRDA:,170,0,0
BRDA:,170,1,0
BRDA:,171,0,0
BRDA:,171,1,0
BRDA:,172,0,0
BRDA:,172,1,0
BRDA:,172,2,0
BRDA:,173,0,0
BRDA:,173,1,0
BRDA:,174,0,0
BRDA:,174,1,0
BRDA:,175,0,0
BRDA:,175,1,0
BRDA:,176,0,0
BRDA:,176,1,0
BRDA:,177,0,0
BRDA:,177,1,0
BRDA:,178,0,0
BRDA:,178,1,0
BRDA:,179,0,0
BRDA:,179,1,0
BRDA:,180,0,0
BRDA:,180,1,0
BRDA:,181,0,0
BRDA:,181,1,0
BRDA:,182,0,0
BRDA:,182,1,0
BRDA:,183,0,0
BRDA:,183,1,0
BRDA:,184,0,0
BRDA:,184,1,0
BRDA:,185,0,0
BRDA:,185,1,0
BRDA:,185,2,0
BRDA:,186,0,0
BRDA:,186,1,0
BRDA:,186,2,0
BRDA:,186,3,0
BRDA:,187,0,0
BRDA:,187,1,0
BRDA:,188,0,0
BRDA:,188,1,0
BRDA:,188,2,0
BRDA:,189,0,0
BRDA:,189,1,0
BRDA:,190,0,0
BRDA:,190,1,0
BRDA:,191,0,0
BRDA:,191,1,0
BRDA:,192,0,0
BRDA:,192,1,0
BRDA:,192,2,0
BRDA:,192,3,0
BRDA:,193,0,0
BRDA:,193,1,0
BRDA:,194,0,0
BRDA:,194,1,0
BRDA:,195,0,0
BRDA:,195,1,0
BRDA:,196,0,0
BRDA:,196,1,0
BRDA:,197,0,0
BRDA:,197,1,0
BRDA:,198,0,0
BRDA:,198,1,0
BRDA:,198,2,0
BRDA:,199,0,0
BRDA:,199,1,0
BRDA:,200,0,0
BRDA:,200,1,0
BRDA:,201,0,0
BRDA:,201,1,0
BRDA:,202,0,0
BRDA:,202,1,0
BRDA:,202,2,0
BRDA:,202,3,0
BRDA:,202,4,0
BRDA:,202,5,0
BRDA:,203,0,0
BRDA:,203,1,0
BRDA:,204,0,0
BRDA:,204,1,0
BRDA:,205,0,0
BRDA:,205,1,0
BRDA:,206,0,0
BRDA:,206,1,0
BRDA:,207,0,0
BRDA:,207,1,0
BRDA:,207,2,0
BRDA:,208,0,0
BRDA:,208,1,0
BRDA:,209,0,0
BRDA:,209,1,0
BRDA:,210,0,0
BRDA:,210,1,0
BRDA:,211,0,0
BRDA:,211,1,0
BRDA:,212,0,0
BRDA:,212,1,0
BRDA:,213,0,0
BRDA:,213,1,0
BRDA:,214,0,0
BRDA:,214,1,0
BRDA:,215,0,0
BRDA:,215,1,0
BRDA:,216,0,0
BRDA:,216,1,0
BRDA:,217,0,0
BRDA:,217,1,0
BRDA:,218,0,0
BRDA:,218,1,0
BRDA:,219,0,0
BRDA:,219,1,0
BRDA:,220,0,0
BRDA:,220,1,0
BRDA:,221,0,0
BRDA:,221,1,0
BRDA:,222,0,0
BRDA:,222,1,0
BRDA:,223,0,0
BRDA:,223,1,0
BRDA:,224,0,0
BRDA:,224,1,0
BRDA:,225,0,0
BRDA:,225,1,0
BRDA:,226,0,0
BRDA:,226,1,0
BRDA:,226,2,0
BRDA:,227,0,0
BRDA:,227,1,0
BRDA:,228,0,0
BRDA:,228,1,0
BRDA:,228,2,0
BRDA:,228,3,0
BRDA:,229,0,0
BRDA:,229,1,0
BRDA:,230,0,0
BRDA:,230,1,0
BRDA:,231,0,0
BRDA:,231,1,0
BRDA:,232,0,0
BRDA:,232,1,0
BRDA:,233,0,0
BRDA:,233,1,0
BRDA:,234,0,0
BRDA:,234,1,0
BRDA:,235,0,0
BRDA:,235,1,0
BRDA:,236,0,0
BRDA:,236,1,0
BRDA:,237,0,0
BRDA:,237,1,0
BRDA:,238,0,0
BRDA:,238,1,0
BRDA:,239,0,0
BRDA:,239,1,0
BRDA:,240,0,0
BRDA:,240,1,0
BRDA:,241,0,0
BRDA:,241,1,0
BRDA:,242,0,0
BRDA:,242,1,0
BRDA:,243,0,0
BRDA:,243,1,0
BRDA:,244,0,0
BRDA:,244,1,0
BRDA:,245,0,0
BRDA:,245,1,0
BRDA:,246,0,0
BRDA:,246,1,0
BRDA:,247,0,0
BRDA:,247,1,0
BRDA:,248,0,0
BRDA:,248,1,0
BRDA:,249,0,0
BRDA:,249,1,0
BRDA:,250,0,0
BRDA:,250,1,0
BRDA:,251,0,0
BRDA:,251,1,0
BRDA:,252,0,0
BRDA:,252,1,0
BRDA:,253,0,4
BRDA:,253,1,0
BRDA:,254,0,0
BRDA:,254,1,0
BRDA:,255,0,4
BRDA:,255,1,0
BRDA:,256,0,4
BRDA:,256,1,4
BRDA:,257,0,0
BRDA:,257,1,0
BRDA:,258,0,0
BRDA:,258,1,0
BRF:547
BRH:15
end_of_record
TN:
SF:/Users/nekqy/WebstormProjects/rb-nekqy/js/arrowsControl.js
FN:,(anonymous_0)
FN:,ArrowsControl
FN:,(anonymous_2)
FN:,(anonymous_3)
FN:,(anonymous_4)
FN:,(anonymous_5)
FN:,mouseMoveHandler
FN:,hideArrow
FN:,(anonymous_8)
FN:,(anonymous_9)
FN:,(anonymous_10)
FN:,(anonymous_11)
FN:,(anonymous_12)
FN:,(anonymous_13)
FNF:14
FNH:7
FNDA:4,(anonymous_0)
FNDA:47,ArrowsControl
FNDA:99,(anonymous_2)
FNDA:110,(anonymous_3)
FNDA:63,(anonymous_4)
FNDA:0,(anonymous_5)
FNDA:0,mouseMoveHandler
FNDA:0,hideArrow
FNDA:0,(anonymous_8)
FNDA:0,(anonymous_9)
FNDA:0,(anonymous_10)
FNDA:252,(anonymous_11)
FNDA:63,(anonymous_12)
FNDA:0,(anonymous_13)
DA:1,4
DA:14,47
DA:15,0
DA:18,47
DA:19,0
DA:21,47
DA:22,47
DA:23,47
DA:24,47
DA:26,4
DA:33,4
DA:34,99
DA:35,99
DA:36,47
DA:38,99
DA:39,47
DA:41,99
DA:42,47
DA:44,99
DA:45,47
DA:48,99
DA:55,4
DA:56,110
DA:62,4
DA:63,63
DA:65,63
DA:66,63
DA:67,0
DA:69,0
DA:70,0
DA:71,0
DA:72,0
DA:73,0
DA:74,0
DA:75,0
DA:79,0
DA:81,0
DA:82,0
DA:83,0
DA:84,0
DA:89,0
DA:90,0
DA:92,0
DA:101,0
DA:102,0
DA:105,63
DA:106,0
DA:108,0
DA:109,0
DA:111,63
DA:112,0
DA:114,0
DA:115,0
DA:117,0
DA:118,0
DA:122,63
DA:123,63
DA:124,252
DA:132,63
DA:134,63
DA:136,63
DA:137,63
DA:138,63
DA:139,63
DA:140,63
DA:141,63
DA:143,63
DA:149,4
DA:150,63
DA:152,63
DA:153,63
DA:154,252
DA:156,63
DA:157,63
DA:158,63
DA:159,63
DA:160,63
DA:161,63
DA:163,63
DA:165,63
DA:171,4
DA:172,0
DA:175,4
LF:83
LH:54
BRDA:,0,0,0
BRDA:,0,1,47
BRDA:,1,0,0
BRDA:,1,1,47
BRDA:,2,0,99
BRDA:,2,1,0
BRDA:,3,0,47
BRDA:,3,1,52
BRDA:,4,0,47
BRDA:,4,1,52
BRDA:,5,0,47
BRDA:,5,1,52
BRDA:,6,0,47
BRDA:,6,1,52
BRDA:,7,0,99
BRDA:,7,1,0
BRDA:,8,0,0
BRDA:,8,1,63
BRDA:,9,0,0
BRDA:,9,1,0
BRDA:,10,0,0
BRDA:,10,1,0
BRDA:,11,0,0
BRDA:,11,1,0
BRDA:,11,2,0
BRDA:,11,3,0
BRDA:,12,0,0
BRDA:,12,1,0
BRDA:,13,0,0
BRDA:,13,1,0
BRDA:,14,0,252
BRDA:,14,1,0
BRDA:,15,0,0
BRDA:,15,1,63
BRF:34
BRH:15
end_of_record
TN:
SF:/Users/nekqy/WebstormProjects/rb-nekqy/js/keydownControl.js
FN:,(anonymous_0)
FN:,KeydownControl
FN:,(anonymous_2)
FN:,(anonymous_3)
FN:,(anonymous_4)
FN:,(anonymous_5)
FN:,(anonymous_6)
FN:,(anonymous_7)
FN:,(anonymous_8)
FN:,(anonymous_9)
FN:,(anonymous_10)
FNF:11
FNH:6
FNDA:4,(anonymous_0)
FNDA:47,KeydownControl
FNDA:99,(anonymous_2)
FNDA:110,(anonymous_3)
FNDA:63,(anonymous_4)
FNDA:0,(anonymous_5)
FNDA:0,(anonymous_6)
FNDA:0,(anonymous_7)
FNDA:0,(anonymous_8)
FNDA:63,(anonymous_9)
FNDA:0,(anonymous_10)
DA:1,4
DA:13,47
DA:14,0
DA:17,47
DA:18,0
DA:20,47
DA:21,47
DA:22,47
DA:24,4
DA:30,4
DA:31,99
DA:32,99
DA:33,47
DA:35,99
DA:36,47
DA:38,99
DA:39,47
DA:41,99
DA:42,47
DA:51,4
DA:52,110
DA:58,4
DA:59,63
DA:61,63
DA:62,63
DA:63,0
DA:64,0
DA:66,0
DA:67,0
DA:69,0
DA:71,63
DA:72,0
DA:75,63
DA:76,63
DA:78,63
DA:84,4
DA:85,63
DA:87,63
DA:88,63
DA:90,63
DA:96,4
DA:97,0
DA:100,4
LF:43
LH:34
BRDA:,0,0,0
BRDA:,0,1,47
BRDA:,1,0,0
BRDA:,1,1,47
BRDA:,2,0,99
BRDA:,2,1,0
BRDA:,3,0,47
BRDA:,3,1,52
BRDA:,4,0,47
BRDA:,4,1,52
BRDA:,5,0,47
BRDA:,5,1,52
BRDA:,6,0,47
BRDA:,6,1,52
BRDA:,7,0,0
BRDA:,7,1,63
BRDA:,8,0,0
BRDA:,8,1,63
BRF:18
BRH:13
end_of_record
TN:
SF:/Users/nekqy/WebstormProjects/rb-nekqy/js/elementsPool.js
FN:,(anonymous_0)
FN:,ElementsPool
FN:,(anonymous_2)
FN:,(anonymous_3)
FN:,getScreen
FN:,prepareRelativeSide
FN:,(anonymous_6)
FN:,(anonymous_7)
FN:,(anonymous_8)
FN:,(anonymous_9)
FN:,(anonymous_10)
FNF:11
FNH:11
FNDA:4,(anonymous_0)
FNDA:47,ElementsPool
FNDA:99,(anonymous_2)
FNDA:434,(anonymous_3)
FNDA:1736,getScreen
FNDA:1883,prepareRelativeSide
FNDA:1114,(anonymous_6)
FNDA:447,(anonymous_7)
FNDA:1312,(anonymous_8)
FNDA:47,(anonymous_9)
FNDA:118,(anonymous_10)
DA:1,4
DA:5,47
DA:6,47
DA:7,47
DA:8,47
DA:10,4
DA:11,4
DA:12,99
DA:13,99
DA:14,47
DA:16,99
DA:17,48
DA:23,4
DA:25,1736
DA:28,1883
DA:30,1883
DA:31,232
DA:32,232
DA:33,232
DA:39,1651
DA:41,1883
DA:42,434
DA:43,434
DA:46,1883
DA:49,434
DA:50,434
DA:51,434
DA:52,434
DA:53,434
DA:54,434
DA:56,434
DA:57,434
DA:59,434
DA:60,434
DA:61,434
DA:62,434
DA:63,434
DA:64,434
DA:66,4
DA:67,1114
DA:68,1114
DA:69,1048
DA:71,66
DA:74,4
DA:75,447
DA:77,447
DA:78,1312
DA:80,1312
DA:85,1193
DA:86,232
DA:87,232
DA:88,232
DA:91,119
DA:92,119
DA:93,114
DA:94,114
DA:101,4
DA:102,47
DA:103,47
DA:104,118
DA:106,47
DA:107,47
DA:108,47
DA:111,4
LF:64
LH:64
BRDA:,0,0,99
BRDA:,0,1,0
BRDA:,1,0,47
BRDA:,1,1,52
BRDA:,2,0,48
BRDA:,2,1,51
BRDA:,3,0,232
BRDA:,3,1,1651
BRDA:,4,0,434
BRDA:,4,1,1449
BRDA:,5,0,434
BRDA:,5,1,434
BRDA:,6,0,434
BRDA:,6,1,325
BRDA:,7,0,434
BRDA:,7,1,384
BRDA:,8,0,434
BRDA:,8,1,357
BRDA:,9,0,434
BRDA:,9,1,383
BRDA:,10,0,1048
BRDA:,10,1,66
BRDA:,11,0,1193
BRDA:,11,1,119
BRDA:,12,0,1312
BRDA:,12,1,865
BRDA:,12,2,548
BRDA:,12,3,392
BRDA:,12,4,224
BRDA:,13,0,232
BRDA:,13,1,961
BRDA:,14,0,119
BRDA:,14,1,0
BRDA:,15,0,114
BRDA:,15,1,5
BRDA:,16,0,119
BRDA:,16,1,11
BRF:37
BRH:35
end_of_record
TN:
SF:/Users/nekqy/WebstormProjects/rb-nekqy/tests/testsWrapper.js
FN:,(anonymous_0)
FN:,TestsWrapper
FN:,(anonymous_2)
FN:,(anonymous_3)
FN:,(anonymous_4)
FN:,(anonymous_5)
FN:,(anonymous_6)
FN:,(anonymous_7)
FN:,clear
FN:,(anonymous_9)
FN:,(anonymous_10)
FN:,(anonymous_11)
FN:,(anonymous_12)
FN:,(anonymous_13)
FN:,(anonymous_14)
FN:,(anonymous_15)
FNF:16
FNH:16
FNDA:4,(anonymous_0)
FNDA:17,TestsWrapper
FNDA:226,(anonymous_2)
FNDA:37,(anonymous_3)
FNDA:225,(anonymous_4)
FNDA:34,(anonymous_5)
FNDA:213,(anonymous_6)
FNDA:17,(anonymous_7)
FNDA:47,clear
FNDA:226,(anonymous_9)
FNDA:226,(anonymous_10)
FNDA:226,(anonymous_11)
FNDA:226,(anonymous_12)
FNDA:226,(anonymous_13)
FNDA:226,(anonymous_14)
FNDA:226,(anonymous_15)
DA:1,4
DA:5,17
DA:6,17
DA:9,4
DA:10,226
DA:11,225
DA:12,225
DA:13,225
DA:14,225
DA:15,225
DA:17,226
DA:19,4
DA:20,37
DA:21,37
DA:22,225
DA:25,4
DA:26,34
DA:27,213
DA:28,213
DA:29,213
DA:31,34
DA:33,4
DA:35,47
DA:36,47
DA:37,47
DA:40,17
DA:42,17
DA:43,226
DA:44,226
DA:45,226
DA:46,226
DA:48,226
DA:49,226
DA:50,226
DA:51,226
DA:52,226
DA:53,226
DA:54,226
DA:56,0
DA:57,0
DA:58,0
DA:60,226
DA:61,226
DA:62,226
DA:63,226
DA:64,226
DA:66,0
DA:67,0
DA:68,0
DA:70,226
DA:71,226
DA:72,226
DA:73,226
DA:75,0
DA:76,0
DA:77,0
DA:82,226
DA:83,226
DA:84,226
DA:85,226
DA:86,226
DA:88,0
DA:89,0
DA:90,0
DA:91,0
DA:93,226
DA:94,226
DA:96,226
DA:97,226
DA:98,226
DA:100,0
DA:101,0
DA:102,0
DA:104,226
DA:105,226
DA:111,4
LF:76
LH:60
BRDA:,0,0,225
BRDA:,0,1,1
BRDA:,1,0,34
BRDA:,1,1,179
BRDA:,2,0,226
BRDA:,2,1,47
BRDA:,2,2,47
BRDA:,3,0,226
BRDA:,3,1,47
BRDA:,3,2,46
BRDA:,4,0,226
BRDA:,4,1,47
BRF:12
BRH:12
end_of_record
TN:
SF:/Users/nekqy/WebstormProjects/rb-nekqy/vendor/lodash.js
FN:,(anonymous_0)
FN:,(anonymous_1)
FN:,addMapEntry
FN:,addSetEntry
FN:,apply
FN:,arrayAggregator
FN:,arrayEach
FN:,arrayEachRight
FN:,arrayEvery
FN:,arrayFilter
FN:,arrayIncludes
FN:,arrayIncludesWith
FN:,arrayMap
FN:,arrayPush
FN:,arrayReduce
FN:,arrayReduceRight
FN:,arraySome
FN:,asciiToArray
FN:,asciiWords
FN:,baseFindKey
FN:,(anonymous_20)
FN:,baseFindIndex
FN:,baseIndexOf
FN:,baseIndexOfWith
FN:,baseIsNaN
FN:,baseMean
FN:,baseProperty
FN:,(anonymous_27)
FN:,basePropertyOf
FN:,(anonymous_29)
FN:,baseReduce
FN:,(anonymous_31)
FN:,baseSortBy
FN:,baseSum
FN:,baseTimes
FN:,baseToPairs
FN:,(anonymous_36)
FN:,baseUnary
FN:,(anonymous_38)
FN:,baseValues
FN:,(anonymous_40)
FN:,cacheHas
FN:,charsStartIndex
FN:,charsEndIndex
FN:,countHolders
FN:,escapeStringChar
FN:,getValue
FN:,hasUnicode
FN:,hasUnicodeWord
FN:,iteratorToArray
FN:,mapToArray
FN:,(anonymous_51)
FN:,overArg
FN:,(anonymous_53)
FN:,replaceHolders
FN:,setToArray
FN:,(anonymous_56)
FN:,setToPairs
FN:,(anonymous_58)
FN:,strictIndexOf
FN:,strictLastIndexOf
FN:,stringSize
FN:,stringToArray
FN:,unicodeSize
FN:,unicodeToArray
FN:,unicodeWords
FN:,runInContext
FN:,(anonymous_67)
FN:,(anonymous_68)
FN:,lodash
FN:,(anonymous_70)
FN:,object
FN:,(anonymous_72)
FN:,baseLodash
FN:,LodashWrapper
FN:,LazyWrapper
FN:,lazyClone
FN:,lazyReverse
FN:,lazyValue
FN:,Hash
FN:,hashClear
FN:,hashDelete
FN:,hashGet
FN:,hashHas
FN:,hashSet
FN:,ListCache
FN:,listCacheClear
FN:,listCacheDelete
FN:,listCacheGet
FN:,listCacheHas
FN:,listCacheSet
FN:,MapCache
FN:,mapCacheClear
FN:,mapCacheDelete
FN:,mapCacheGet
FN:,mapCacheHas
FN:,mapCacheSet
FN:,SetCache
FN:,setCacheAdd
FN:,setCacheHas
FN:,Stack
FN:,stackClear
FN:,stackDelete
FN:,stackGet
FN:,stackHas
FN:,stackSet
FN:,arrayLikeKeys
FN:,arraySample
FN:,arraySampleSize
FN:,arrayShuffle
FN:,assignInDefaults
FN:,assignMergeValue
FN:,assignValue
FN:,assocIndexOf
FN:,baseAggregator
FN:,(anonymous_115)
FN:,baseAssign
FN:,baseAssignValue
FN:,baseAt
FN:,baseClamp
FN:,baseClone
FN:,(anonymous_121)
FN:,baseConforms
FN:,(anonymous_123)
FN:,baseConformsTo
FN:,baseDelay
FN:,(anonymous_126)
FN:,baseDifference
FN:,baseEvery
FN:,(anonymous_129)
FN:,baseExtremum
FN:,baseFill
FN:,baseFilter
FN:,(anonymous_133)
FN:,baseFlatten
FN:,baseForOwn
FN:,baseForOwnRight
FN:,baseFunctions
FN:,(anonymous_138)
FN:,baseGet
FN:,baseGetAllKeys
FN:,baseGetTag
FN:,baseGt
FN:,baseHas
FN:,baseHasIn
FN:,baseInRange
FN:,baseIntersection
FN:,baseInverter
FN:,(anonymous_148)
FN:,baseInvoke
FN:,baseIsArguments
FN:,baseIsArrayBuffer
FN:,baseIsDate
FN:,baseIsEqual
FN:,baseIsEqualDeep
FN:,baseIsMap
FN:,baseIsMatch
FN:,baseIsNative
FN:,baseIsRegExp
FN:,baseIsSet
FN:,baseIsTypedArray
FN:,baseIteratee
FN:,baseKeys
FN:,baseKeysIn
FN:,baseLt
FN:,baseMap
FN:,(anonymous_166)
FN:,baseMatches
FN:,(anonymous_168)
FN:,baseMatchesProperty
FN:,(anonymous_170)
FN:,baseMerge
FN:,(anonymous_172)
FN:,baseMergeDeep
FN:,baseNth
FN:,baseOrderBy
FN:,(anonymous_176)
FN:,(anonymous_177)
FN:,(anonymous_178)
FN:,basePick
FN:,(anonymous_180)
FN:,basePickBy
FN:,basePropertyDeep
FN:,(anonymous_183)
FN:,basePullAll
FN:,basePullAt
FN:,baseRandom
FN:,baseRange
FN:,baseRepeat
FN:,baseRest
FN:,baseSample
FN:,baseSampleSize
FN:,baseSet
FN:,(anonymous_193)
FN:,(anonymous_194)
FN:,baseShuffle
FN:,baseSlice
FN:,baseSome
FN:,(anonymous_198)
FN:,baseSortedIndex
FN:,baseSortedIndexBy
FN:,baseSortedUniq
FN:,baseToNumber
FN:,baseToString
FN:,baseUniq
FN:,baseUnset
FN:,baseUpdate
FN:,baseWhile
FN:,baseWrapperValue
FN:,(anonymous_209)
FN:,baseXor
FN:,baseZipObject
FN:,castArrayLikeObject
FN:,castFunction
FN:,castPath
FN:,castSlice
FN:,(anonymous_216)
FN:,cloneBuffer
FN:,cloneArrayBuffer
FN:,cloneDataView
FN:,cloneMap
FN:,cloneRegExp
FN:,cloneSet
FN:,cloneSymbol
FN:,cloneTypedArray
FN:,compareAscending
FN:,compareMultiple
FN:,composeArgs
FN:,composeArgsRight
FN:,copyArray
FN:,copyObject
FN:,copySymbols
FN:,createAggregator
FN:,(anonymous_233)
FN:,createAssigner
FN:,(anonymous_235)
FN:,createBaseEach
FN:,(anonymous_237)
FN:,createBaseFor
FN:,(anonymous_239)
FN:,createBind
FN:,wrapper
FN:,createCaseFirst
FN:,(anonymous_243)
FN:,createCompounder
FN:,(anonymous_245)
FN:,createCtor
FN:,(anonymous_247)
FN:,createCurry
FN:,wrapper
FN:,createFind
FN:,(anonymous_251)
FN:,(anonymous_252)
FN:,createFlow
FN:,(anonymous_254)
FN:,(anonymous_255)
FN:,createHybrid
FN:,wrapper
FN:,createInverter
FN:,(anonymous_259)
FN:,createMathOperation
FN:,(anonymous_261)
FN:,createOver
FN:,(anonymous_263)
FN:,(anonymous_264)
FN:,(anonymous_265)
FN:,createPadding
FN:,createPartial
FN:,wrapper
FN:,createRange
FN:,(anonymous_270)
FN:,createRelationalOperation
FN:,(anonymous_272)
FN:,createRecurry
FN:,createRound
FN:,(anonymous_275)
FN:,(anonymous_276)
FN:,createToPairs
FN:,(anonymous_278)
FN:,createWrap
FN:,equalArrays
FN:,(anonymous_281)
FN:,equalByTag
FN:,equalObjects
FN:,flatRest
FN:,getAllKeys
FN:,getAllKeysIn
FN:,(anonymous_287)
FN:,getFuncName
FN:,getHolder
FN:,getIteratee
FN:,getMapData
FN:,getMatchData
FN:,getNative
FN:,(anonymous_294)
FN:,(anonymous_295)
FN:,getView
FN:,getWrapDetails
FN:,hasPath
FN:,initCloneArray
FN:,initCloneObject
FN:,initCloneByTag
FN:,insertWrapDetails
FN:,isFlattenable
FN:,isIndex
FN:,isIterateeCall
FN:,isKey
FN:,isKeyable
FN:,isLaziable
FN:,isMasked
FN:,isPrototype
FN:,isStrictComparable
FN:,matchesStrictComparable
FN:,(anonymous_313)
FN:,memoizeCapped
FN:,(anonymous_315)
FN:,mergeData
FN:,mergeDefaults
FN:,nativeKeysIn
FN:,overRest
FN:,(anonymous_320)
FN:,parent
FN:,reorder
FN:,(anonymous_323)
FN:,setWrapToString
FN:,shortOut
FN:,(anonymous_326)
FN:,shuffleSelf
FN:,(anonymous_328)
FN:,(anonymous_329)
FN:,toKey
FN:,toSource
FN:,updateWrapDetails
FN:,(anonymous_333)
FN:,wrapperClone
FN:,chunk
FN:,compact
FN:,concat
FN:,(anonymous_338)
FN:,(anonymous_339)
FN:,(anonymous_340)
FN:,drop
FN:,dropRight
FN:,dropRightWhile
FN:,dropWhile
FN:,fill
FN:,findIndex
FN:,findLastIndex
FN:,flatten
FN:,flattenDeep
FN:,flattenDepth
FN:,fromPairs
FN:,head
FN:,indexOf
FN:,initial
FN:,(anonymous_355)
FN:,(anonymous_356)
FN:,(anonymous_357)
FN:,join
FN:,last
FN:,lastIndexOf
FN:,nth
FN:,pullAll
FN:,pullAllBy
FN:,pullAllWith
FN:,(anonymous_365)
FN:,(anonymous_366)
FN:,remove
FN:,reverse
FN:,slice
FN:,sortedIndex
FN:,sortedIndexBy
FN:,sortedIndexOf
FN:,sortedLastIndex
FN:,sortedLastIndexBy
FN:,sortedLastIndexOf
FN:,sortedUniq
FN:,sortedUniqBy
FN:,tail
FN:,take
FN:,takeRight
FN:,takeRightWhile
FN:,takeWhile
FN:,(anonymous_383)
FN:,(anonymous_384)
FN:,(anonymous_385)
FN:,uniq
FN:,uniqBy
FN:,uniqWith
FN:,unzip
FN:,(anonymous_390)
FN:,(anonymous_391)
FN:,unzipWith
FN:,(anonymous_393)
FN:,(anonymous_394)
FN:,(anonymous_395)
FN:,(anonymous_396)
FN:,(anonymous_397)
FN:,zipObject
FN:,zipObjectDeep
FN:,(anonymous_400)
FN:,chain
FN:,tap
FN:,thru
FN:,(anonymous_404)
FN:,(anonymous_405)
FN:,(anonymous_406)
FN:,wrapperChain
FN:,wrapperCommit
FN:,wrapperNext
FN:,wrapperToIterator
FN:,wrapperPlant
FN:,wrapperReverse
FN:,wrapperValue
FN:,(anonymous_414)
FN:,every
FN:,filter
FN:,flatMap
FN:,flatMapDeep
FN:,flatMapDepth
FN:,forEach
FN:,forEachRight
FN:,(anonymous_422)
FN:,includes
FN:,(anonymous_424)
FN:,(anonymous_425)
FN:,(anonymous_426)
FN:,map
FN:,orderBy
FN:,(anonymous_429)
FN:,(anonymous_430)
FN:,reduce
FN:,reduceRight
FN:,reject
FN:,sample
FN:,sampleSize
FN:,shuffle
FN:,size
FN:,some
FN:,(anonymous_439)
FN:,(anonymous_440)
FN:,after
FN:,(anonymous_442)
FN:,ary
FN:,before
FN:,(anonymous_445)
FN:,(anonymous_446)
FN:,(anonymous_447)
FN:,curry
FN:,curryRight
FN:,debounce
FN:,invokeFunc
FN:,leadingEdge
FN:,remainingWait
FN:,shouldInvoke
FN:,timerExpired
FN:,trailingEdge
FN:,cancel
FN:,flush
FN:,debounced
FN:,(anonymous_460)
FN:,(anonymous_461)
FN:,flip
FN:,memoize
FN:,(anonymous_464)
FN:,negate
FN:,(anonymous_466)
FN:,once
FN:,(anonymous_468)
FN:,(anonymous_469)
FN:,(anonymous_470)
FN:,(anonymous_471)
FN:,(anonymous_472)
FN:,rest
FN:,spread
FN:,(anonymous_475)
FN:,throttle
FN:,unary
FN:,wrap
FN:,castArray
FN:,clone
FN:,cloneWith
FN:,cloneDeep
FN:,cloneDeepWith
FN:,conformsTo
FN:,eq
FN:,(anonymous_486)
FN:,(anonymous_487)
FN:,(anonymous_488)
FN:,isArrayLike
FN:,isArrayLikeObject
FN:,isBoolean
FN:,isElement
FN:,isEmpty
FN:,isEqual
FN:,isEqualWith
FN:,isError
FN:,isFinite
FN:,isFunction
FN:,isInteger
FN:,isLength
FN:,isObject
FN:,isObjectLike
FN:,isMatch
FN:,isMatchWith
FN:,isNaN
FN:,isNative
FN:,isNull
FN:,isNil
FN:,isNumber
FN:,isPlainObject
FN:,isSafeInteger
FN:,isString
FN:,isSymbol
FN:,isUndefined
FN:,isWeakMap
FN:,isWeakSet
FN:,(anonymous_517)
FN:,toArray
FN:,toFinite
FN:,toInteger
FN:,toLength
FN:,toNumber
FN:,toPlainObject
FN:,toSafeInteger
FN:,toString
FN:,(anonymous_526)
FN:,(anonymous_527)
FN:,(anonymous_528)
FN:,(anonymous_529)
FN:,create
FN:,(anonymous_531)
FN:,(anonymous_532)
FN:,findKey
FN:,findLastKey
FN:,forIn
FN:,forInRight
FN:,forOwn
FN:,forOwnRight
FN:,functions
FN:,functionsIn
FN:,get
FN:,has
FN:,hasIn
FN:,(anonymous_544)
FN:,(anonymous_545)
FN:,keys
FN:,keysIn
FN:,mapKeys
FN:,(anonymous_549)
FN:,mapValues
FN:,(anonymous_551)
FN:,(anonymous_552)
FN:,(anonymous_553)
FN:,(anonymous_554)
FN:,omitBy
FN:,(anonymous_556)
FN:,pickBy
FN:,result
FN:,set
FN:,setWith
FN:,transform
FN:,(anonymous_562)
FN:,unset
FN:,update
FN:,updateWith
FN:,values
FN:,valuesIn
FN:,clamp
FN:,inRange
FN:,random
FN:,(anonymous_571)
FN:,capitalize
FN:,deburr
FN:,endsWith
FN:,escape
FN:,escapeRegExp
FN:,(anonymous_577)
FN:,(anonymous_578)
FN:,pad
FN:,padEnd
FN:,padStart
FN:,parseInt
FN:,repeat
FN:,replace
FN:,(anonymous_585)
FN:,split
FN:,(anonymous_587)
FN:,startsWith
FN:,template
FN:,(anonymous_590)
FN:,(anonymous_591)
FN:,toLower
FN:,toUpper
FN:,trim
FN:,trimEnd
FN:,trimStart
FN:,truncate
FN:,unescape
FN:,(anonymous_599)
FN:,words
FN:,(anonymous_601)
FN:,(anonymous_602)
FN:,(anonymous_603)
FN:,cond
FN:,(anonymous_605)
FN:,(anonymous_606)
FN:,conforms
FN:,constant
FN:,(anonymous_609)
FN:,defaultTo
FN:,identity
FN:,iteratee
FN:,matches
FN:,matchesProperty
FN:,(anonymous_615)
FN:,(anonymous_616)
FN:,(anonymous_617)
FN:,(anonymous_618)
FN:,mixin
FN:,(anonymous_620)
FN:,(anonymous_621)
FN:,noConflict
FN:,noop
FN:,nthArg
FN:,(anonymous_625)
FN:,property
FN:,propertyOf
FN:,(anonymous_628)
FN:,stubArray
FN:,stubFalse
FN:,stubObject
FN:,stubString
FN:,stubTrue
FN:,times
FN:,toPath
FN:,uniqueId
FN:,(anonymous_637)
FN:,(anonymous_638)
FN:,max
FN:,maxBy
FN:,mean
FN:,meanBy
FN:,min
FN:,minBy
FN:,(anonymous_645)
FN:,(anonymous_646)
FN:,sum
FN:,sumBy
FN:,(anonymous_649)
FN:,(anonymous_650)
FN:,(anonymous_651)
FN:,(anonymous_652)
FN:,(anonymous_653)
FN:,(anonymous_654)
FN:,(anonymous_655)
FN:,(anonymous_656)
FN:,(anonymous_657)
FN:,(anonymous_658)
FN:,(anonymous_659)
FN:,(anonymous_660)
FN:,(anonymous_661)
FN:,(anonymous_662)
FN:,(anonymous_663)
FN:,(anonymous_664)
FN:,(anonymous_665)
FN:,(anonymous_666)
FN:,(anonymous_667)
FN:,(anonymous_668)
FN:,(anonymous_669)
FN:,(anonymous_670)
FN:,(anonymous_671)
FN:,(anonymous_672)
FN:,(anonymous_673)
FN:,(anonymous_674)
FN:,(anonymous_675)
FN:,(anonymous_676)
FN:,(anonymous_677)
FNF:678
FNH:83
FNDA:4,(anonymous_0)
FNDA:4,(anonymous_1)
FNDA:0,addMapEntry
FNDA:0,addSetEntry
FNDA:0,apply
FNDA:0,arrayAggregator
FNDA:69,arrayEach
FNDA:0,arrayEachRight
FNDA:0,arrayEvery
FNDA:8,arrayFilter
FNDA:0,arrayIncludes
FNDA:0,arrayIncludesWith
FNDA:37,arrayMap
FNDA:0,arrayPush
FNDA:0,arrayReduce
FNDA:0,arrayReduceRight
FNDA:0,arraySome
FNDA:0,asciiToArray
FNDA:0,asciiWords
FNDA:0,baseFindKey
FNDA:0,(anonymous_20)
FNDA:0,baseFindIndex
FNDA:0,baseIndexOf
FNDA:0,baseIndexOfWith
FNDA:0,baseIsNaN
FNDA:0,baseMean
FNDA:4,baseProperty
FNDA:0,(anonymous_27)
FNDA:12,basePropertyOf
FNDA:0,(anonymous_29)
FNDA:0,baseReduce
FNDA:0,(anonymous_31)
FNDA:0,baseSortBy
FNDA:0,baseSum
FNDA:0,baseTimes
FNDA:0,baseToPairs
FNDA:0,(anonymous_36)
FNDA:0,baseUnary
FNDA:0,(anonymous_38)
FNDA:0,baseValues
FNDA:0,(anonymous_40)
FNDA:0,cacheHas
FNDA:0,charsStartIndex
FNDA:0,charsEndIndex
FNDA:0,countHolders
FNDA:0,escapeStringChar
FNDA:28,getValue
FNDA:0,hasUnicode
FNDA:0,hasUnicodeWord
FNDA:0,iteratorToArray
FNDA:0,mapToArray
FNDA:0,(anonymous_51)
FNDA:12,overArg
FNDA:29,(anonymous_53)
FNDA:0,replaceHolders
FNDA:4,setToArray
FNDA:8,(anonymous_56)
FNDA:0,setToPairs
FNDA:0,(anonymous_58)
FNDA:0,strictIndexOf
FNDA:0,strictLastIndexOf
FNDA:0,stringSize
FNDA:0,stringToArray
FNDA:0,unicodeSize
FNDA:0,unicodeToArray
FNDA:0,unicodeWords
FNDA:4,runInContext
FNDA:4,(anonymous_67)
FNDA:4,(anonymous_68)
FNDA:0,lodash
FNDA:4,(anonymous_70)
FNDA:0,object
FNDA:8,(anonymous_72)
FNDA:0,baseLodash
FNDA:0,LodashWrapper
FNDA:0,LazyWrapper
FNDA:0,lazyClone
FNDA:0,lazyReverse
FNDA:0,lazyValue
FNDA:8,Hash
FNDA:8,hashClear
FNDA:0,hashDelete
FNDA:0,hashGet
FNDA:0,hashHas
FNDA:0,hashSet
FNDA:0,ListCache
FNDA:0,listCacheClear
FNDA:0,listCacheDelete
FNDA:0,listCacheGet
FNDA:0,listCacheHas
FNDA:0,listCacheSet
FNDA:4,MapCache
FNDA:4,mapCacheClear
FNDA:0,mapCacheDelete
FNDA:0,mapCacheGet
FNDA:0,mapCacheHas
FNDA:0,mapCacheSet
FNDA:0,SetCache
FNDA:0,setCacheAdd
FNDA:0,setCacheHas
FNDA:0,Stack
FNDA:0,stackClear
FNDA:0,stackDelete
FNDA:0,stackGet
FNDA:0,stackHas
FNDA:0,stackSet
FNDA:0,arrayLikeKeys
FNDA:0,arraySample
FNDA:0,arraySampleSize
FNDA:0,arrayShuffle
FNDA:0,assignInDefaults
FNDA:0,assignMergeValue
FNDA:0,assignValue
FNDA:0,assocIndexOf
FNDA:0,baseAggregator
FNDA:0,(anonymous_115)
FNDA:0,baseAssign
FNDA:0,baseAssignValue
FNDA:0,baseAt
FNDA:0,baseClamp
FNDA:0,baseClone
FNDA:0,(anonymous_121)
FNDA:0,baseConforms
FNDA:0,(anonymous_123)
[...]
BRDA:,1032,0,0
BRDA:,1032,1,0
BRDA:,1033,0,0
BRDA:,1033,1,0
BRDA:,1034,0,0
BRDA:,1034,1,0
BRDA:,1035,0,0
BRDA:,1035,1,12
BRDA:,1036,0,0
BRDA:,1036,1,12
BRDA:,1037,0,0
BRDA:,1037,1,0
BRDA:,1038,0,0
BRDA:,1038,1,0
BRDA:,1039,0,0
BRDA:,1039,1,0
BRDA:,1040,0,0
BRDA:,1040,1,0
BRDA:,1041,0,0
BRDA:,1041,1,0
BRDA:,1042,0,0
BRDA:,1042,1,0
BRDA:,1043,0,0
BRDA:,1043,1,0
BRDA:,1044,0,0
BRDA:,1044,1,0
BRDA:,1045,0,0
BRDA:,1045,1,0
BRDA:,1046,0,0
BRDA:,1046,1,0
BRDA:,1047,0,0
BRDA:,1047,1,0
BRDA:,1048,0,0
BRDA:,1048,1,0
BRDA:,1049,0,0
BRDA:,1049,1,0
BRDA:,1050,0,0
BRDA:,1050,1,0
BRDA:,1050,2,0
BRDA:,1051,0,0
BRDA:,1051,1,0
BRDA:,1051,2,0
BRDA:,1052,0,0
BRDA:,1052,1,0
BRDA:,1053,0,0
BRDA:,1053,1,0
BRDA:,1054,0,0
BRDA:,1054,1,0
BRDA:,1055,0,0
BRDA:,1055,1,0
BRDA:,1056,0,0
BRDA:,1056,1,0
BRDA:,1057,0,0
BRDA:,1057,1,0
BRDA:,1058,0,0
BRDA:,1058,1,0
BRDA:,1059,0,0
BRDA:,1059,1,0
BRDA:,1060,0,0
BRDA:,1060,1,0
BRDA:,1061,0,0
BRDA:,1061,1,0
BRDA:,1062,0,0
BRDA:,1062,1,0
BRDA:,1062,2,0
BRDA:,1063,0,0
BRDA:,1063,1,0
BRDA:,1064,0,0
BRDA:,1064,1,0
BRDA:,1065,0,0
BRDA:,1065,1,0
BRDA:,1066,0,0
BRDA:,1066,1,0
BRDA:,1067,0,0
BRDA:,1067,1,0
BRDA:,1068,0,0
BRDA:,1068,1,0
BRDA:,1069,0,0
BRDA:,1069,1,0
BRDA:,1070,0,0
BRDA:,1070,1,0
BRDA:,1071,0,0
BRDA:,1071,1,0
BRDA:,1072,0,0
BRDA:,1072,1,0
BRDA:,1073,0,0
BRDA:,1073,1,0
BRDA:,1074,0,0
BRDA:,1074,1,0
BRDA:,1075,0,0
BRDA:,1075,1,0
BRDA:,1076,0,0
BRDA:,1076,1,0
BRDA:,1077,0,0
BRDA:,1077,1,0
BRDA:,1078,0,0
BRDA:,1078,1,0
BRDA:,1079,0,0
BRDA:,1079,1,0
BRDA:,1080,0,0
BRDA:,1080,1,0
BRDA:,1081,0,0
BRDA:,1081,1,0
BRDA:,1082,0,0
BRDA:,1082,1,0
BRDA:,1083,0,0
BRDA:,1083,1,0
BRDA:,1084,0,0
BRDA:,1084,1,0
BRDA:,1085,0,0
BRDA:,1085,1,0
BRDA:,1086,0,0
BRDA:,1086,1,0
BRDA:,1087,0,0
BRDA:,1087,1,0
BRDA:,1088,0,0
BRDA:,1088,1,0
BRDA:,1089,0,0
BRDA:,1089,1,0
BRDA:,1090,0,0
BRDA:,1090,1,0
BRDA:,1091,0,0
BRDA:,1091,1,0
BRDA:,1092,0,0
BRDA:,1092,1,0
BRDA:,1093,0,0
BRDA:,1093,1,0
BRDA:,1094,0,0
BRDA:,1094,1,0
BRDA:,1095,0,0
BRDA:,1095,1,0
BRDA:,1096,0,0
BRDA:,1096,1,0
BRDA:,1097,0,0
BRDA:,1097,1,0
BRDA:,1098,0,0
BRDA:,1098,1,0
BRDA:,1099,0,0
BRDA:,1099,1,0
BRDA:,1100,0,0
BRDA:,1100,1,0
BRDA:,1100,2,0
BRDA:,1100,3,0
BRDA:,1100,4,0
BRDA:,1101,0,0
BRDA:,1101,1,0
BRDA:,1101,2,0
BRDA:,1101,3,0
BRDA:,1101,4,0
BRDA:,1102,0,0
BRDA:,1102,1,0
BRDA:,1103,0,0
BRDA:,1103,1,0
BRDA:,1104,0,0
BRDA:,1104,1,0
BRDA:,1105,0,0
BRDA:,1105,1,0
BRDA:,1106,0,0
BRDA:,1106,1,0
BRDA:,1107,0,0
BRDA:,1107,1,0
BRDA:,1108,0,0
BRDA:,1108,1,0
BRDA:,1109,0,0
BRDA:,1109,1,0
BRDA:,1110,0,0
BRDA:,1110,1,0
BRDA:,1111,0,0
BRDA:,1111,1,0
BRDA:,1112,0,0
BRDA:,1112,1,0
BRDA:,1113,0,0
BRDA:,1113,1,0
BRDA:,1114,0,0
BRDA:,1114,1,0
BRDA:,1115,0,0
BRDA:,1115,1,0
BRDA:,1116,0,0
BRDA:,1116,1,0
BRDA:,1117,0,0
BRDA:,1117,1,0
BRDA:,1118,0,0
BRDA:,1118,1,0
BRDA:,1119,0,0
BRDA:,1119,1,0
BRDA:,1120,0,0
BRDA:,1120,1,0
BRDA:,1121,0,0
BRDA:,1121,1,0
BRDA:,1122,0,0
BRDA:,1122,1,0
BRDA:,1123,0,0
BRDA:,1123,1,0
BRDA:,1123,2,0
BRDA:,1124,0,0
BRDA:,1124,1,0
BRDA:,1125,0,0
BRDA:,1125,1,0
BRDA:,1125,2,0
BRDA:,1126,0,0
BRDA:,1126,1,0
BRDA:,1127,0,0
BRDA:,1127,1,0
BRDA:,1128,0,0
BRDA:,1128,1,0
BRDA:,1129,0,0
BRDA:,1129,1,0
BRDA:,1130,0,0
BRDA:,1130,1,0
BRDA:,1131,0,0
BRDA:,1131,1,0
BRDA:,1132,0,0
BRDA:,1132,1,0
BRDA:,1133,0,0
BRDA:,1133,1,0
BRDA:,1134,0,0
BRDA:,1134,1,0
BRDA:,1135,0,0
BRDA:,1135,1,0
BRDA:,1136,0,0
BRDA:,1136,1,0
BRDA:,1137,0,0
BRDA:,1137,1,0
BRDA:,1138,0,0
BRDA:,1138,1,0
BRDA:,1139,0,0
BRDA:,1139,1,0
BRDA:,1140,0,0
BRDA:,1140,1,0
BRDA:,1141,0,0
BRDA:,1141,1,0
BRDA:,1142,0,0
BRDA:,1142,1,0
BRDA:,1143,0,0
BRDA:,1143,1,0
BRDA:,1144,0,0
BRDA:,1144,1,0
BRDA:,1145,0,0
BRDA:,1145,1,0
BRDA:,1146,0,0
BRDA:,1146,1,0
BRDA:,1147,0,0
BRDA:,1147,1,0
BRDA:,1148,0,0
BRDA:,1148,1,0
BRDA:,1149,0,0
BRDA:,1149,1,0
BRDA:,1150,0,0
BRDA:,1150,1,0
BRDA:,1150,2,0
BRDA:,1151,0,0
BRDA:,1151,1,0
BRDA:,1152,0,0
BRDA:,1152,1,0
BRDA:,1153,0,0
BRDA:,1153,1,0
BRDA:,1154,0,0
BRDA:,1154,1,0
BRDA:,1155,0,0
BRDA:,1155,1,0
BRDA:,1156,0,0
BRDA:,1156,1,0
BRDA:,1157,0,0
BRDA:,1157,1,0
BRDA:,1158,0,0
BRDA:,1158,1,0
BRDA:,1159,0,0
BRDA:,1159,1,0
BRDA:,1159,2,0
BRDA:,1160,0,0
BRDA:,1160,1,0
BRDA:,1161,0,0
BRDA:,1161,1,0
BRDA:,1161,2,0
BRDA:,1162,0,0
BRDA:,1162,1,0
BRDA:,1163,0,0
BRDA:,1163,1,0
BRDA:,1164,0,0
BRDA:,1164,1,0
BRDA:,1164,2,0
BRDA:,1165,0,0
BRDA:,1165,1,0
BRDA:,1166,0,0
BRDA:,1166,1,0
BRDA:,1167,0,0
BRDA:,1167,1,0
BRDA:,1168,0,0
BRDA:,1168,1,0
BRDA:,1169,0,0
BRDA:,1169,1,0
BRDA:,1170,0,64
BRDA:,1170,1,64
BRDA:,1171,0,0
BRDA:,1171,1,0
BRDA:,1172,0,0
BRDA:,1172,1,0
BRDA:,1173,0,0
BRDA:,1173,1,0
BRDA:,1174,0,0
BRDA:,1174,1,0
BRDA:,1175,0,0
BRDA:,1175,1,0
BRDA:,1175,2,0
BRDA:,1176,0,0
BRDA:,1176,1,0
BRDA:,1177,0,0
BRDA:,1177,1,0
BRDA:,1178,0,0
BRDA:,1178,1,0
BRDA:,1179,0,0
BRDA:,1179,1,0
BRDA:,1180,0,0
BRDA:,1180,1,0
BRDA:,1181,0,0
BRDA:,1181,1,0
BRDA:,1181,2,0
BRDA:,1182,0,0
BRDA:,1182,1,0
BRDA:,1183,0,0
BRDA:,1183,1,0
BRDA:,1183,2,0
BRDA:,1184,0,0
BRDA:,1184,1,0
BRDA:,1185,0,0
BRDA:,1185,1,0
BRDA:,1186,0,0
BRDA:,1186,1,0
BRDA:,1186,2,0
BRDA:,1187,0,0
BRDA:,1187,1,4
BRDA:,1188,0,0
BRDA:,1188,1,0
BRDA:,1189,0,0
BRDA:,1189,1,0
BRDA:,1190,0,0
BRDA:,1190,1,0
BRDA:,1191,0,0
BRDA:,1191,1,0
BRDA:,1192,0,0
BRDA:,1192,1,0
BRDA:,1193,0,0
BRDA:,1193,1,0
BRDA:,1193,2,0
BRDA:,1194,0,0
BRDA:,1194,1,0
BRDA:,1195,0,0
BRDA:,1195,1,0
BRDA:,1196,0,0
BRDA:,1196,1,0
BRDA:,1197,0,0
BRDA:,1197,1,0
BRDA:,1198,0,0
BRDA:,1198,1,0
BRDA:,1199,0,0
BRDA:,1199,1,0
BRDA:,1200,0,0
BRDA:,1200,1,0
BRDA:,1201,0,0
BRDA:,1201,1,0
BRDA:,1202,0,0
BRDA:,1202,1,0
BRDA:,1203,0,0
BRDA:,1203,1,0
BRDA:,1204,0,0
BRDA:,1204,1,0
BRDA:,1205,0,0
BRDA:,1205,1,0
BRDA:,1206,0,0
BRDA:,1206,1,0
BRDA:,1207,0,0
BRDA:,1207,1,0
BRDA:,1208,0,0
BRDA:,1208,1,0
BRDA:,1209,0,0
BRDA:,1209,1,0
BRDA:,1210,0,0
BRDA:,1210,1,0
BRDA:,1211,0,0
BRDA:,1211,1,0
BRDA:,1212,0,0
BRDA:,1212,1,0
BRDA:,1213,0,0
BRDA:,1213,1,0
BRDA:,1214,0,0
BRDA:,1214,1,0
BRDA:,1215,0,0
BRDA:,1215,1,0
BRDA:,1216,0,0
BRDA:,1216,1,0
BRDA:,1217,0,0
BRDA:,1217,1,0
BRDA:,1218,0,0
BRDA:,1218,1,0
BRDA:,1219,0,0
BRDA:,1219,1,0
BRDA:,1220,0,0
BRDA:,1220,1,0
BRDA:,1221,0,0
BRDA:,1221,1,0
BRDA:,1222,0,0
BRDA:,1222,1,0
BRDA:,1223,0,0
BRDA:,1223,1,0
BRDA:,1224,0,0
BRDA:,1224,1,0
BRDA:,1225,0,0
BRDA:,1225,1,0
BRDA:,1226,0,0
BRDA:,1226,1,0
BRDA:,1227,0,0
BRDA:,1227,1,0
BRDA:,1228,0,0
BRDA:,1228,1,0
BRDA:,1229,0,0
BRDA:,1229,1,0
BRDA:,1230,0,0
BRDA:,1230,1,0
BRDA:,1230,2,0
BRDA:,1231,0,0
BRDA:,1231,1,0
BRDA:,1232,0,0
BRDA:,1232,1,0
BRDA:,1233,0,0
BRDA:,1233,1,0
BRDA:,1234,0,0
BRDA:,1234,1,0
BRDA:,1235,0,0
BRDA:,1235,1,0
BRDA:,1236,0,0
BRDA:,1236,1,0
BRDA:,1237,0,0
BRDA:,1237,1,0
BRDA:,1238,0,0
BRDA:,1238,1,0
BRDA:,1239,0,0
BRDA:,1239,1,0
BRDA:,1240,0,0
BRDA:,1240,1,0
BRDA:,1241,0,0
BRDA:,1241,1,0
BRDA:,1241,2,0
BRDA:,1242,0,0
BRDA:,1242,1,0
BRDA:,1243,0,0
BRDA:,1243,1,0
BRDA:,1244,0,0
BRDA:,1244,1,0
BRDA:,1245,0,0
BRDA:,1245,1,0
BRDA:,1246,0,0
BRDA:,1246,1,0
BRDA:,1247,0,0
BRDA:,1247,1,0
BRDA:,1248,0,0
BRDA:,1248,1,0
BRDA:,1248,2,0
BRDA:,1248,3,0
BRDA:,1248,4,0
BRDA:,1249,0,0
BRDA:,1249,1,0
BRDA:,1250,0,0
BRDA:,1250,1,0
BRDA:,1251,0,0
BRDA:,1251,1,0
BRDA:,1252,0,0
BRDA:,1252,1,0
BRDA:,1253,0,0
BRDA:,1253,1,8
BRDA:,1254,0,0
BRDA:,1254,1,0
BRDA:,1255,0,0
BRDA:,1255,1,0
BRDA:,1256,0,0
BRDA:,1256,1,0
BRDA:,1257,0,0
BRDA:,1257,1,0
BRDA:,1258,0,0
BRDA:,1258,1,0
BRDA:,1259,0,0
BRDA:,1259,1,0
BRDA:,1260,0,0
BRDA:,1260,1,0
BRDA:,1261,0,0
BRDA:,1261,1,0
BRDA:,1262,0,0
BRDA:,1262,1,0
BRDA:,1263,0,0
BRDA:,1263,1,0
BRDA:,1264,0,0
BRDA:,1264,1,0
BRDA:,1265,0,0
BRDA:,1265,1,0
BRDA:,1266,0,0
BRDA:,1266,1,0
BRDA:,1267,0,0
BRDA:,1267,1,0
BRDA:,1268,0,0
BRDA:,1268,1,0
BRDA:,1269,0,0
BRDA:,1269,1,0
BRDA:,1270,0,0
BRDA:,1270,1,0
BRDA:,1271,0,0
BRDA:,1271,1,0
BRDA:,1272,0,0
BRDA:,1272,1,0
BRDA:,1272,2,0
BRDA:,1273,0,0
BRDA:,1273,1,0
BRDA:,1274,0,0
BRDA:,1274,1,0
BRDA:,1274,2,0
BRDA:,1275,0,0
BRDA:,1275,1,0
BRDA:,1276,0,0
BRDA:,1276,1,0
BRDA:,1277,0,0
BRDA:,1277,1,0
BRDA:,1278,0,0
BRDA:,1278,1,0
BRDA:,1279,0,0
BRDA:,1279,1,0
BRDA:,1279,2,0
BRDA:,1280,0,0
BRDA:,1280,1,0
BRDA:,1281,0,0
BRDA:,1281,1,0
BRDA:,1282,0,0
BRDA:,1282,1,0
BRDA:,1283,0,0
BRDA:,1283,1,0
BRDA:,1284,0,0
BRDA:,1284,1,0
BRDA:,1285,0,0
BRDA:,1285,1,0
BRDA:,1286,0,0
BRDA:,1286,1,0
BRDA:,1287,0,0
BRDA:,1287,1,0
BRDA:,1288,0,0
BRDA:,1288,1,0
BRDA:,1288,2,0
BRDA:,1289,0,0
BRDA:,1289,1,0
BRDA:,1290,0,0
BRDA:,1290,1,0
BRDA:,1291,0,0
BRDA:,1291,1,0
BRDA:,1292,0,0
BRDA:,1292,1,0
BRDA:,1293,0,0
BRDA:,1293,1,0
BRDA:,1293,2,0
BRDA:,1294,0,0
BRDA:,1294,1,0
BRDA:,1295,0,0
BRDA:,1295,1,0
BRDA:,1295,2,0
BRDA:,1296,0,0
BRDA:,1296,1,0
BRDA:,1297,0,0
BRDA:,1297,1,0
BRDA:,1298,0,0
BRDA:,1298,1,0
BRDA:,1299,0,0
BRDA:,1299,1,0
BRDA:,1300,0,0
BRDA:,1300,1,0
BRDA:,1301,0,4
BRDA:,1301,1,0
BRDA:,1302,0,0
BRDA:,1302,1,0
BRDA:,1303,0,0
BRDA:,1303,1,0
BRDA:,1304,0,0
BRDA:,1304,1,0
BRDA:,1305,0,0
BRDA:,1305,1,0
BRDA:,1306,0,0
BRDA:,1306,1,0
BRDA:,1307,0,0
BRDA:,1307,1,0
BRDA:,1308,0,0
BRDA:,1308,1,0
BRDA:,1309,0,0
BRDA:,1309,1,0
BRDA:,1310,0,0
BRDA:,1310,1,0
BRDA:,1311,0,0
BRDA:,1311,1,0
BRDA:,1312,0,0
BRDA:,1312,1,0
BRDA:,1313,0,0
BRDA:,1313,1,0
BRDA:,1314,0,0
BRDA:,1314,1,0
BRDA:,1315,0,0
BRDA:,1315,1,0
BRDA:,1316,0,0
BRDA:,1316,1,0
BRDA:,1317,0,0
BRDA:,1317,1,0
BRDA:,1318,0,0
BRDA:,1318,1,0
BRDA:,1319,0,0
BRDA:,1319,1,0
BRDA:,1320,0,0
BRDA:,1320,1,0
BRDA:,1321,0,0
BRDA:,1321,1,0
BRDA:,1321,2,0
BRDA:,1322,0,0
BRDA:,1322,1,0
BRDA:,1323,0,0
BRDA:,1323,1,0
BRDA:,1323,2,0
BRDA:,1323,3,0
BRDA:,1323,4,0
BRDA:,1323,5,0
BRDA:,1324,0,0
BRDA:,1324,1,0
BRDA:,1325,0,0
BRDA:,1325,1,0
BRDA:,1326,0,8
BRDA:,1326,1,12
BRDA:,1327,0,20
BRDA:,1327,1,0
BRDA:,1328,0,20
BRDA:,1328,1,0
BRDA:,1329,0,0
BRDA:,1329,1,24
BRDA:,1330,0,0
BRDA:,1330,1,0
BRDA:,1331,0,0
BRDA:,1331,1,0
BRDA:,1332,0,24
BRDA:,1332,1,24
BRDA:,1333,0,0
BRDA:,1333,1,0
BRDA:,1334,0,0
BRDA:,1334,1,0
BRDA:,1335,0,0
BRDA:,1335,1,0
BRDA:,1335,2,0
BRDA:,1336,0,0
BRDA:,1336,1,0
BRDA:,1337,0,0
BRDA:,1337,1,0
BRDA:,1337,2,0
BRDA:,1338,0,8
BRDA:,1338,1,0
BRDA:,1339,0,20
BRDA:,1339,1,0
BRDA:,1340,0,0
BRDA:,1340,1,20
BRDA:,1341,0,20
BRDA:,1341,1,8
BRDA:,1342,0,8
BRDA:,1342,1,0
BRDA:,1343,0,0
BRDA:,1343,1,0
BRDA:,1344,0,0
BRDA:,1344,1,0
BRDA:,1345,0,0
BRDA:,1345,1,0
BRDA:,1346,0,0
BRDA:,1346,1,0
BRDA:,1347,0,0
BRDA:,1347,1,0
BRDA:,1348,0,0
BRDA:,1348,1,0
BRDA:,1349,0,0
BRDA:,1349,1,0
BRDA:,1350,0,0
BRDA:,1350,1,0
BRDA:,1351,0,0
BRDA:,1351,1,0
BRDA:,1352,0,0
BRDA:,1352,1,0
BRDA:,1353,0,0
BRDA:,1353,1,0
BRDA:,1354,0,0
BRDA:,1354,1,0
BRDA:,1355,0,0
BRDA:,1355,1,0
BRDA:,1356,0,0
BRDA:,1356,1,0
BRDA:,1357,0,0
BRDA:,1357,1,0
BRDA:,1358,0,0
BRDA:,1358,1,0
BRDA:,1358,2,0
BRDA:,1359,0,0
BRDA:,1359,1,0
BRDA:,1360,0,0
BRDA:,1360,1,0
BRDA:,1361,0,0
BRDA:,1361,1,0
BRDA:,1362,0,0
BRDA:,1362,1,0
BRDA:,1363,0,0
BRDA:,1363,1,0
BRDA:,1364,0,0
BRDA:,1364,1,0
BRDA:,1365,0,0
BRDA:,1365,1,0
BRDA:,1366,0,0
BRDA:,1366,1,0
BRDA:,1367,0,0
BRDA:,1367,1,0
BRDA:,1368,0,0
BRDA:,1368,1,0
BRDA:,1369,0,0
BRDA:,1369,1,0
BRDA:,1370,0,0
BRDA:,1370,1,0
BRDA:,1371,0,0
BRDA:,1371,1,0
BRDA:,1372,0,0
BRDA:,1372,1,0
BRDA:,1373,0,0
BRDA:,1373,1,0
BRDA:,1374,0,0
BRDA:,1374,1,8
BRDA:,1375,0,0
BRDA:,1375,1,0
BRDA:,1376,0,0
BRDA:,1376,1,0
BRDA:,1377,0,0
BRDA:,1377,1,0
BRDA:,1378,0,0
BRDA:,1378,1,0
BRDA:,1379,0,0
BRDA:,1379,1,0
BRDA:,1379,2,0
BRDA:,1380,0,0
BRDA:,1380,1,0
BRDA:,1381,0,0
BRDA:,1381,1,0
BRDA:,1382,0,0
BRDA:,1382,1,0
BRDA:,1383,0,0
BRDA:,1383,1,0
BRDA:,1384,0,0
BRDA:,1384,1,0
BRDA:,1385,0,0
BRDA:,1385,1,0
BRDA:,1386,0,0
BRDA:,1386,1,0
BRDA:,1387,0,0
BRDA:,1387,1,0
BRDA:,1388,0,0
BRDA:,1388,1,0
BRDA:,1389,0,0
BRDA:,1389,1,0
BRDA:,1390,0,0
BRDA:,1390,1,0
BRDA:,1391,0,0
BRDA:,1391,1,0
BRDA:,1392,0,0
BRDA:,1392,1,0
BRDA:,1392,2,0
BRDA:,1393,0,0
BRDA:,1393,1,0
BRDA:,1393,2,0
BRDA:,1393,3,0
BRDA:,1394,0,0
BRDA:,1394,1,0
BRDA:,1395,0,0
BRDA:,1395,1,0
BRDA:,1396,0,0
BRDA:,1396,1,0
BRDA:,1397,0,0
BRDA:,1397,1,0
BRDA:,1398,0,0
BRDA:,1398,1,0
BRDA:,1398,2,0
BRDA:,1399,0,0
BRDA:,1399,1,0
BRDA:,1400,0,0
BRDA:,1400,1,0
BRDA:,1401,0,0
BRDA:,1401,1,0
BRDA:,1402,0,0
BRDA:,1402,1,0
BRDA:,1403,0,0
BRDA:,1403,1,0
BRDA:,1404,0,0
BRDA:,1404,1,0
BRDA:,1405,0,0
BRDA:,1405,1,0
BRDA:,1406,0,0
BRDA:,1406,1,0
BRDA:,1407,0,0
BRDA:,1407,1,0
BRDA:,1408,0,0
BRDA:,1408,1,0
BRDA:,1409,0,0
BRDA:,1409,1,0
BRDA:,1409,2,0
BRDA:,1410,0,0
BRDA:,1410,1,0
BRDA:,1411,0,0
BRDA:,1411,1,0
BRDA:,1412,0,0
BRDA:,1412,1,0
BRDA:,1413,0,0
BRDA:,1413,1,0
BRDA:,1414,0,0
BRDA:,1414,1,0
BRDA:,1415,0,0
BRDA:,1415,1,0
BRDA:,1415,2,0
BRDA:,1415,3,0
BRDA:,1416,0,0
BRDA:,1416,1,0
BRDA:,1417,0,0
BRDA:,1417,1,0
BRDA:,1418,0,0
BRDA:,1418,1,0
BRDA:,1419,0,0
BRDA:,1419,1,0
BRDA:,1420,0,0
BRDA:,1420,1,0
BRDA:,1420,2,0
BRDA:,1421,0,0
BRDA:,1421,1,0
BRDA:,1422,0,0
BRDA:,1422,1,0
BRDA:,1423,0,0
BRDA:,1423,1,0
BRDA:,1424,0,0
BRDA:,1424,1,0
BRDA:,1425,0,0
BRDA:,1425,1,0
BRDA:,1426,0,0
BRDA:,1426,1,0
BRDA:,1427,0,0
BRDA:,1427,1,0
BRDA:,1428,0,0
BRDA:,1428,1,0
BRDA:,1429,0,0
BRDA:,1429,1,0
BRDA:,1430,0,0
BRDA:,1430,1,0
BRDA:,1431,0,0
BRDA:,1431,1,0
BRDA:,1431,2,0
BRDA:,1432,0,0
BRDA:,1432,1,0
BRDA:,1433,0,0
BRDA:,1433,1,0
BRDA:,1434,0,0
BRDA:,1434,1,0
BRDA:,1435,0,0
BRDA:,1435,1,0
BRDA:,1436,0,0
BRDA:,1436,1,0
BRDA:,1437,0,0
BRDA:,1437,1,0
BRDA:,1438,0,0
BRDA:,1438,1,0
BRDA:,1439,0,0
BRDA:,1439,1,0
BRDA:,1440,0,0
BRDA:,1440,1,0
BRDA:,1441,0,0
BRDA:,1441,1,0
BRDA:,1442,0,0
BRDA:,1442,1,0
BRDA:,1443,0,0
BRDA:,1443,1,0
BRDA:,1444,0,0
BRDA:,1444,1,0
BRDA:,1445,0,0
BRDA:,1445,1,0
BRDA:,1446,0,0
BRDA:,1446,1,0
BRDA:,1447,0,0
BRDA:,1447,1,0
BRDA:,1448,0,0
BRDA:,1448,1,0
BRDA:,1449,0,0
BRDA:,1449,1,0
BRDA:,1450,0,0
BRDA:,1450,1,0
BRDA:,1451,0,0
BRDA:,1451,1,0
BRDA:,1452,0,0
BRDA:,1452,1,0
BRDA:,1453,0,0
BRDA:,1453,1,0
BRDA:,1454,0,0
BRDA:,1454,1,0
BRDA:,1455,0,0
BRDA:,1455,1,0
BRDA:,1456,0,0
BRDA:,1456,1,0
BRDA:,1457,0,0
BRDA:,1457,1,0
BRDA:,1458,0,0
BRDA:,1458,1,0
BRDA:,1459,0,0
BRDA:,1459,1,0
BRDA:,1459,2,0
BRDA:,1460,0,4
BRDA:,1460,1,4
BRDA:,1461,0,0
BRDA:,1461,1,0
BRDA:,1462,0,0
BRDA:,1462,1,0
BRDA:,1462,2,0
BRDA:,1463,0,0
BRDA:,1463,1,0
BRDA:,1464,0,0
BRDA:,1464,1,0
BRDA:,1465,0,0
BRDA:,1465,1,0
BRDA:,1466,0,0
BRDA:,1466,1,0
BRDA:,1467,0,0
BRDA:,1467,1,0
BRDA:,1468,0,0
BRDA:,1468,1,0
BRDA:,1469,0,0
BRDA:,1469,1,0
BRDA:,1470,0,0
BRDA:,1470,1,0
BRDA:,1471,0,0
BRDA:,1471,1,0
BRDA:,1472,0,0
BRDA:,1472,1,0
BRDA:,1473,0,0
BRDA:,1473,1,0
BRDA:,1474,0,0
BRDA:,1474,1,0
BRDA:,1475,0,0
BRDA:,1475,1,0
BRDA:,1476,0,0
BRDA:,1476,1,0
BRDA:,1477,0,0
BRDA:,1477,1,0
BRDA:,1478,0,0
BRDA:,1478,1,0
BRDA:,1479,0,0
BRDA:,1479,1,0
BRDA:,1479,2,0
BRDA:,1480,0,0
BRDA:,1480,1,0
BRDA:,1481,0,0
BRDA:,1481,1,0
BRDA:,1482,0,0
BRDA:,1482,1,0
BRDA:,1483,0,0
BRDA:,1483,1,0
BRDA:,1484,0,0
BRDA:,1484,1,0
BRDA:,1485,0,0
BRDA:,1485,1,0
BRDA:,1486,0,0
BRDA:,1486,1,0
BRDA:,1487,0,0
BRDA:,1487,1,0
BRDA:,1488,0,0
BRDA:,1488,1,0
BRDA:,1489,0,0
BRDA:,1489,1,0
BRDA:,1490,0,0
BRDA:,1490,1,0
BRDA:,1491,0,0
BRDA:,1491,1,0
BRDA:,1492,0,0
BRDA:,1492,1,0
BRDA:,1492,2,0
BRDA:,1492,3,0
BRDA:,1493,0,0
BRDA:,1493,1,0
BRDA:,1494,0,0
BRDA:,1494,1,0
BRDA:,1495,0,0
BRDA:,1495,1,0
BRDA:,1496,0,0
BRDA:,1496,1,0
BRDA:,1497,0,0
BRDA:,1497,1,0
BRDA:,1498,0,0
BRDA:,1498,1,0
BRDA:,1499,0,0
BRDA:,1499,1,0
BRDA:,1500,0,0
BRDA:,1500,1,0
BRDA:,1501,0,0
BRDA:,1501,1,0
BRDA:,1502,0,0
BRDA:,1502,1,0
BRDA:,1503,0,0
BRDA:,1503,1,0
BRDA:,1504,0,0
BRDA:,1504,1,0
BRDA:,1505,0,0
BRDA:,1505,1,0
BRDA:,1506,0,0
BRDA:,1506,1,0
BRDA:,1507,0,0
BRDA:,1507,1,0
BRDA:,1508,0,0
BRDA:,1508,1,0
BRDA:,1509,0,0
BRDA:,1509,1,0
BRDA:,1510,0,0
BRDA:,1510,1,0
BRDA:,1511,0,0
BRDA:,1511,1,0
BRDA:,1512,0,0
BRDA:,1512,1,0
BRDA:,1513,0,0
BRDA:,1513,1,0
BRDA:,1514,0,0
BRDA:,1514,1,0
BRDA:,1515,0,0
BRDA:,1515,1,0
BRDA:,1516,0,0
BRDA:,1516,1,0
BRDA:,1517,0,0
BRDA:,1517,1,0
BRDA:,1518,0,0
BRDA:,1518,1,0
BRDA:,1519,0,0
BRDA:,1519,1,0
BRDA:,1520,0,0
BRDA:,1520,1,0
BRDA:,1521,0,0
BRDA:,1521,1,0
BRDA:,1522,0,0
BRDA:,1522,1,0
BRDA:,1523,0,0
BRDA:,1523,1,0
BRDA:,1524,0,0
BRDA:,1524,1,0
BRDA:,1525,0,0
BRDA:,1525,1,0
BRDA:,1525,2,0
BRDA:,1526,0,0
BRDA:,1526,1,0
BRDA:,1527,0,0
BRDA:,1527,1,0
BRDA:,1528,0,0
BRDA:,1528,1,0
BRDA:,1529,0,0
BRDA:,1529,1,0
BRDA:,1530,0,0
BRDA:,1530,1,0
BRDA:,1531,0,0
BRDA:,1531,1,0
BRDA:,1532,0,0
BRDA:,1532,1,0
BRDA:,1533,0,0
BRDA:,1533,1,0
BRDA:,1534,0,0
BRDA:,1534,1,0
BRDA:,1535,0,0
BRDA:,1535,1,0
BRDA:,1536,0,0
BRDA:,1536,1,0
BRDA:,1537,0,0
BRDA:,1537,1,0
BRDA:,1538,0,0
BRDA:,1538,1,0
BRDA:,1539,0,0
BRDA:,1539,1,0
BRDA:,1540,0,0
BRDA:,1540,1,0
BRDA:,1541,0,0
BRDA:,1541,1,0
BRDA:,1542,0,0
BRDA:,1542,1,0
BRDA:,1543,0,0
BRDA:,1543,1,0
BRDA:,1544,0,0
BRDA:,1544,1,0
BRDA:,1545,0,0
BRDA:,1545,1,0
BRDA:,1546,0,0
BRDA:,1546,1,0
BRDA:,1547,0,0
BRDA:,1547,1,0
BRDA:,1548,0,0
BRDA:,1548,1,0
BRDA:,1549,0,0
BRDA:,1549,1,0
BRDA:,1550,0,0
BRDA:,1550,1,0
BRDA:,1551,0,0
BRDA:,1551,1,0
BRDA:,1551,2,0
BRDA:,1552,0,0
BRDA:,1552,1,0
BRDA:,1553,0,0
BRDA:,1553,1,0
BRDA:,1554,0,0
BRDA:,1554,1,0
BRDA:,1555,0,0
BRDA:,1555,1,0
BRDA:,1556,0,0
BRDA:,1556,1,0
BRDA:,1557,0,0
BRDA:,1557,1,0
BRDA:,1558,0,0
BRDA:,1558,1,0
BRDA:,1559,0,0
BRDA:,1559,1,0
BRDA:,1560,0,0
BRDA:,1560,1,0
BRDA:,1561,0,0
BRDA:,1561,1,0
BRDA:,1562,0,4
BRDA:,1562,1,0
BRDA:,1563,0,4
BRDA:,1563,1,4
BRDA:,1564,0,0
BRDA:,1564,1,0
BRDA:,1565,0,0
BRDA:,1565,1,0
BRDA:,1566,0,0
BRDA:,1566,1,0
BRDA:,1567,0,0
BRDA:,1567,1,4
BRF:3332
BRH:258
end_of_record
TN:
SF:/Users/nekqy/WebstormProjects/rb-nekqy/tests/gotoscreen.spec.js
FN:,(anonymous_0)
FN:,initEach
FN:,create
FN:,init
FN:,init1
FN:,goToScreen
FN:,(anonymous_6)
FNF:7
FNH:7
FNDA:1,(anonymous_0)
FNDA:4,initEach
FNDA:40,create
FNDA:4,init
FNDA:4,init1
FNDA:16,goToScreen
FNDA:16,(anonymous_6)
DA:1,1
DA:5,1
DA:6,1
DA:7,1
DA:10,4
DA:13,40
DA:14,40
DA:15,40
DA:18,4
DA:19,4
DA:20,40
DA:22,4
DA:24,4
DA:27,4
DA:28,4
DA:35,4
DA:36,32
DA:39,4
DA:40,4
DA:41,4
DA:42,2
DA:45,4
DA:49,16
DA:50,16
DA:54,1
DA:55,1
DA:61,1
DA:65,1
DA:66,1
DA:73,1
DA:77,1
DA:78,1
DA:84,1
DA:88,1
DA:89,1
DA:97,1
LF:36
LH:36
BRDA:,0,0,2
BRDA:,0,1,2
BRF:2
BRH:2
end_of_record
TN:
SF:/Users/nekqy/WebstormProjects/rb-nekqy/tests/markup.spec.js
FN:,(anonymous_0)
FN:,initEach
FN:,init
FN:,init2
FN:,init3
FN:,(anonymous_5)
FN:,(anonymous_6)
FN:,(anonymous_7)
FNF:8
FNH:8
FNDA:1,(anonymous_0)
FNDA:13,initEach
FNDA:12,init
FNDA:8,init2
FNDA:4,init3
FNDA:4,(anonymous_5)
FNDA:4,(anonymous_6)
FNDA:4,(anonymous_7)
DA:1,1
DA:4,1
DA:8,1
DA:12,1
DA:16,1
DA:23,1
DA:27,1
DA:33,1
DA:37,1
DA:44,1
DA:47,1
DA:50,13
DA:52,13
DA:53,13
DA:54,13
DA:55,13
DA:56,13
DA:57,13
DA:58,13
DA:59,13
DA:60,13
DA:62,13
DA:65,12
DA:66,12
DA:73,8
DA:74,8
DA:77,4
DA:78,4
DA:81,1
DA:83,1
DA:84,1
DA:87,4
DA:88,4
DA:89,4
DA:90,4
DA:91,4
DA:94,1
DA:97,4
DA:98,4
DA:99,4
DA:100,4
DA:102,4
DA:105,1
DA:108,4
DA:109,4
DA:110,4
DA:111,4
DA:113,4
DA:117,1
LF:49
LH:49
BRDA:,0,0,1
BRDA:,0,1,3
BRDA:,1,0,1
BRDA:,1,1,3
BRDA:,2,0,1
BRDA:,2,1,3
BRDA:,3,0,1
BRDA:,3,1,3
BRDA:,4,0,1
BRDA:,4,1,3
BRDA:,5,0,1
BRDA:,5,1,3
BRDA:,6,0,1
BRDA:,6,1,3
BRDA:,7,0,1
BRDA:,7,1,3
BRDA:,8,0,1
BRDA:,8,1,3
BRDA:,9,0,1
BRDA:,9,1,3
BRDA:,10,0,1
BRDA:,10,1,3
BRDA:,11,0,1
BRDA:,11,1,3
BRF:24
BRH:24
end_of_record
TN:
SF:/Users/nekqy/WebstormProjects/rb-nekqy/tests/routing.spec.js
FN:,(anonymous_0)
FN:,initEach
FN:,init
FN:,init2
FN:,initEach3
FN:,init3
FNF:6
FNH:6
FNDA:1,(anonymous_0)
FNDA:10,initEach
FNDA:6,init
FNDA:4,init2
FNDA:12,initEach3
FNDA:12,init3
DA:1,1
DA:5,1
DA:6,1
DA:7,1
DA:8,1
DA:11,10
DA:13,10
DA:14,10
DA:15,10
DA:16,10
DA:17,10
DA:18,10
DA:19,10
DA:20,10
DA:21,10
DA:23,10
DA:26,6
DA:27,6
DA:29,6
DA:34,6
DA:35,0
DA:36,0
DA:37,0
DA:42,6
DA:43,6
DA:46,4
DA:47,4
DA:49,4
DA:50,4
DA:57,12
DA:59,12
DA:60,12
DA:61,12
DA:62,12
DA:63,12
DA:67,12
DA:71,12
DA:75,12
DA:79,12
DA:81,12
DA:84,12
DA:86,12
DA:91,12
DA:92,6
DA:93,6
DA:94,6
DA:99,12
DA:100,12
DA:103,1
DA:104,1
DA:130,1
DA:135,1
DA:143,1
DA:149,1
DA:155,1
DA:162,1
DA:164,1
DA:165,1
DA:169,1
DA:173,1
DA:177,1
DA:181,1
DA:183,1
DA:184,1
DA:210,1
DA:215,1
DA:223,1
DA:229,1
DA:235,1
DA:242,1
DA:244,1
DA:245,1
DA:271,1
DA:276,1
DA:284,1
DA:290,1
DA:296,1
DA:303,1
LF:78
LH:75
BRDA:,0,0,0
BRDA:,0,1,6
BRDA:,1,0,0
BRDA:,1,1,0
BRDA:,2,0,6
BRDA:,2,1,6
BRDA:,3,0,6
BRDA:,3,1,0
BRF:8
BRH:4
end_of_record
TN:
SF:/Users/nekqy/WebstormProjects/rb-nekqy/tests/screenOptions.spec.js
FNF:0
FNH:0
LF:0
LH:0
BRF:0
BRH:0
end_of_record
TN:
SF:/Users/nekqy/WebstormProjects/rb-nekqy/tests/someScreens.spec.js
FNF:0
FNH:0
LF:0
LH:0
BRF:0
BRH:0
end_of_record
